色々
様々
人々
方々
綺麗
我々
久々
少々
醤油
次々
味噌
勿論
蕎麦
数々
元々
贅沢
喧嘩
餃子
堂々
個々
早々
続々
云々
厨房
薔薇
等々
石鹸
梱包
誹謗
多々
中々
散々
此処
秘訣
同梱
麻痺
只今
捏造
山々
麻雀
急遽
口蹄
折々
口腔
復讐
刺繍
年々
菩薩
巫女
神々
牡蠣
広々
生姜
淡々
割烹
段々
肛門
惣菜
茶碗
稜線
茄子
界隈
無垢
躊躇
益々
喘息
驚愕
饅頭
排泄
種々
神輿
平坦
面々
近々
嗜好
瞑想
国々
代々
牽引
蛋白
些細
炸裂
蜘蛛
洒落
溜息
葡萄
所々
竣工
終焉
漏洩
卑怯
長々
骨董
莫大
嘔吐
所謂
剪定
分娩
祈祷
車輌
対峙
衣裳
後々
膀胱
囃子
椎茸
廃墟
啓蒙
執拗
諸々
着々
先々
迂回
嗚呼
痴呆
橋梁
脆弱
胡椒
花々
冤罪
佃煮
濾過
徘徊
傭兵
阿呆
楕円
焙煎
愛嬌
勿体
蔓延
絨毯
彗星
彷彿
満々
蘇生
翡翠
編纂
痙攣
黄昏
贔屓
山椒
新撰
唖然
瑕疵
湿疹
祭祀
斡旋
範疇
愕然
怒涛
城址
牽制
渾身
淘汰
呆然
同棲
清楚
螺旋
一揆
微塵
閃光
月々
細々
松茸
乖離
抜擢
揶揄
末裔
杜氏
牝馬
孵化
殺戮
伝播
殲滅
共々
玉葱
只中
天秤
甲冑
煉瓦
顆粒
悠々
投函
輪廻
常々
瀕死
大腿
柴犬
埠頭
筐体
手帖
叢書
位牌
熱々
喧騒
疼痛
暖簾
鰹節
邁進
晩餐
深々
顛末
御苑
金箔
燻製
研鑽
発疹
涅槃
牡馬
招聘
凌駕
貫禄
華奢
諜報
灼熱
狭窄
梯子
真鍮
丸々
標榜
末梢
俯瞰
柑橘
欺瞞
播種
石膏
狛犬
歪曲
漆喰
颯爽
娼婦
品々
軟膏
堰堤
流暢
咄嗟
懺悔
動悸
真鯛
絢爛
一々
転々
詭弁
合祀
伽藍
鼻腔
浣腸
刻々
拮抗
箪笥
芳醇
家々
蒲鉾
強靭
不憫
挽回
罹患
恫喝
蝋燭
攘夷
腹腔
肋骨
怪訝
円錐
憑依
乳癌
烏賊
傀儡
往々
倦怠
田圃
僻地
恰好
哨戒
熾烈
叱咤
轟音
醗酵
撥水
今迄
嚥下
蒼天
仔犬
俄然
坐禅
咆哮
卑猥
吾輩
蹂躙
捺印
仏陀
億劫
稀少
人狼
半々
瓦礫
飢饉
辟易
謳歌
短篇
悶々
膵臓
生贄
弛緩
炬燵
明媚
頚椎
坐骨
華僑