恒常
振幅
微力
端正
戦況
腕力
劣勢
露地
思慮
離散
触覚
軍需
鬼神
盗人
狂乱
殺陣
闘技
濃淡
矛先
捕物
称賛
奇岩
休眠
陰口
大剣
一巡
恒星
躍起
奇声
誇示
奥地
帰依
曇天
遊離
四駆
春闘
尾行
猛攻
上腕
淡白
惨殺
蓄熱
退却
元彼
猛威
経絡
高峰
監察
左肩
秀作
洗髪
訴求
汚名
狂信
隠密
依拠
痛烈
目途
沈静
機微
与信
旧姓
周到
即納
扇動
御幸
占術
脱着
海抜
浮世
鉄腕
微動
幅員
巡航
屈曲
大柄
豪語
保釈
驚嘆
笛吹
巨体
浸食
粉飾
巨峰
解脱
宝飾
軒下
起爆
母娘
床面
堅固
白桃
嘆願
浮力
光輝
互助
温床
片腕
壊死
違約
狭義
電飾
耐水
繰延
芝桜
小娘
隣家
御名
迎合
闘牛
余震
月齢
決壊
論拠
厳罰
情況
寝息
北端
巡業
収載
爆死
差押
奥方
雷電
吐露
髪質
雷鳴
脚立
越境
妙見
傾倒
爆風
不屈
訴状
猛獣
神妙
御方
脂身
甘美
敵陣
巨石
剣山
岩壁
上端
団扇
薄着
雷鳥
霧雨
北緯
露光
分煙
鼓舞
本腰
絶壁
講釈
鬼女
朽木
珍重
今般
溶出
脱会
御門
孫娘
御仁
包含
高僧
雑踏
脱北
月影
巡行
感涙
苦慮
旧跡
無為
鈍化
峠道
跡形
耐寒
吹上
肩身
軽妙
瞬発
攻城
前払
天罰
愛娘
抗告
銀髪
筆跡
景況
浮動
盗用
唐草
発振
軽薄
一翼
玄武
伝奇
粒状
秀才
斜視
神威
内壁
奥行
握力
剣豪
強襲
屈服
方丈
徴用
侵襲
釈然
間髪
凡退
追尾
網目
解離
朱印
髪形
壁際
浮島
魚影
遺影
清澄
潮騒
脚部
即応
砲塔
噴煙
風雅
微弱
戒律
着弾
大汗
入替
聖杯
不慮
下端
先陣
無惨
典範
欄干
宿坊
苦闘
踏破
圏域
奇異
薄皮
玉露
含量
抜刀
渡御
引渡
獣人
段丘
立脚
烈火
狭小
増援
剣客
両肩
来襲
濃霧
機敏
感冒
妙法
実弾
威信
未踏
税抜
漫遊
狂喜
首尾
食彩
乱獲
荒地
紋様
激烈
武闘
腰部
荒天
休載
肩幅
米粒
論旨
鉄壁
下劣
雄姿
物陰
陣形
短髪
石塔
寝技
貸倒
皆勤
騒乱
雄弁
甘党
終端
被服
影絵
交歓
侵犯
凡夫
鋭利
総監
小舟
豪勢
盤面
低俗
奇特
主翼
芋煮
訴追
傍受
乾性
外環
横柄
割賦
鮮血
刺殺
敷物
女郎
分与
詳述
門跡
渡島
待避
豪商
床板
遊撃
恋歌
薄紫
勧進
示威
桃園
抗日
珍走
成婚
赤壁
柔和
散弾
繁茂
土壁
悲恋
奥入
物腰
商圏
送致
脱穀
飛脚
陰気
冷奴
巨樹
下欄
不朽
嘆息
甘露
誇大
筆致
吸盤
長芋
開脚
年鑑
薄茶
自陣
路傍
無頼
下剤
高慢
耐候
収監
娘役
御代
屈強
含水
網代
散漫
適齢
縁談
数奇
爆薬
瞬殺
戯画
信販
消沈
鬼才
船尾
出征
巡拝
草丈
鉛直
本項
自戒
舞曲
砲火
甘草
酒販
習俗
粒径
俗称
活況
最奥
透水
慢心
芝山
継投
値幅
殿方
仕舞
秀麗
珍獣
離反
斜度
斜陽
背脂
抜糸
一介
濁流
黙殺
前駆
非凡
尾翼
脈拍
直訴
求婚
隣地
圏央
内縁
継母
冷淡
人称
方陣
法被
全壊
国柄
着床
怒号
砲兵
外泊
日影
側壁
立替
別添
更改
川幅
床上
草稿
三盆
奇行
威風
縁故
地縁
伝搬
各項
隠語
赤鬼
公訴
贈物
機雷
鑑識
水煮
肩書
致傷
弾頭
敏腕
淡麗
抗戦
微風
川床
勇猛
徴税
唐人
歳末
鋭角
拡販
互選
年輩
周縁
遺稿
吐血
印影
塔頭
爆竹
湯舟
彩雲
糖鎖
海況
震動
巨岩
触感
鋭敏
手薄
吐出
奇人
健脚
唐代
霧氷
魚拓
援用
気丈
雷撃
激震
汚点
及第
歳男
倒幕
妙味
介抱
斜線
右奥
与力
初陣
薄弱
奇術
押出
流麗
鉱床
陰険
先鋭
取替
繰上
傍目
建替
渡海
野趣
僧正
詰問
遺贈
右隣
腕章
沼地
良縁
歳時
恋文
芋虫
謡曲
河床
連弾
路盤
大仰
迫真
黒煙
雨粒
異彩
雄花
烈風
一陣
新歓
弾正
突飛
畳表
鑑評
是認
悲嘆
夕霧
薄板
前傾
雌花
視床
両隣
薄給
宮跡
歌舞
巨漢
粒度
趣意
漫談
薄口
延泊
脚力
縁者
登載
素描
奇祭
捕球
急襲
抗弁
小姓
徴候
特需
脱脂
左奥
発露
丹田
欄間
夏越
歩幅
与太
課徴
東征
祝杯
露見
耐圧
乾式
近縁
雲丹
煮魚
永眠
鬼気
色柄
発煙
御身
長柄
宗旨
離縁
当惑
名跡
手狭
通俗
端麗
砲身
別称
鈍行
館跡
両脚
御客
黒鉛
残響
桃花
彩度
秀峰
半壊
皆目
混濁
赤紫
女御
制震
威光
浸入
脱色
上欄
吹替
執刀
隷属
青紫
着丈
鮮人
朝露
傍線
白峰
先攻
枯死
別離
尾花
新暦
戒告
販社
卒倒
沈降
若輩
濁音
微粉
山越
薄情
鎖場
突端
巨塔
珍品
由縁
執権
熟慮
奥付
公称
尾長
唐松
乗継
寝相
悪鬼
輪舞
溶性
鈍器
前腕
怒声
戒厳
即行
振出
水爆
宝剣
前泊
岩峰
環七
定跡
悩殺
円陣
環八
白煙
脚注
葉柄
猛将
肉薄
麗人
差込
離乳
外需
舞楽
肩口
電離
桜桃
煙管
爆心
箱舟
合歓
進攻
翼賛
溶射
忙殺
剣先
半幅
酒豪
遅番
神獣
珍妙
引継
色恋
火影
愛煙
縁石
堅気
牛尾
隣室
紫雲
神剣
大御
含浸
紋付
盗掘
甘夏
俗語
紫電
防弾
黙秘
微増
倒立
典拠
剣幕
乳剤
吸汗
比丘
溶存
被毛
抱卵
押入
遅配
僧院
消却
長押
白露
名峰
敷石
執政
高床
中坊
肉弾
続柄
歓待
押圧
内払
脚気
戦跡
東奥
博雅
凶作
名越
含蓄
点描
飛影
俗説
豪腕
乗越
詰所
速乾
触角
夜露
主峰
陰線
監護
詳報
中腰
大網
完膚
突堤
付添
陣中
防汚
極致
低床
陰暦
豪遊
召使
煮豆
左隣
前浜
薄氷
精彩
砲術
風致
反吐
踏査
御札
日柄
盗品
好況
業況
摘果
熱闘
扇形
内陣
濁点
全幅
網元
鬼道
有為
肩車
汗水
浮舟
百鬼
淡泊
方舟
防振
剣技
群雄
堅守
離合
眠剤
傾注
陣頭
厳戒
狂歌
美髪
初盆
荒巻
隣県
髪色
薪能
弱腰
球威
俗物
紫芋
唐木
迫撃
水雷
制振
築堤
脂性
大凶
恋路
主訴
光彩
光陰
腐乱
脂汗
混載
剣舞
歳上
捕集
陰極
岩陰
鉄剣
害獣
猛省
歳費
整髪
黙想
畳店
端面
薄日
陣容
湯殿
僧兵
壁材
奇策
予稿
右傾
大儀
青鬼
実需
巨星
煙幕
追徴
桃源
枯木
露頭
宝塔
両翼
雷光
獣道
淡紅
乾季
御崎
溶血
夜霧
腐朽
畳屋
腐心
淡雪
巨頭
執心
雄馬
陰惨
許婚
寝食
薄目
妙薬
巨悪
猛打
後端
極薄
細粒
破戒
拓本
辺縁
淡色
林床
堅物
欄外
晩婚
御供
濃緑
金彩
算盤
押下
朝寝
前渡
大殿
端材
浅薄
巨像
淡海
雷雲
秘儀
震央
跡目
殖産
妙技
鈍痛
読影
学齢
普天
煙火
接尾
溶着
長剣
恋仲
甘受
即金
御料
自噴
左欄
吹奏
春眠
連環
黙示
月桃
寺跡
湯煙
賦活
客殿
地紋
霧散
上訴
末娘
豪農
寝湯
父娘
盤上
雄町
僧都
航跡
離別
狂犬
床版
越年
甘茶
来迎
御中
強肩
振舞
監訳
珍事
等幅
渡河
沈香
試掘
滴下
前脚
日舞
鬼火
将監
丸腰
秀美
寝姿
指弾
退隠
塩浜
指環
寝汗
尾羽
恥骨
奥手
寸胴
雷魚
中敷
祭儀
僧帽
蓄電
普門
正殿
種芋
脱法
雄飛
宝殿
斜体
新盆
紫外
涙声
駅跡
増床
隠者
重畳
奇想
同輩
輝石
舟運
投網
作柄
巨神
威容
右欄
無煙
北壁
液剤
古豪
摘要
本旨
恥部
濃茶
後攻
紫煙
薄幸
蓄財
仏塔
傾城
鑑札
勧業
外縁
胴元
奇才
除却
柔整
含意
朱肉
彼奴
金杯
闘神
民泊
中陰
微少
御意
狭量
万丈
加療
舟盛
赤髪
獣王
載荷
仏殿
俗世
紫根
奇病
迎春
踊子
詳解
噴気
腐植
防壁
称名
電影
不惑
妙齢
濃口
組込
御者
盤石
受渡
浮雲
彼我
電網
別項
描出
闘気
舟券
振子
即断
途絶
片端
公儀
紫花
比肩
寝耳
離岸
西隣
猛追
凶行
互恵
堤体
液滴
断髪
雨脚
単離
薄暮
浸出
妙案
暦年
敏速
夜襲
早稲
歳下
冷汗
奇談
腰骨
外郎
天端
未詳
国是
玄室
御衣
姓氏
詰替
葉隠
小鼓
身幅
自壊
天賦
隣村
米菓
延床
飛越
旧盆
花押
本欄
稲光
柄物
無尽
本坊
反攻
劣性
戯作
姿煮
依願
貴腐
群舞
荒行
前屈
音盤
方途
遠縁
巡幸
離型
弾倉
傍系
脚長
噴流
御世
尊称
詳説
闘将
枯草
巡検
離任
鈍足
思召
酒鬼
雌牛
恋敵
天恵
腰筋
互生
薄肉
旧称
車幅
荒子
隣席
鬼面
造粒
爆雷
寂光
所縁
先遣
離間
改姓
貸渡
民訴
名僧
緯糸
新柄
怖気
粒剤
日豪
右脚
歓楽
原盤
方剤
薄荷
大恥
濃色
烈士
荒海
防滴
社是
東隣
砂粒
舗道
怒気
露草
農奴
征討
刺史
繰入
唐橋
自販
脱稿
浜風
採捕
無援
浮沈
俗人
海獣
拍動
紅紫
改稿
円環
舞衣
茶舗
多剤
怒髪
空砲
荒業
切込
制汗
訴人
豆粒
全摘
雅号
事跡
国威
丹頂
扇情
腰元
隣組
胴着
秀英
扇面
高欄
甘煮
東塔
広縁
薄紅
南峰
土豪
住販
珍説
装弾
縁台
水盤
手荒
被写
網状
巨万
入眠
婚期
御家
微粒
寝所
端役
他端
比翼
島影
唐子
遅筆
剣聖
受贈
左脚
致知
渡世
鈍重
浮橋
営為
繁体
緑陰
西塔
泊地
流離
太陰
婚前
地謡
巨砲
百獣
駆虫
沢筋
尾部
狂暴
狂騒
環球
歳差
枯野
胴長
拓殖
噴飯
雄牛
両雄
恒温
薄雲
尾高
沈痛
僧堂
繰出
意趣
武威
狩衣
払出
掘立
身丈
濁水
花桃
北峰
氷壁
新奇
耐病
舞人
爆殺
吹付
典雅
類縁
脱輪
甘皮
馬刺
星影
隷書
胴部
射影
御歌
掘割
特恵
療院
御台
鬼子
渡仏
号砲
逆援
較差
脚質
会陰
被験
抜去
珍奇
甘言
不渡
剣法
鬼灯
郎女
本訴
御陰
皆伝
奥側
精妙
踏跡
僧坊
珍客
占星
暗闘
火砲
仰角
闘犬
幾筋
西峰
陰山
清濁
熊襲
網漁
前端
堂塔
橋詰
怒張
沼沢
劣情
鈍色
訓戒
土煙
石壁
読込
松脂
馬脚
微減
初婚
療護
心療
扇状
耐酸
光弾
油剤
収獲
三彩
浮体
胴裏
腕白
老僧
薄明
俗名
兼職
戦陣
鉛色
異称
民需
朱書
荒縄
利幅
耐油
年端
徴発
狭霧
腰巻
中露
薪炭
継子
前戯
傍証
黒縁
寝酒
端整
非婚
唐門
明渡
細腕
壁側
町娘
片翼
大尽
引込
霧笛
統御
隣保
大盤
売渡
結縁
放漫
小鬼
煮卵
斜塔
論陣
御節
暴威
浮子
剣友
兼備
牛脂
浮標
御製
宣旨
薄物
一汗
優占
漫歩
月賦
恋情
助剤
隠元
殖民
所与
毛唐
御成
奇書
影像
衣紋
氷床
参陣
深奥
合剤
当歳
満更
獣神
千載
漁網
全弾
東沢
白妙
隣駅
砂煙
外販
郎党
雨露
座屈
五彩
舟歌
唐船
水煙
被布
小陰
荒技
未払
砲丸
割拠
摘心
浸炭
渡英
主殿
粒界
押絵
林縁
吹屋
床柱
恐妻
旨煮
薄緑
花環
半畳
脱腸
鎖状
院殿
弾速
秘跡
配賦
傍流
口縁
情趣
較正
唐詩
内儀
神罰
反訴
敵弾
滴定
通釈
煮込
羽越
北隣
芝草
鉄扇
訴外
近影
腰壁
雄雌
摘示
被検
御茶
翼状
威徳
巡察
腐海
制帽
徴集
歓呼
御酒
腰高
奥書
珍種
雅文
風紋
差違
唐土
前縁
重巡
落盤
語釈
鉄剤
賞罰
入唐
散剤
土俗
若殿
転寝
腹壁
小芋
受払
獣害
離席
重婚
脚元
壁内
秀品
大腰
殿中
応需
娘子
沈船
荒事
抗力
酒盗
劣後
性徴
斜行
遅発
鋭気
御題
川舟
溶断
溶湯
直鎖
初稿
朽葉
高丘
善隣
仏縁
淡彩
環式
婚式
松露
被官
乾期
環視
加越
九紫
床山
吸込
落涙
側鎖
胃壁
訴因
加振
秘剣
雨滴
違背
凡打
唐紙
倒置
雪壁
米露
銀翼
大鼓
薄紙
打突
芝原
直噴
丈六
流紋
強震
遠雷
焼鈍
前突
本姓
彼処
泊数
需用
四脚
有床
内奥
銀盤
婚儀
巡洋
金環
腕木
各欄
天網
所載
急迫
白扇
乾草
学僧
統監
俗信
基剤
回峰
我執
左傾
旨口
甘塩
青髪
総柄
凡作
濁度
黙読
即身
銅剣
加飾
畳床
召命
耳介
遅行
広幅
機縁
箇年
若紫
踏込
寝方
御物
根粒
油煙
甘甘
口撃
凶弾
大甘
濃紫
摘除
胸壁
腰板
雷管
春雷
暦法
貸越
巨費
古跡
舞扇
破却
触法
肩先
描線
発震
凡百
野盗
仏罰
板壁
彩画
床暖
雪隠
翼端
御食
神紋
粉粒
雲霧
忙中
乾田
茶菓
妙音
振戦
本震
溶質
耐風
微罪
陸稲
遺髪
陸攻
南隣
人獣
継目
利殖
越権
唐物
和暦
防爆
傾国
共販
傍論
作況
焼芋
飯粒
刺入
凶事
横紋
氷菓
三途
薄地
訴願
御史
有縁
露岩
床用
尾白
多汗
数瞬
威儀
尾骨
組踊
漫研
繰替
透光
線幅
沢水
二盗
若僧
薄層
片脚
垂範
線描
七彩
紋所
低劣
肩部
小遣
大坊
腸壁
紙幅
川縁
替玉
脱離
失跡
脱気
軒端
猛牛
煮付
念慮
遅出
幾許
強攻
薄利
奇観
御上
雄羊
高殿
勇躍
兼営
最狂
耐暑
取込
澄明
朱点
髪量
剣鬼
秀歌
掘進
微糖
桜堤
極微
下敷
豪放
応召
一握
野砲
代襲
郎等
畳用
村娘
猛進
避雷
踊場
有翼
血涙
御許
花影
称呼
側端
女陰
抗酸
浮名
依代
沈思
殿上
上縁
口端
僧俗
中殿
大凡
論稿
舞殿
桜柄
出訴
夜陰
主剤
本峰
寝覚
御言
荒馬
鬼人
無鉛
豪気
寸暇
薄命
代紋
抜染
半獣
凡才
稿本
丹誠
歳計
援農
砲戦
俗悪
片恋
離床
評釈
雄略
狭路
火床
興趣
高雅
生娘
端点
黙考
分遣
受戒
巨獣
婚家
新釈
秀句
髪結
花被
南緯
畳数
軽巡
丹前
積込
後脚
仰山
銀縁
過越
寂静
全粒
旬報
欄中
歓心
授戒
森沢
前鬼
抱合
郵趣
団粒
影印
山桃
折詰
縁辺
雄性
陰徳
端株
祝砲
民踊
雪煙
苦杯
離農
金戒
押花
沈金
都響
冷菓
屈筋
脚側
途次
花暦
敵襲
濃飛
重砲
敷布
猛火
破堤
耐食
黒影
道床
隷下
刺傷
初弾
機影
露点
柱脚
微積
旬刊
非違
雌犬
軍鑑
範士
胴縁
荒茶
下郎
脱塩
剤形
後詰
吐気
全豪
玄妙
水圏
日齢
左腰
腕組
捕虫
隠微
残影
後陣
兼題
連闘
極旨
同欄
妙手
農振
摘採
改暦
皆人
最薄
触知
唐織
周壁
唐様
奥壁
奇勝
薄片
与件
奇縁
獣肉
継代
吹出
玄孫
鑑査
隷従
砲手
売払
後縁
畳敷
濁酒
名剣
雌株
手稿
各般
是空
手汗
別珍
木剣
網点
受療
添字
日越
詰合
肉迫
爆進
副砲
理趣
業販
争闘
微香
維管
消尽
暦日
奇貨
狂死
年越
涙液
淡黄
涙雨
雄志
寝殿
吹矢
定紋
山影
渡日
胴衣
外陣
若齢
戦端
持戒
東縁
違和
測距
染髪
追越
浮輪
鮮紅
浮草
製販
肩章
折畳
底床
激旨
猛犬
刈取
馬齢
右腰
五戒
官途
悪縁
爆熱
長征
肉壁
寝装
露助
尾灯
汗管
黄桃
腸詰
中粒
祭殿
日脚
狂女
僧衣
混獲
剤型
大弐
御髪
美称
名菓
万雷
好捕
無床
煙害
乾板
夜盗
洗掘
子鬼
乾布
付替
劣位
浮石
御宅
偉容
薄暗
薄曇
雄株
包絡
扇型
守殿
逃散
単剤
葉陰
南壁
煙道
砲門
主塔
唐衣
重罰
芋洗
販管
余儀
外陰
抜毛
療治
後傾
想到
窓販
川霧
旬間
仕儀
自沈
論及
脱灰
理療
風趣
介添
武烈
底堅
御宇
脱党
起稿
強振
月丘
寝巻
天与
成獣
爆煙
残弾
小舞
与薬
恥丘
肩当
同柄
捕殺
桃畑
刺子
寝首
忠烈
枝沢
粉剤
俗謡
跳馬
豊凶
倒閣
盆踊
抜書
四旬
突板
木枯
月販
珍宝
巡見
獣毛
鼓吹
対露
人跡
声紋
着彩
折柄
断端
鼓笛
毒霧
壊変
焼跡
爆散
賦与
奥殿
雷獣
氏姓
風雷
火盗
腐肉
就眠
軒裏
描法
塔屋
親娘
眼振
斜光
浜路
投扇
後壁
一越
耐糖
紫竹
世継
浮薄
脚下
証跡
腸腰
吐水
縦幅
翼型
口跡
清雅
爆沈
砲声
坊守
板敷
人勧
影向
渡守
攻囲
緑髪
折敷
珍本
員環
芝刈
撃鉄
勧学
要撃
酒杯
金婚
刺突
噴石
満床
雷火
骨端
彼是
奇問
教範
奥庭
令旨
銀朱
主鎖
砲口
離人
面壁
継父
宿縁
魚網
鼻翼
俗字
迎車
他称
煙台
刈込
枯節
陰圧
噴門
刺網
僧形
追贈
斜筋
鬼王
彩輝
足幅
賦形
伺候
遅効
蓄養
払底
潮吹
古謡
長鎖
占師
腰帯
訪販
床土
繁雑
薄衣
獣性
獣類
尾数
当欄
海霧
深慮
踏絵
同旨
剣劇
大爆
淡青
取柄
辞儀
京舞
威迫
酒舗
腰下
添寝
茶摘
壁量
無恥
少陰
下縁
短慮
搬器
沈水
御店
紋柄
胴丸
主脚
笑撃
耐冷
征矢
岩畳
外征
略儀
節煙
玄冬
撃剣
凡骨
利剣
幾十
油滴
壁土
薄色
鉄鎖
風狂
惑乱
震電
書跡
回胴
為人
大鑑
巨富
賛嘆
不溶
兼行
徴求
薄塩
茶杯
穀粒
御頭
手網
端座
俗化
砲座
喜怒
自坊
可溶
木遣
枯淡
皆兵
離山
敷板
荒物
稲木
軒数
郎子
遅参
車齢
南詰
露悪
党是
弾着
離断
御行
微速
金縁
噴泉
花紋
煙霧
地絡
露営
赤胴
年賦
触書
表徴
隠退
溶鋼
御産
不尽
鮮新
驚喜
獣耳
不払
壁板
敵影
来援
結髪
長狭
当為
朱赤
西縁
愛環
鈍角
押麦
不沈
言渡
女峰
歳若
俗界
出御
逆縁
幅木
髪切
鉛管
増販
粒粒
通鑑
訴権
私闘
引替
花郎
柄頭
児戯
南殿
着替
賦存
紫光
給弾
雷音
翼手
爆安
追捕
対陣
生彩
為政
有隣
入舟
配剤
凶星
沖堤
押込
寺僧
易占
新盤
普仏
恋風
絡繰
雌性
沈砂
尾大
訴額
畳縁
色沢
早婚
州浜
洋髪
陰刻
圏点
別稿
石突
剣玉
技監
前壁
俗流
吹鳴
離水
色即
条幅
塔身
淡竹
馬尾
端側
互層
側縁
無影
聖殿
微光
輝線
殿舎
猛爆
端山
御形
石盤
悪趣
買替
洋舞
路床
胸鎖
恋恋
腰布
豆鼓
寝間
堅果
可汗
腹斜
戸惑
薄暑
縁切
鎖線
避寒
前彼
流況
神舞
珍魚
俗論
巡演
毛抜
巨象
遅速
遅寝
縁覚
儀典
振分
箱詰
蒸煮
動翼
乾留
凶兆
唐風
旅僧
強訴
荒熱
神慮
舎監
寒露
踏面
陣所
入込
小丘
痛撃
起震
東壁
婚外
美妙
稲刈
凶数
唐芋
土堤
遣使
後払
離村
跳弾
甘食
車販
不離
出端
堅信
斜辺
光跡
蓄冷
俗曲
陽暦
天雷
陣幕
後屈
芝地
薄汚
川跡
薄青
軍帽
丘上
奥儀
小紫
打込
古称
三盗
荒壁
相称
気遣
漁況
画稿
離日
畳紙
押領
後泊
頼信
読響
凶相
路網
古雅
不倒
特販
丹青
芋畑
遅筋
吐物
普化
援兵
赤膚
終齢
移殖
切抜
太歳
駆歩
殿軍
明敏
雄鹿
御御
浅慮
水添
漫筆
雌鳥
深更
掘採
神謡
継室
舟人
無響
花曇
露台
恥毛
浜焼
縁語
多端
朱線
馬匹
大詰
風況
組替
環流
狂句
隠避
路端
西壁
紫衣
斜角
霧中
古渡
枯損
油濁
傾動
到頭
枯枝
黒紫
夕寝
抜管
狂態
致仕
入寂
差替
無帽
着陣
溶脱
銅矛
天鼓
壁厚
屈従
秘奥
米豪
親征
柔順
突合
船影
匹夫
耐雪
浮木
玄義
武鑑
陰間
薄雪
征西
層塔
征圧
水影
肩肉
銀彩
脱型
汗顔
砂壁
柔弱
迫間
恒等
吹部
仮殿
由旬
郎将
侵出
凡俗
釈文
顔彩
船泊
判旨
広狭
是真
可搬
黙視
石敷
中郎
中執
腕骨
血煙
細腰
高杯
連濁
丸剤
荒屋
縁先
淡緑
薄絹
奥伝
繁多
離開
紫草
圧壊
御足
奇態
大杯
海盆
奇習
梅煮
堅城
妙香
灰吹
手鑑
凶運
先払
漫然
師僧
梅桃
真影
垂壁
唐音
荒城
紋服
軍監
繰言
踏台
七珍
遣唐
浮城
爆烈
環形
塔中
赤恥
夏眠
被食
松煙
闘茶
流涙
狂的
帯幅
巨利
陰獣
濁世
聖俗
翼面
爆縮
短眠
渡道
紫地
帰陣
過払
船縁
聖跡
需品
文雅
専称
首途
薄黄
肩峰
御腹
舞手
彩絵
添景
避止
豊麗
不壊
総髪
刀狩
陰府
弁髪
摘花
勢威
粒数
明澄
肩衣
鳥影
学帽
重爆
暦学
渡殿
親芋
雌型
因襲
大尾
牛肩
都雅
鬼母
高踏
普選
床机
雷公
相即
北爆
前陣
大紋
筆触
増徴
葉幅
古塔
抜刷
敷引
寂然
次弾
草陰
皆空
耐容
依命
微差
斜方
交絡
角帽
月払
落飾
甘酸
違犯
鏡胴
翼下
聖旨
桃葉
列幅
目端
青丹
飛跡
鼓室
銀婚
雄犬
遣米
丸盆
腐生
被度
柄部
曇空
巨細
即発
監守
煮貝
右壁
紫金
精微
拠所
手鎖
空振
賦役
遣水
瞬断
丸紋
跡取
恵光
雪峰
星柄
継戦
半透
群盗
間敷
巨船
飛弾
緯線
歳神
妙心
果粒
幼獣
恒産
暇暇
旅寝
剣気
水浸
祈雨
凡戦
鮮鋭
金紋
僧職
前震
渡川
微温
脱酸
出離
稿料
腰縄
固溶
木端
畳台
獣脚
露日
召天
添書
避航
頭端
万般
繁用
香煙
在俗
有尾
継起
芝目
盆景
巻網
猛襲
浮葉
網様
素謡
黙然
薄謝
激越
山砲
網内
送稿
釈義
歳事
手脚
替歌
恵沢
糸威
御祭
雄松
晩稲
百般
軒丸
雲隠
惨害
上敷
悪露
物影
岩床
朱筆
出迎
踏板
凡事
盗犯
他剤
雌鹿
狂熱
剣撃
継受
三舟
漫録
管壁
床組
帽章
狂風
地被
隠士
凶徒
攻玉
鬼皮
稲束
柄行
南縁
爆装
荒目
渡洋
堤内
条坊
移項
繰糸
根腐
押売
偉力
端居
少弐
違算
傾度
僧徒
南侵
柔肉
脚付
矢弾
唐竹
恒存
脱粒
義援
精薄
端書
玉杯
巻狩
与圧
斜上
巡遊
紫文
行跡
豪打
浜手
素姓
鉛弾
帯剣
端歩
剣神
隣市
獣皮
病徴
養浜
単項
入浜
青影
陸離
灯影
常襲
大荒
獣骨
背屈
通婚
植込
応訴
中奥
調髪
切離
砲金
美彩
脂環
稲倉
源姓
仏僧
義烈
戯論
浮魚
悪僧
淡交
奇経
主徴
薬療
隣街
越波
場況
斜位
長駆
鉛鉱
俗事
下刈
珍問
鉛製
押角
斜路
液浸
恵贈
陰転
中陣
淡淡
朱文
端金
互先
丹毒
寝衣
鉛玉
箇国
雷同
浴殿
手跡
後髪
耐空
良俗
被衣
浮寝
百戒
礼砲
刈草
霧箱
唐僧
露盤
軍扇
彩文
小稿
御伝
熟眠
翼長
蓄圧
白豪
恒心
油汗
盛唐
払渡
栄枯
軍陣
金床
傾眠
盗電
一罰
描像
乱撃
狭衣
与格
木舞
珍論
黙礼
曲舞
替地
小塔
開環
更始
雅趣
環頭
赤緯
奇計
水抜
踏圧
青畳
御鏡
引致
塔門
手渡
占法
端本
巻髪
剣状
平床
奇説
桃仁
太腕
与楽
渡舟
官需
岩塔
生壁
着剣
溶離
沈積
雌馬
雷害
余輩
薄葉
憶病
脱炭
就床
明徴
捕縄
商況
長途
凡将
法縁
銀杯
舟状
僧団
僧服
前訴
奥目
供御
舟底
詰物
西詰
即自
足環
微震
御感
盗取
触雷
仏跡
風乾
嘆声
紋織
軒高
詳論
丹心
刈安
温柔
役僧
偉才
桃林
奇聞
持越
整粒
赤盤
尽忠
後鬼
堅木
姉娘
雪娘
初唐
軽鎖
身替
気圏
腹鼓
憶念
尾側
子芋
唐軍
全称
建網
軒並
金敷
私儀
猛然
浸染
書替
目刺
吐剤
稲船
社僧
煙玉
獣欲
舞姿
荒土
大般
変項
六輝
凶報
住僧
殿部
宝鑑
腰湯
墓塔
青芝
地圏
舟型
渡独
敷網
壊乱
北縁
南征
薪水
不抜
微視
内浜
兼帯
過般
外端
巡歴
幅跳
尾端
愛執
単斜
荒原
一髪
凶変
脂粉
唐名
凶日
振休
密儀
朱砂
烈日
連舞
露軍
樹影
印塔
腐乳
雄編
輝点
暗影
演戯
離角
狂牛
空床
凶状
魚獲
輪紋
唐紅
細微
軽輩
束髪
横壁
陰画
積替
狂者
仮払
妻壁
陽陰
俗姓
光剣
陰地
迎角
黒尾
離心
甘苦
救荒
表替
沈床
天吹
陣乗
雄木
露路
緑被
平敷
玉縁
唐楽
惨死
粒形
大震
尾頭
豪勇
幅狭
町奴
屈性
抜剣
画僧
劣敗
段彩
盛儀
宝恵
底盤
手堅
獣脂
相隣
砲車
露中
長胴
含油
玄麦
水紋
傍題
火雷
偉観
奇手
丈長
仏露
剣身
為体
荒布
染殿
常況
盆花
払子
仁恵
遅遅
漁舟
雌木
糸端
珍談
盗汗
英露
余滴
紋切
球戯
弾雨
石床
胴乱
物療
濁悪
腐熟
雷岩
占者
雅語
血沈
夕影
温雅
鼓隊
塔状
再捕
髪毛
縁端
松飾
鮮緑
大舟
豪家
摘草
皆苦
矢柄
悩乱
払済
肩下
山霧
道俗
柔毛
狂愛
驚速
砲列
示寂
征長
替手
奇士
中唐
肩鎖
親露
乳濁
吹寄
汗血
鼓腸
管端
脱血
堅陣
強占
仮泊
布端
露語
置床
詩稿
征途
鬼娘
円舞
杯数
即急
玉稿
尾連
一驚
溶体
堤外
烈女
秀抜
紅涙
薬舗
見越
踏段
差遣
闘球
征東
即今
返杯
勧化
鮮麗
闘魚
売込
抜作
野芝
船齢
林齢
濁声
雄鳥
恵日
清寂
御遊
新響
熱圏
防露
斜文
有彩
徴取
甘目
地肩
夜更
旧稿
流弾
凶神
濃集
剣闘
沈胴
小汚
池跡
紋白
気違
白描
端布
歌稿
目脂
先占
噴砂
縄紋
為事
新姓
壁絵
雅量
鉛板
威武
縦陣
範例
浮流
握飯
真俗
雅俗
優麗
越訴
薄切
魚尾
外浜
腕足
儀同
露土
弓浜
仮寝
噴進
踏歌
絵暦
砲煙
花彩
網屋
支沢
鼓手
奇食
隠形
互除
大盗
御寝
楽寝
触腕
暦月
鉄帽
陣取
沢道
総鑑
難詰
羽翼
陣列
先途
縁上
島陰
抜根
端板
雲粒
駆出
盤台
金丹
僧官
偉功
豪剣
恋火
共寝
項数
紋羽
殿原
無紋
風儀
鮮赤
濃染
薄力
越河
投弾
界壁
稲株
五陰
社販
詳記
払下
始端
石堤
延齢
石剣
離活
凶鳥
妙覚
舟子
輪環
紅露
濃青
何奴
壁間
幼齢
祈年
贈位
隠然
造替
上澄
唐金
兼学
雷装
歳晩
烈震
露座
盤側
暗鬼
珍聞
紫黒
水杯
涙型
申渡
稲羽
白塔
句稿
舟板
首狩
子弾
脚肉
電蓄
堂奥
三更
鬼手
重詰
不敏
晩唐
家跡
渡唐
驚倒
立項
刺針
梅柄
芝庭
金鎖
抜苦
脂気
鳥渡
内鮮
遣手
御辺
歳歳
利鈍
焼網
麗姿
項番
舗石
脱進
直床
押目
横髪
竹縁
気狂
容儀
徒輩
荷扱
兼愛
狭長
僧寺
俗習
猛撃
為大
薄羽
震域
両罰
眠前
級欄
原尾
貝紫
腰腹
洗替
市壁
拍節
沈線
脚柱
鬼目
為本
背斜
腰水
備荒
楽舞
畳語
山紫
釈教
京紫
東詰
青盤
荒玉
池堤
弾帯
小腰
平淡
西征
端然
結尾
縁取
狭域
白紋
野縁
敷紙
介類
血闘
丹色
娘心
借越
大紫
午砲
寺塔
瞬目
渡豪
尊影
慮外
無脂
涙道
舟着
剣難
店奥
旗鼓
異姓
妙光
樹陰
特旨
吸煙
遅日
鼻煙
振起
舟行
唐本
新渡
優柔
煮熟
乾分
夜驚
小壁
衆僧
短粒
躍層
命盤
鮮黄
十握
駆血
内販
荒唐
耳環
項部
互市
網地
監置
形影
年払
仮渡
山峰
垂髪
受継
旬日
白紫
未到
清麗
傍役
寒剤
不及
継走
抱腹
占地
日乾
外刈
芋頭
内丹
延払
荒筋
杯中
権殿
雅味
頭絡
丹花
露仏
話柄
珍物
訪露
玄門
郎中
罰点
舟出
胴囲
吐精
雪踏
一腰
嘆賞
陰門
即戦
盆石
獣身
腰刀
目幅
乾乳
内環
雅称
浮巣
淡味
恩沢
貴僧
恵送
山僧
敏活
戒法
向斜
道芝
撃針
日賦
露命
微傷
大監
略帽
坊中
同舟
胸奥
夜郎
乾熱
押型
勧農
両剤
載貨
押付
足踏
中称
即物
金鼓
下煮
柄色
弾奏
読替
小端
月替
節介
御玉
豪儀
黙過
黙黙
狂詩
継時
独露
板幅
感震
来攻
泉殿
露芝
特環
長粒
遣明
細殿
摘便
毒杯
低翼
勧賞
有髪
脚線
起振
唐丸
手沢
凶獣
涙滴
自汗
陰経
雨霧
流露
他罰
駆風
俗言
金扇
芋版
抜重
示範
網場
枯山
片丘
全泊
粒食
雷峰
奥秘
杯盤
雲煙
原環
陰金
駆足
稲置
盤屋
内攻
漫語
花陰
乱婚
刺毛
獣面
斜字
髪際
下襲
骨柄
押送
端端
岩影
胴巻
戒師
薄様
切端
千振
入峰
秘峰
添花
露人
拍出
隠亡
雄国
諸縁
高跳
与願
四徴
翼部
振作
鈍才
国替
寒雷
響演
威名
植被
替紋
迎接
雄心
求是
鉄網
猛女
鼓腹
僧位
受訴
唐糸
妹娘
柄糸
劣弱
紋日
体壁
教戒
雅致
浸礼
千慮
取越
日暦
桜狩
鬼形
冬枯
気兼
端女
端物
肩山
重盗
陰郎
拓務
沈子
天為
謝儀
教坊
床束
脚半
真跡
壁穴
渡満
突帯
珍書
貴郎
強拍
薄形
雄偉
床座
雅兄
遅鈍
肩線
鈍刀
涙顔
僧階
陣立
圏谷
沼辺
気乾
禁戒
頭幅
突立
私訴
旨趣
神縁
多項
狂想
祝婚
腕元
添着
無尾
鮮肉
奥左
茶盆
深沈
療病
鳥網
青刈
壁石
巨弾
下壁
刺創
珍蔵
鉄床
使僧
為楽
煙雨
頂端
本床
叫声
賞杯
依正
玄鳥
執著
柄布
鈍的
見鬼
摘録
陰火
夢占
妙策
爆圧
天盤
浮身
脱失
床石
戯文
誤脱
八荒
着到
歓会
貨殖
傍輩
黒奴
薄赤
濃化
雄図
腰窓
沢側
絡脈
烈婦
果柄
舌端
厚薄
対丈
人陰
備砲
脱俗
自脱
乾固
田舟
舟宿
霧吹
奇兵
狂恋
盆暮
客僧
暴慢
知慮
隠宅
妙用
白柄
給脂
突棒
年柄
風柄
雅名
征戦
悪獣
救療
雨曇
船端
泊食
不為
乾飯
環海
即製
南坊
傾角
浜道
詳伝
離解
湯煮
文飾
流汗
霧灯
麦粒
円丘
初項
性戯
珍答
翼幅
仏暦
郎従
抜荷
隣戸
側屈
越相
扇風
奇知
宿陣
丈余
添水
威張
抗命
砲雷
復姓
再征
即事
大圏
銀剣
烈烈
召人
威令
拍数
銅鼓
高翼
別箇
薪屋
花薄
黒粒
赤沈
柄巻
花床
四隣
景趣
陣図
相依
渡鳥
描破
胴中
板床
無慮
鎖港
雷球
踏石
非俗
陰陰
肩井
寝待
俗気
離弁
摘芽
眼脂
猛悪
床頭
自殖
範型
指幅
齢級
微意
釈書
為様
寝業
祝舞
陰樹
学殖
襲歩
霧消
坊間
引網
弱輩
春桃
裏紋
床敷
噴口
反跳
五更
俗耳
後影
音吐
丘状
唐絵
脚先
闘委
苦況
中攻
石鼓
離層
一舟
鈍根
振計
男舞
称制
金殿
未敷
汗馬
露米
脱盟
元詰
殿筋
娘姿
字幅
摘記
住込
都跡
画趣
剣型
傍注
別殿
胴差
倒語
鉛丹
薄縁
非僧
国恥
山腰
交隣
般化
彩紋
凶年
盆会
腰丈
巡覧
爆演
梅暦
南沼
暦書
荒人
前殿
助監
困却
松影
寝際
衣被
長堤
残丘
大旨
娘宅
為方
壁裏
色幅
網通
俗学
手絡
縁家
載録
半歳
人肩
一旬
沈丁
奇品
御集
農繁
学監
補陰
震天
麗景
戯場
皆済
底屈
銀扇
直隷
木杯
戯事
内含
浮線
対震
突先
半拍
軽舟
暦象
焼尽
小謡
利払
台盤
米越
捕方
暦本
手踊
蓄蔵
巻尾
吐口
縁遠
川狩
内傾
冬麗
別儀
紫赤
便殿
費途
越度
堅炭
霧雲
獣的
浮足
監部
飾窓
舞戸
自罰
不縁
皆皆
親縁
戒行
巨海
坊官
中幅
溶暗
角盆
草枯
仮需
鬼馬
転依
近称
刈高
床畳
恒真
罰条
豪将
等脚
紋帳
遊脚
冬扇
詩賦
縁付
盆略
波柄
薪材
寸陰
奴輩
可恐
花娘
浮織
朱絹
防震
床子
腕環
下露
倒影
剣名
初療
根端
業縁
寸描
陰紋
遣戸
輝緑
葉齢
賦金
扇端
霧水
浮環
溶食
堅雪
恵与
水替
冒用
振徳
夏帽
凡聖
詩趣
杯酒
葉影
本盗
露場
参殿
含気
妙妙
勝舟
脱活
特称
僧録
活彩
偉材
贈歌
周圏
立枯
弱震
微行
傍白
老雄
雷銅
溶材
遺戒
抜山
前肩
好縁
橋殿
鉛山
御差
壁泉
柄鏡
麗容
供儀
詰腹
響音
力闘
普勧
二駆
黒紋
箇町
鉄脚
前婚
地髪
空胴
臨御
豪酒
和舟
斜子
髪先
騒人
滴滴
前幅
天玄
威望
完黙
唐綿
魚紋
恩威
黙劇
旬月
暗涙
威神
氷丘
秋闘
役儀
奇体
脂足
触頭
攻究
壁代
夜舟
印稿
煮売
脚台
網入
床店
逆胴
売僧
抜身
勧善
即妙
浜石
環指
異汗
早舟
片影
吹管
与国
釈氏
単粒
暗紫
航泊
離隊
避退
木影
俗解
冒認
半途
翼形
書幅
枯芝
彩層
付載
干乾
水盆
桜煮
網子
唐菜
張扇
浜下
片陰
墓跡
恋衣
薄白
輝素
盾形
浮絵
恋着
隠国
端近
高脚
枯樹
並称
鉛白
縁海
古儀
発雷
鼻環
添木
飛剣
翼内
翼翼
扇頂
強腰
父称
麦踏
後盾
俗文
奇警
麗句
製網
口汚
漫文
美俗
突角
高鬼
腐卵
攻落
比況
仮釈
端境
順縁
陰干
他姓
座繰
拠金
歳次
新稿
白煮
里謡
神婚
下陰
御生
雲脚
介詞
心奥
隠身
離騒
箇寺
床尾
乗替
奥右
船舟
道傍
戯談
供僧
着帽
老輩
兼担
称念
鬼歯
沈勇
露領
抱持
漫稿
依報
抜目
遅場
壁書
画幅
駆込
丸煮
多獲
乾球
雷風
声涙
非攻
木塔
一触
巨歩
歳徳
敬慎
微音
環節
戦爆
山壁
南巡
影身
難溶
浮玉
雅言
耐波
唐初
畳針
品柄
戒場
抗酒
古俗
北塔
所執
予震
矢継
雌親
彼所
沼池
銀恋
手幅
熱涙
沢底
環論
逆脚
易怒
迷霧
軒灯
獣頭
白縁
黙止
雑鬼
抜針
雄黄
僧家
漫言
為手
初更
御娘
和俗
外婚
自訴
弱拍
継娘
雄節
尾肉
森陰
工販
影色
雌羊
文範
熱雷
徴表
召致
輪距
妙趣
風脚
全釈
弾片
氷盤
腰幅
斜交
数輩
黄濁
迎火
船幅
踏水
顔幅
奇型
拓植
威丈
越日
筆端
丸胴
雅友
微雨
権柄
追訴
射弾
遅疑
太占
秋霧
角髪
鈍物
朱紅
僧門
成端
猛鳥
唐画
平押
脚湯
垂飾
殿試
毎歳
機殿
火煙
司隷
植替
温突
嘆美
遺脱
同床
凶漢
露払
路幅
髪油
乾魚
布幅
後戯
額髪
方違
鳥脚
縁由
民執
紀淡
暦数
盛込
一網
共沈
凶荒
酒剤
妙計
鉛版
凶眼
洋盤
継電
器壁
枯燥
文稿
仰望
紫青
飾山
爆燃
人煙
景仰
巨財
惨苦
依経
流俗
長嘆
市圏
麗質
訪越
事端
葉紋
奥処
鮮少
朱丹
触接
浸剤
俗体
傍人
凡手
浮図
名塔
払腰
水濁
中押
繁簡
透写
歌占
短尾
支離
河幅
種姓
尾黒
正称
黄丹
刈株
卵塔
枯色
網路
更年
獣帯
紫味
薪木
薪火
凶手
橋床
鳥盤
抗論
水髪
地床
遣外
光触
壁柱
御灯
虫刺
倒卵
箇村
居眠
抱水
峰雲
御悩
平俗
針刺
俗念
恵存
八握
北征
暗剣
俗談
本暦
群峰
反俗
海芋
重環
短腕
人髪
巨牛
尾毛
酒煮
戒心
木壁
典麗
丈量
壁心
兼修
巻込
教旨
町触
抜差
釈門
浜梨
剣光
極圏
堅氷
脚腰
俗歌
床間
赤朱
鉛球
囲堤
和与
微微
旧縁
剣帯
口乾
尺沢
文彩
陰晴
玄旨
生販
切髪
多翼
雌節
胴欲
恋草
並幅
書抜
汚液
甘物
敷波
刈敷
詳密
丹砂
塔影
黄帽
再縁
後項
百雷
船床
濃味
夏隣
跡式
離郷
妻娘
別涙
在唐
峠口
雌松
濁手
律僧
僧衆
単彩
天威
青鈍
麗春
黙許
奇効
干与
遅達
日曇
中稲
雌竹
才腕
抜道
釈名
暦道
朱珍
劣者
散粒
他項
添物
腹端
雷紋
山狩
玄学
敷革
浮氷
半僧
敷皮
青恥
減却
盤根
畳下
俗間
朱竹
推称
測鉛
紫空
沈沈
俗楽
台網
紋下
範読
発御
水鉛
落髪
鎖間
妙応
雲脂
舟路
療担
麗紅
人違
押板
腰弁
地膚
猛勇
抗火
奥向
抜頭
執持
耐爆
涙川
皇威
襲職
頭尾
凡小
割振
本縁
染汚
桃割
罰杯
雄健
継職
難攻
食尽
高燥
紅輝
妙行
枯骨
震幅
弾機
渡過
隠見
胸幅
雲紋
凡下
乱掘
乾葉
犯跡
火攻
監司
涙眼
杯事
打継
吹笛
指跡
反影
有刺
越軍
海髪
甘心
弾指
耐燃
陰祭
彩飾
腐造
原拠
卵丘
乾地
利腕
蓄音
弾量
月峰
紫糸
皆婚
葉枯
雑婚
薄原
俗衆
天杯
夕露
腰細
添状
凡慮
山泊
沢幅
儀容
上斜
剣形
雄風
常恒
雄親
内脚
奇骨
傍訓
式微
脱隊
唐王
舟旅
吐逆
潮煮
筆陣
外脚
肩羽
妙所
分載
皆朱
敷妙
薄黒