豪邸
禅宗
甘酢
蛇行
厳粛
壮観
更迭
陥没
疎外
核酸
蜂起
気筒
容貌
併記
喪主
無臭
造詣
崇敬
銃口
地肌
旋盤
粛清
異臭
廃材
袖口
俳諧
精緻
脊柱
頓挫
防疫
淑女
年貢
遡上
稼業
応酬
遜色
水栓
懇話
謙遜
尻目
逐次
遍歴
僅差
羞恥
充血
惰性
往診
上顎
副腎
可塑
一蹴
庶務
盲点
私怨
装填
寡黙
懐古
猫背
小銃
別邸
脇腹
機銃
銃器
軽症
渦中
壮年
豚丼
遮音
棋譜
下顎
窓枠
山肌
棚卸
口唇
冥界
罷免
猫耳
溺愛
旗艦
総帥
喪服
偽名
逸材
廃案
軟調
厄年
伴侶
唯物
懸垂
凄惨
左遷
銃声
菌糸
勾玉
蔑視
叙情
目尻
連荘
叙述
藻類
自嘲
併願
残忍
附帯
紡績
頻出
履物
融和
悲壮
母艦
疎遠
無菌
老廃
頭蓋
渇水
涙腺
闇夜
喉頭
一抹
叱責
火鉢
冷徹
幕僚
脳症
頃合
遮蔽
四隅
汁物
羨望
凄腕
塁打
俸給
醜態
急逝
収賄
附近
給餌
全廃
付箋
弾劾
懇切
貫徹
苦渋
詮索
軟化
廃屋
擬音
壮行
碁盤
岩肌
一喝
藍色
軟水
銃殺
肥沃
食玩
妄言
抄録
諸侯
廃油
盲人
刃先
享年
覇気
革靴
災厄
廃液
上肢
骸骨
入塾
走塁
真菌
報奨
献花
古刹
臼歯
鼻緒
洞穴
塑性
偏重
侮蔑
症候
艦載
融雪
養蜂
鬱憤
喪中
爪先
夕闇
殉職
廃刊
触診
醜悪
間隙
忍術
酷暑
脇道
融解
米韓
遡行
貞操
配膳
念珠
門扉
勾留
諸刃
疎水
便箋
廃物
太股
聖痕
嫡男
畏怖
艦橋
逐一
鍋物
戸棚
岩礁
釣堀
銃士
儒学
併発
愁傷
枠組
嫌疑
謁見
畏敬
枕木
冷媒
琴線
渇望
瓦版
生垣
顕示
急患
靴底
枢軸
名刹
慶事
島唄
自薦
桜餅
哀悼
叙勲
呈示
形骸
侯爵
砕石
不遜
忍法
瞳孔
胆汁
撲殺
山猫
亜麻
懐妊
咽喉
詐取
憧憬
悠長
僅少
退廃
据付
渉外
鈴虫
串焼
柿渋
酢豚
楷書
襟元
凡庸
白痴
銘木
抄本
名阪
盲腸
号俸
長唄
膝元
廃品
喉元
析出
一升
遮熱
暴騰
弊店
泥水
防臭
木酢
小瓶
菌類
長閑
往還
耳栓
頻尿
聴診
剥製
廃寺
音韻
溺死
鏡餅
語弊
外枠
懇意
謹製
歳頃
擬態
廃水
俊足
自浄
黒蜜
闇雲
公邸
遷宮
攻殻
自刃
膝痛
霊媒
索敵
据置
寮生
靴屋
不肖
辛辣
身頃
俊敏
堕胎
勅語
無闇
憤怒
年譜
曹長
口蓋
銃刀
斬首
偏屈
報償
嫡子
端緒
艦内
冥利
腎炎
手拭
尚早
籠城
乾麺
豪傑
冥土
拙著
勧奨
珠算
嫌煙
花茎
不浄
慶弔
銃身
座礁
内股
遡及
棚板
偏食
人肌
軟禁
砂嵐
殉教
愚弄
石窟
左舷
茶寮
寡婦
詩吟
語呂
亡骸
融点
右舷
有閑
木枠
借款
頑強
石棺
銃剣
合鍵
関脇
洋梨
玉串
顕現
勅令
私塾
大枠
天蓋
灰汁
他薦
静粛
偏在
斬撃
併走
錦絵
瓦解
沸点
神仙
夏頃
汁粉
梅酢
山裾
弔問
苛烈
一隅
戴冠
折衷
城塞
浸漬
滋味
改廃
汗腺
愛玩
布巾
妖術
併殺
述懐
秋頃
銘板
吸殻
褒章
恩賜
双璧
煮沸
別枠
再診
嫡出
還流
苛酷
弔辞
返戻
偽札
仙骨
猟銃
禅僧
傷痕
妥結
紛糾
勅命
出廷
勃興
窮状
蹴球
盲信
壮麗
釣場
子爵
万遍
窯業
荒涼
一睡
落款
尼僧
謙譲
拙速
不貞
譜代
羅刹
別棟
肌質
享楽
印籠
血痕
膝下
雪駄
下賜
闇金
釣人
朝貢
禁錮
土瓶
空隙
入渓
軍閥
緒戦
病菌
陰鬱
逓信
内診
後釜
広汎
訪韓
開栓
藩邸
純朴
帳尻
興亜
軟質
銃砲
和睦
海溝
白猫
火竜
全盲
火鍋
下唇
納棺
誓願
敵艦
鬼瓦
白蛇
釣船
肌身
鉄鍋
洞門
鉢巻
竹串
傑出
四股
冥府
血腫
膝枕
出奔
堪忍
枕詞
廃道
義肢
本塁
酢飯
散逸
蔑称
偏狭
奔流
懐柔
化繊
環礁
冷涼
毒蛇
舶来
釣法
海猿
丼物
腎症
累進
爵位
対艦
月餅
肉腫
反核
本懐
坪庭
幸甚
根茎
両刃
入寮
保佐
生麺
次亜
黄巾
釣魚
京畿
廃城
南麓
先頃
鉢物
眉根
両膝
寡占
扉絵
粛正
黄斑
尻餅
食餌
廃部
屯所
銘茶
涼感
全寮
歌仙
遺骸
母斑
半襟
悪辣
歯牙
鹿肉
虹彩
頬骨
股下
核種
誤診
主賓
回診
文盲
贈賄
寛解
赤痢
藻場
虎口
渋皮
犬猿
雨傘
誰彼
肩肘
愁訴
多寡
湯煎
頓着
統帥
教唆
顕微
平癒
貴賓
歯槽
竹酢
桁数
懸濁
木肌
艦上
沙漠
村塾
勅願
渡渉
挫傷
酌量
密偵
固唾
水瓶
唯識
右膝
偏愛
厄除
遷座
剛毛
偽証
枠外
闇市
禍根
春頃
崖下
嵐電
餅米
拙宅
瓶詰
弔慰
渋柿
英傑
打鍵
薫風
正弦
霜柱
斑紋
御幣
顎骨
宵山
穴熊
野猿
王侯
腐臭
渦潮
鹿鳴
殉死
末頃
膝上
土塀
左膝
廃村
臆面
窯跡
白眉
生臭
租界
茎葉
褒賞
紅斑
亜流
暗礁
水腫
渋味
損耗
准将
妖気
紡織
白斑
公僕
冶金
懐紙
把持
浄霊
餅屋
宵闇
騰落
汁気
求償
鬱屈
墨汁
銘文
文旦
怨恨
宵宮
餌場
靴箱
漸次
核爆
弔事
妄信
尚書
泥炭
弔電
国賓
胸腺
尚宮
脇差
艦砲
首塚
上唇
菌床
謹賀
袖丈
爪痕
朴葉
古窯
甚句
鼻汁
襟足
肝腎
献呈
難渋
寮長
岩窟
尊崇
釣鐘
襟首
腺腫
茶漬
竜頭
索道
痴態
浅漬
凄絶
薫製
要諦
酒瓶
愉悦
邸内
逸失
併売
貢物
激甚
猫舌
米酢
渦巻
美尻
片膝
刃傷
芯材
藻塩
放逐
浄財
廃番
薫陶
奉献
窮乏
軟便
折鶴
箸袋
人垣
併存
角栓
惨禍
茶巾
海亀
糖蜜
儒者
諦観
砕氷
隠喩
青竜
釣友
鉢花
喝破
挿話
境涯
不斉
扶持
頻回
風洞
傘寿
股引
拝謁
菌株
回旋
暗譜
胸椎
猫砂
閑話
白刃
麺棒
歌枕
出棺
臭素
梗概
紫斑
木琴
詔書
自邸
茶釜
偽書
嫡流
草餅
斎王
進塁
脱硫
草枕
上忍
賓客
清祥
赤瓦
硬軟
卵殻
藤色
拘泥
肌寒
貧窮
寮歌
漆芸
上弦
艦首
詔勅
銘仙
足蹴
豪壮
媒質
白肌
閑居
雪洞
裏蓋
沙門
賭場
枠順
私邸
製缶
混紡
惰眠
火蓋
廃熱
病診
鉄柵
偏心
下弦
併行
戦禍
附録
鏡筒
釣瓶
頓服
駄馬
剛体
撤兵
凸部
捻転
眉唾
辣腕
後肢
靴音
歯磨
母猫
諦念
真核
首肯
学閥
韻律
舶用
大瓶
軟派
落慶
挟撃
毒牙
暗喩
残塁
北麓
剥落
竜骨
頻脈
勲功
駄賃
闇鍋
鉢底
麻黄
地租
挿画
山猿
憤死
謄写
左脇
弾痕
合繊
蛇紋
外患
虚妄
妄執
飛蚊
股上
粘菌
存廃
杉板
拙作
選奨
醜聞
色艶
庶子
前肢
姻族
小猿
脇侍
生唾
呪符
替刃
佐幕
椎骨
剖検
奉還
吟詠
漁礁
斬殺
時宜
生菌
魚礁
献納
漸進
廃虚
枠線
偽計
泥土
右脇
黒漆
参禅
柔肌
相貌
棟札
義憤
清拭
累代
都督
献本
享有
征韓
衷心
目蓋
剛腕
周旋
外戚
薄闇
暁星
統轄
食酢
臭化
乗艦
鬱積
併催
鍋底
軍靴
殊勲
保菌
把手
肘掛
尻穴
殉難
乳汁
外殻
拙稿
拙文
当塾
塁間
腕枕
番傘
開廷
献体
偏執
国慶
癒合
午睡
水鉢
土鈴
献策
怪傑
釜玉
租借
銃後
大鉢
泥流
遮水
女傑
塁審
菌体
泥岩
軸索
亜科
淑徳
繊毛
紡糸
熊襲
尻馬
悠然
逓減
頑健
採餌
拳骨
肝斑
仙女
硝煙
准尉
図譜
口渇
劇症
通塾
江湖
着艦
錦秋
調弦
元栓
霜降
寮母
寡聞
菜箸
餌木
但書
食膳
融着
漠然
右隅
舷側
色盲
青臭
荒縄
還俗
頑迷
漸減
勅許
禅譲
武勲
快癒
慶祝
邸跡
災禍
左隅
上蓋
端唄
斎行
旋法
概括
右肘
人倫
拙攻
内偵
憤激
透徹
空疎
管弦
戻入
女囚
翼竜
海猫
在阪
韻文
無銘
寮費
領袖
網棚
開扉
雪柳
貼紙
韓人
臭覚
廃用
抄訳
麻袋
仙腸
銘記
姻戚
美醜
牛鍋
擬制
津液
天涯
無窮
花芯
儒家
憂愁
偏波
彰義
半巾
禅語
外溝
延縄
種菌
手駒
神竜
脇芽
脇見
裏拳
陸曹
斗瓶
杉材
死臭
片刃
三韓
宮邸
遷延
争訟
火箸
縁戚
彫塑
奇矯
成猫
両頬
赤枠
脇目
亜目
権衡
股旅
虜囚
徹甲
隅角
乾漆
釣銭
手鍋
菌数
椎体
核燃
附子
帰阪
孫呉
呪力
減俸
板塀
併科
禅院
茶筒
中忍
恋唄
拙僧
賜杯
叙任
大筒
壮烈
六斎
銘品
官幣
壮健
塑像
土竜
茶殻
膝丈
苦汁
寄棟
在韓
性腺
蛍火
反騰
海蛇
筒型
舟艇
不祥
漆塗
剛力
駄弁
呂律
日伯
初霜
奉斎
誓文
山懐
猫柳
兵曹
窯変
菌根
酷薄
左頬
連騰
坪数
狂奔
湧泉
頻拍
捕囚
壮士
両袖
醜女
連珠
三猿
脳汁
駐韓
梅鉢
初釜
自爪
手肌
附票
呉須
拳闘
肌理
懐胎
黒鍵
老荘
脇毛
藩閥
駄犬
凸版
公租
台枠
石塀
尻軽
傲岸
廃園
芯線
呪法
深爪
壮快
伯楽
廃坑
唾棄
本艦
艇長
盲検
闇色
棟内
周溝
徒渉
短銃
核内
夕鶴
禍福
慄然
家猫
喉仏
親韓
葛餅
銃火
仙境
硝化
上靴
佐官
病症
塾頭
艇庫
甘柿
凄味
意拳
酢水
皇妃
詮議
側索
風采
割箸
棟木
碁聖
元勲
淫売
才媛
毀誉
本症
賜姓
魔窟
偽薬
摩羅
竜虎
争覇
麻糸
厄災
靴店
受忍
附加
膝裏
呉音
懐刀
詰碁
繭玉
喪家
薪窯
艦名
諭旨
右頬
逐条
艦尾
砲艦
老翁
子鹿
国賠
口琴
厄日
併給
丸餅
新患
酷寒
出刃
値頃
詐術
猫型
津津
糾合
盲従
廃除
椎間
虎穴
大艦
棟数
偽作
砂泥
迷妄
席亭
遍在
密栓
鬱血
渉猟
膝頭
貪食
顎下
家譜
御柳
予診
皮剥
梨地
矢筒
亜型
参籠
継嗣
加硫
騰貴
魔竜
韓中
焼餅
冥想
爪甲
一頃
夜闇
天羅
持駒
左肘
籠手
腎虚
藤娘
廃置
腫大
釣針
附置
親猫
謹啓
泥臭
哺育
地唄
空芯
軟鉄
洋傘
悠悠
寮内
冥途
奉幣
空缶
塊茎
銘醸
還幸
貞節
唯心
悪疫
迅雷
建坪
窃取
堆砂
両肘
採譜
斉射
巧拙
面妖
本厄
枠連
凶刃
病斑
山渓
香酢
偏平
仙郷
花籠
蓋付
秘抄
泥縄
漸近
油槽
乱麻
仙術
顔貌
脈診
前厄
神韻
陥入
併任
献灯
視診
舟唄
葛粉
旅愁
窮迫
閑人
升目
鹿革
褐藻
一泡
三弦
擬古
逸物
憤然
熊猫
氷枕
詰襟
蛍雪
疎林
老猫
衡平
深甚
陶冶
謹厳
理窟
本邸
巧緻
懸架
茶渋
汗臭
懸崖
未曽
廃炉
内釜
同妃
芯地
葛湯
乳鉢
涼味
炭窯
参酌
門閥
星霜
媒染
併録
悪弊
開襟
後厄
廃家
木棺
巾木
解呪
懸想
勲位
春暁
謹呈
叙位
和琴
金泥
原核
縄張
漸増
左袖
外貌
併置
肥培
手酌
弔意
芽腫
廃船
爪跡
鎖鎌
附記
自艦
鉄扉
住棟
水枕
等閑
鶏鍋
鎌首
記譜
蓋物
薬缶
硫安
鬱金
充用
塩漬
堀跡
鉢植
閑職
誰何
懐剣
焦眉
角瓶
矢尻
霜害
喪神
放逸
駅逓
発艦
硝石
潮汁
寡作
温麺
菌種
花鉢
逓増
逐語
餌代
黒斑
私淑
擬装
斉一
傑物
柿色
桁行
旧弊
叙階
尚侍
眉目
推戴
消泡
春愁
東遷
放銃
拙劣
妄念
怨敵
春宵
毛艶
右拳
塁上
地溝
僚船
羨道
興廃
摂餌
虎目
大宰
斎院
酢物
虎竹
冷汁
北枕
船艇
吟遊
附設
餌台
痴話
蛍石
杉玉
火縄
片袖
押韻
旅荘
猫草
悠遊
電顕
玉竜
片眉
餌料
従僕
底泥
籠絡
搾汁
妄語
銃床
筋症
竜種
俺俺
浄書
尉官
外柵
刃文
虎猫
喉笛
遷化
緑藻
泡状
逸文
刃紋
桁橋
貞心
疎明
豆餅
魔羅
補腎
来阪
外筒
干柿
玉璽
痴情
旧邸
植菌
減耗
銃座
半妖
力餅
唄声
号棟
塗抹
脇下
湯麺
待宵
悲憤
窯場
虫籠
妖異
旧譜
渋面
懐旧
艶姿
十傑
根鉢
摩滅
中扉
畏友
仙界
薄刃
麻縄
音譜
艶笑
忍冬
填補
酒仙
廷臣
鉢土
斎主
茎頂
竹籠
角竜
平麺
服喪
刻銘
顕性
代診
各棟
廃嫡
糾明
懇請
黒虎
美粧
艦体
眉尻
内筒
禅林
准看
太枠
愚昧
錬磨
猶子
諧調
譜例
喉輪
唄者
奈何
督励
腎気
醜男
防刃
雪肌
刃部
艦爆
銃創
元宵
泥田
鍋蓋
黒枠
後逸
菌核
非訟
寡兵
艦攻
廃酸
枢要
伎楽
廃位
軽侮
単核
還御
忍辱
駒鳥
研摩
添附
有症
熱核
買戻
脱亜
陸佐
雌猫
採蜜
新艇
増枠
雲泥
大猿
痴人
対韓
勅諭
愉楽
木靴
艦種
妖星
空瓶
殉国
同枠
虎児
軟性
大喪
防塁
分屯
全艦
幣殿
脊索
艶女
花珠
附随
偏位
安逸
邪淫
覇業
湯槽
懸魚
禅堂
虎舞
雄猫
箸箱
赤猫
常闇
糸杉
説諭
厚朴
月琴
桟道
叙景
脱硝
手枕
亜炭
得喪
物凄
艶歌
宝瓶
巨艦
両舷
腺筋
御璽
廃藩
中棚
安祥
湖尻
鉄琴
青藍
黒柿
騰勢
肘鉄
窮余
累乗
尻肉
呉越
青猫
老杉
唯今
下枠
各艦
献杯
海曹
鼻唄
梨畑
嘲弄
端渓
遅霜
漸化
併読
凸型
鬱鬱
水蜜
方偏
茎数
本葛
勅書
藍藻
縄目
丸瓦
腎性
帯枕
臭味
通暁
太尉
枠材
含羞
渋染
多核
頬肉
主桁
新涼
抹香
製靴
筒袖
口脇
鬱気
完徹
虎斑
校尉
併映
挿木
潰滅
内蓋
逸走
胸襟
頬袋
薫香
森閑
嫌中
屯倉
喉奥
損賠
魚竜
頓死
名宛
風琴
麦汁
生漆
一佐
本膳
筒部
緑泥
雲斎
恭敬
鈴口
侮日
弦月
妖婦
猫毛
堆朱
廃仏
泥質
泥状
幻妖
増患
泥中
在銘
閉廷
艦戦
造幣
大厄
暁天
麻混
詐偽
鈴懸
有蓋
窮極
陥凹
淫欲
花蜜
附表
画塾
男臭
膝蓋
同艦
紅虎
花傘
塾員
椎弓
仙薬
剛球
漆工
軟鋼
筒先
崖地
猫語
興禅
釣舟
沈鬱
舌禍
子熊
正妃
右袖
羽釜
上隅
誓詞
無蓋
斑状
熟柿
北棟
偽悪
睦言
闇黒
喪章
本譜
融液
抑鬱
薫物
核子
上槽
南棟
閑寂
潔斎
退廷
臼蓋
逐電
筆塚
茶亭
丙種
防菌
餅粉
帯芯
尿症
岩棚
餌箱
山窯
寮監
磨製
脇汗
同慶
渦流
迎賓
鋼索
繭糸
僚友
脂腺
棚機
忍従
箸先
不偏
老醜
尿瓶
歳旦
紅殻
一尉
筒形
緒言
皿鉢
村荘
傲然
散瞳
柳眉
唇弁
退寮
赤竜
還相
蚊遣
累犯
髄核
中瓶
叙事
日附
禅門
献辞
感懐
猫飯
后妃
金熊
畝間
係累
騎虎
凹版
深鉢
出稼
関釜
渦状
銃猟
懐手
薬瓶
有茎
腫物
少壮
僧尼
海佐
頬紅
呈茶
竜眼
黒塀
外旋
広蓋
石塁
柿酢
泥船
韓食
多汁
金串
枕頭
霊枢
斎戒
大顎
大喝
附着
暁光
平瓦
築窯
梨状
幽冥
披講
東棟
籠中
朱漆
黄鶴
厄病
原猿
鍋肌
早逝
窮民
勲等
艶感
虎柄
悪罵
手巾
襟巻
中蓋
内廷
地竜
蛇皮
抄造
子猿
枠数
拙論
襟章
足駄
渋茶
鍋焼
葉茎
奉戴
翁草
総枠
桃缶
将帥
尚古
雄鹿
貢納
茎茶
懐炉
入廷
片頬
金枠
韓米
肘木
韓屋
泥道
陸尉
僚艦
嫌嫌
潰走
邪竜
繊度
瓦窯
顕熱
魚偏
惰弱
暗鬱
内旋
西棟
城柵
俊才
勾欄
呪物
国璽
師叔
籠目
球茎
枢密
呈色
凸面
魚臭
霜夜
受勲
呪言
熊蜂
貞女
禅的
杉皮
蹴込
渓畔
片麻
韓式
沃野
磨墨
記銘
枠番
鶴翼
電鍵
登窯
麻紙
出隅
痘痕
竹箸
粛然
牧柵
串刺
袋麺
造礁
醜状
銃眼
枢機
白鍵
清汁
荷駄
油臭
艶髪
拳大
筒内
肉茎
袖壁
都尉
鍋釜
進貢
謎爆
軟投
錦旗
替芯
唐桟
短靴
褐炭
累層
曹達
傘屋
密勅
爪牙
質朴
面貌
挿図
鈍麻
頻用
激臭
本菌
猫族
水腎
肌目
望診
日嗣
早暁
蛇女
左拳
泥地
剛勇
尼公
魚籠
廃版
廃鉱
端艇
神諭
腹症
箱桁
大駒
紙筒
奔馬
風韻
払暁
脇息
麺線
開塾
抄出
元妃
猫車
甘藍
熊肉
厄難
凸状
禅学
淫婦
刃長
廃帝
私憤
飛曹
枕辺
偏角
海泥
求核
印譜
鳥鍋
酔虎
建艦
償金
花筒
操艦
駄句
剛胆
液汁
真猿
前扉
銀鈴
接舷
金蛇
薬籠
大妃
廃刀
珠数
嫡孫
頓狂
直喩
缶入
野鶴
靴墨
壌土
旋毛
上枠
両拳
吟社
気鬱
勅額
神璽
糸柳
鹿皮
生爪
幣束
二尉
黒蛇
経筒
総譜
碁会
族譜
碑銘
洪積
銅鍋
国幣
俗諦
鉄芯
艶麗
渇仰
沸石
竜脚
帰艦
猿股
賭事
瞭然
軟球
揚琴
大棟
衣桁
隠忍
謹言
画餅
行乞
卵肌
増槽
猿顔
酒膳
大巾
艦底
芯棒
湧昇
丸襟
後嗣
呉汁
家塾
酔醒
鶴首
苦衷
瓦屋
丙子
法嗣
斉王
酢漬
隅部
降霜
紅藻
壮挙
人偏
妖姫
戦渦
懸隔
鳥竜
官窯
虎将
盆棚
福猫
幽囚
玩味
親亀
泡立
縦溝
釣技
東漸
木偏
雨嵐
平釜
廃疾
戻橋
傘袋
腰縄
控股
丼飯
対症
核出
麺用
内核
神籠
伎芸
靴跡
浄火
犬鍋
炎竜
枕経
春嵐
詩抄
亜属
急崖
長拳
大患
夢猫
蚊柱
前核
串柿
情痴
艶本
脚韻
沙魚
三尉
柳都
腎経
餅子
鬼殻
呪具
渡韓
鉄釜
三献
弔詞
欧亜
子亀
塾講
雌鹿
祝膳
取鍋
怪猫
顕密
獣疫
頓知
地蜂
気腫
閑談
挿花
脇士
入洞
茶猫
横串
肌水
深閑
退艦
偽膜
立膝
土窯
妖花
雪譜
名窯
臆測
余慶
毒餌
五倫
琴柱
花嵐
偽金
毀棄
升麻
因循
顕揚
内殻
浅鉢
悠揚
起泡
色漆
物臭
馬鈴
白餅
貼箱
駄本
衆寡
釣合
精索
顎先
餅花
累年
愛銃
斬罪
朱泥
減菌
休閑
繁閑
酌婦
廃立
整肌
暁闇
誰人
箱膳
督戦
短艇
減摩
漆絵
中栓
核膜
煎豆
韓紙
海尉
汁液
昇叙
門塀
斑岩
枕許
角餅
眉頭
舶載
汎化
唐臼
赤梨
画譜
栃餅
虎尾
臼砲
呂色
不磨
潟湖
銀熊
窮境
蛇体
墨痕
銘花
銃兵
土釜
奮迅
麻地
捕逸
玉繭
田亀
艇身
水偵
矯風
露顕
袖付
冬籠
崖道
艇速
一竜
本棟
斑猫
印泥
升米
女仙
真諦
家宰
譜法
単艦
鉄鉢
疎植
別鍋
仙窟
虎視
多肢
白泡
老麺
群盲
盆唄
宵月
菌群
羅宇
茶瓶
湧網
竜騎
譜表
気韻
広巾
無涯
核果
斑晶
裾部
併営
偽史
鍵束
疎密
衣鉢
拳固
附図
発憤
股座
勾引
窮奇
秋霜
広漠
籠球
銘刀
虎毛
紡毛
領巾
前枠
拙訳
核力
窮理
月猫
禅者
葉痕
盲者
貝汁
独酌
陸棚
失陥
浄信
宰領
黒瞳
蜜豆
菌血
角逐
横桟
恋猫
褒状
泥海
練塀
駒札
手隙
蚊取
柵内
愁眉
黄禍
逸出
捕縄
独吟
豆汁
一肌
追剥
丸鉢
磨崖
死斑
水藻
荘官
三曹
大詔
蛍袋
閑吟
香煎
升席
板蓋
泡銭
駒草
舷窓
竜女
塗籠
貴顕
涼気
呈味
妄動
換喩
弔花
眉墨
偽典
両艦
公妃
白枠
塀際
浄妙
唇形
媒酌
藍花
王佐
孔隙
誰某
刺股
晩霜
懇望
盲僧
叙爵
閑暇
串物
遊惰
赤酢
浄衣
浄血
金竜
宵祭
排菌
肘痛
大扉
剥脱
活栓
抗核
本俸
誓紙
男汁
尾籠
黄麻
鉄蓋
詩仙
青枠
後患
双刃
呼鈴
殻長
菌液
壁芯
仙丹
膳部
奉呈
泥染
消渇
縦枠
銀猫
花梗
対償
奉遷
油症
遍満
悠遠
虞犯
権帥
南禅
累増
梅漬
駒音
面罵
堅忍
風媒
叱正
鈍磨
枠工
艇内
片肘
河伯
出藍
栓塞
二佐
円蓋
偏流
索漠
外刃
苛政
柳腰
慶寿
深鍋
勲記
累加
野茨
清爽
誓言
忍容
麺食
軸芯
一斑
鼻栓
貞潔
妖美
廃都
白蜜
靴型
皮靴
渋紙
牛膝
淫楽
溶菌
猫板
玩弄
斉家
棚氷
唯信
山藍
置碁
遠戚
露霜
鉄枠
仙翁
入隅
夜嵐
弥縫
艶然
猫鍋
艶色
鼻咽
桃核
袖垣
罷出
光刃
唾石
夜鍋
用箋
山繭
逓送
空尉
本藍
帰塁
土臭
汚臭
空佐
緒論
太眉
陰膳
禅画
惑溺
焼刃
集患
霊璽
京津
痴愚
造艦
僕射
写譜
艶肌
桁下
把捉
俊傑
当荘
鐘銘
艶美
水妖
渓水
提琴
列侯
広壮
筒子
靴先
闇路
塾代
羅天
醜業
卒塾
枕上
爪紅
摩崖
寝棺
口淫
偽称
遊吟
片舷
煎剤
腎精
内鍵
合駒
醜怪
膝行
核熱
女偏
汎発
銃手
藩儒
表慶
古塚
磨滅
封禅
月旦
銀泥
枕絵
琴座
軒瓦
逸楽
苦吟
船殻
宛然
泡雪
幻肢
切餅
詮方
邸前
伯領
飢渇
宵待
取戻
罷業
親疎
白泥
曽孫
桜鍋
御寮
缶汁
公憤
御慶
城塁
頬白
附合
満珠
披見
碁敵
逐年
釣書
准后
侯国
追懐
頬側
痛罵
蛇革
唇音
酒槽
放恣
摩天
石刃
刃筋
阪高
頒価
猿神
逓次
頭韻
味覇
条痕
肌面
茎菜
猿害
脇指
生酢
惰力
田紳
懸仏
休廷
釣客
泥坊
熊鍋
儒仏
闇屋
艦影
差戻
頃日
片肌
軒猿
縄紋
禅家
熊胆
偏移
附与
鳴弦
沃素
切診
錦上
低臭
乾酪
唇顎
冥合
禅味
犬儒
最頻
朝霜
騰蛇
猿面
特薦
靴裏
蜂群
酒臭
酷電
塾主
珠芽
外挿
竜笛
肉鍋
宛字
松琴
爽秋
正嫡
猫顔
猫額
下附
閑却
仙花
下緒
弔鐘
閑閑
蜜腺
殉情
懇志
錦鶏
阻喪
沙石
仙椎
縮瞳
釜場
丙申
泡影
壮丁
毒腺
天壌
食缶
回盲
手偏
挿頭
健祥
芯糸
半盲
溝跡
白珠
霜雪
釜師
空曹
雲錦
弔文
回勅
謹告
暇乞
伏竜
禍事
袖下
肌艶
囚徒
坪量
裾幅
平叙
泥足
呪禁
藤紫
水虎
蛇身
水蛇
筆禍
薫蒸
垣間
好餌
猫脚
均斉
黄竜
杉葉
電鈴
袖珍
畏縮
謙抑
汚肌
字彙
遷幸
題箋
画仙
累算
民窯
爽涼
共沸
蛇矛
登仙
嫌米
円唇
呉書
血臭
納采
正藍
患家
無核
外股
茶棚
姫塚
山塞
煎薬
風伯
細緻
苛性
精汁
外蓋
頓悟
殻斗
馬寮
尻側
神鹿
主茎
祥月
樹肌
駒得
悲愁
惨酷
臭液
下僚
拳拳
新柳
棚割
乳臭
地爪
錦帯
強剛
核型
舌咽
方伯
花殻
扉口
角袖
升酒
累損
渦動
索条
虎皮
煙筒
尚歯
紅巾
角鉢
刀痕
虎魚
特融
溝蓋
臭腺
初嵐
猫手
鉢皿
顕名
銘銘
扶翼
皇嗣
圧砕
軍帥
蛇管
人斬
眼症
弊風
糸偏
二藍
被殻
病弊
赤眉
尿臭
釣手
銃隊
柳色
闇神
凄艶
廃艦
延坪
泥壁
唯唯
友垣
手籠
釣台
腺管
庶幾
駄駄
粛軍
砕片
竜脈
牛疫
離礁
肌力
印璽
通弊
禅刹
懇情
浄福
餌皿
併称
禅室
条溝
喉声
卵丼
塁壁
孤塁
頓馬
疫痢
偽経
雨靴
抄物
暴戻
沃化
廃退
扶植
巨刹
奴僕
崇仏
夏肌
貢租
謎謎
十刹
偽色
母熊
紅竜
羅針
内懐
祈誓
亭号
官爵
偽王
輪禍
缶底
水餅
田租
羅城
美眉
陸亀
肝腫
袖裏
水砕
公賓
崖側
勅勘
煙硝
薫煙
丼鉢
塾名
銘版
円頓
吟唱
船艦
茎先
糾問
古拙
白襟
曲譜
花仙
鼻唇
灯芯
呪的
韻脚
忍刀
上履
月俸
貢進
謹直
除臭
横桁
旋転
彙報
秋涼
闇討
匂袋
偏奇
裾口
外核
微睡
乳酪
達摩
有核
初窯
孤愁
家僕
廃滅
亭侯
速醸
左腎
鋳肌
汁麺
崖面
艶書
青酎
航艦
入貢
隠逸
米杉
苦患
蹴爪
空閑
仮枠
恒沙
袖幅
汽缶
懐郷
貴紳
総轄
脱殻
蚕棚
矢塚
裾濃
和諧
岡持
整斉
銀傘
遺詔
菌量
解砕
野猫
釣殿
別抄
奇禍
鬱結
逸事
柳麺
盲導
儒官
寝刃
排泥
蚕繭
鬱勃
核的
汎論
高枕
底蓋
蓋裏
個艦
碁界
拙守
叱声
振鈴
朽廃
眼尻
帰岡
離塁
朱唇
面頬
異貌
浄罪
塩析
還住
来診
藻草
空漠
蓋石
窮鳥
隅丸
金偏
秘鍵
妖光
抜殻
消閑
累卵
霜花
満韓
壮齢
黒肌
艦政
口偏
金駒
袖部
保塁
儒生
側扉
紅鶴
帰寮
憂患
浄行
老壮
早碁
蓋然
蛇性
忠僕
顕然
酢卵
死菌
黒闇
袖章
脇線
幹肌
傑僧
連衡
続騰
二曹
肌感
全顎
廃兵
五覇
床脇
金幣
撃砕
醜行
叙法
祝箸
盲動
勇壮
退塾
告諭
中枠
窯主
飢死
雄蜂
塩汁
竜蛇
艶聞
飾棚
古漬
韻書
内鍋
股布
洞道
蜜糖
刺症
斎庭
地核
暁鐘
忍苦
駅鈴
入棺
闇汁
製麻
闇米
呪師
罷工
眉宇
繰戻
濃艶
崇祖
老尼
賜金
荒淫
缶内
懇篤
嫌忌
禅風
腫張
煮麺
廃語
竜脳
浦波
廷吏
隅柱
旋網
蓋世
附議
残餌
細隙
削剥
路麺
渋色
釜敷
回析
脇立
台尻
呈上
足枕
耳殻
泥色
勃然
痛憤
陰萎
斎会
併有
引眉
虎豆
盤渉
麺状
優艶
緑亀
田翁
紅餅
酷刑
索然
岡目
船唄
小蛇
披歴
水禍
炎蛇
脇能
索具
箱枕
虫偏
尚友
頓用
艶消
開析
懸橋
図彙
塞外
採泥
石枠
刃幅
衷情
壮美
涼秋
書痴
逸機
釣橋
罵言
粉餅
雲鶴
奉勅
凄烈
亀虫
呉下
韓語
献詠
木蓋
餅肌
錦蛇
臭木
麻取
蛇柄
盲亀
物詣
禍害
心腎
浄楽
棟別
鉢金
金巾
薬餌
缶切
挫骨
疎略
猫女
窯内
偉勲
来崎
結索
幣制
諸肌
夜爪
売淫
左裾
泥砂
采地
墨縄
顕色
腸腺
貼布
鉄串
寮舎
弄花
渋渋
障泥
透塀
送呈
渓声
脇仏
赤漆
青麻
塾舎
逸散
索麺
扉裏
剣禅
正銘
韻母
土偏
酷吏
割戻
千緒
土肌
渡伯
沃土
熊祭
血餅
重患
陶枕
小巾
翁舞
広袖
銘鑑
附会
供膳
抗拒
人傑
霜葉
打弦
持碁
火砕
書淫
刃口
巣枠
雲珠
多淫
筆筒
剛強
碁所
壮途
崖際
実艦
錦地
解撤
旅枕
献物
宵寝
滋潤
貼用
半睡
揺籠
瓦当
捻子
韻字
韓神
雲肌
庶政
池亭
苛苛
夜盲
塾中
茨道
道諦
警醒
擬声
誓書
竜天
臼状
愁思
頭頃
洋琴
局麻
禍神
無稽
木履
茶禅
裕度
主虹
蜂鳥
女猫
虫餌
弊館
祥福
盲愛
風霜
奔騰
妖雲
匠塾
霜天
瀬脇
艶技
鉄索
石核
細眉
縄尻
蓋板
韓露
違棚
老僕
謹聴
棺内
自賠
苦諦
鳥銃
蜜液
嫉視
韓紅
勅選
磨砕
親熊
参稼
連吟
賞勲
小膝
滅諦
肘枕
漸新
琴糸
顕界
天爵
間充
唐錦
原藻
唯仏
逸民
賭金
偽印
偽足
手拳
地刃
叙説
仙籍
防塞
刃元
花譜
不堪
列仙
打栓
履践
破毀
雪嵐
芽柳
創痕
木栓
恭賀
幣物
片脇
藩侯
内患
錦衣
朴歯
傑人
利鎌
爪皮
母猿
貞門
激憤
老猿
火筒
陶棺
繊手
俗臭
瓦石
漬菜
鉄爪
勲爵
呪医
摩損
附言
芋餅
顕幽
琴曲
空鍋
蛇毒
銅羅
琴爪
瞳径
帆桁
大儒
小閑
舷灯
無顎
勅任
顕官
弾琴
弾芯
斬刑
肺患
刀刃
高吟
顕職
照柿
艦群
醜名
玉珠
竜尾
挟箱
党錮
苦厄
斎日
菜麺
勅号
豊頬
江畔
衆庶
奥襟
後肌
憂憤
襟裏
秀吟
勅定
和衷
倒潰
集諦
勅題
鬱然
疎隔
汎神
腺様
仏勅
封泥
弔旗
図顕
自叙
芋汁
黒靴
銃把
焼串
本誓
波枕
酸茎
暁方
崩潰
彫漆
扉側
金猫
喉下
夕涼
洪範
開傘
畝幅
土漠
眉下
寡言
女忍
追窮
手縄
雑喉
剛腹
屯営
準縄
我浄
新枕
酷烈
麻裏
橋脇
殻頂
脇付
朴刀
北隅
叱言
石琴
銃爪
岩崖
分轄
君侯
賞賜
青窯
亀節
引喩
媒材
餅草
白靴
馬槽
豊沃
江水
飾緒
閑地
人虎
牛酪
荷棚
授爵
赤肌
渦糸
隙見
据膳
呈出
急診
機捜
翼弦
隅肉
糸枠
絵肌
遡求
旦夕
庭隅
登竜
廃合
安禅
柳箸
右眉
指診
万頃
焼戻
盲進
寒餅
湯漬
機宜
修禅
大幣
洞然
錦手
真症
麺汁
凄技
肘下
郷紳
駄温
涼夜
残痕
沙金
廃県
雪蛍
肌膚
薬臭
目籠
右顎
火偏
車枠
裾丈
追弔
打碁
提喩
除霜
筒音
脱柵
鉢数
靴工
籠居
杉折
主顕
花忍
浄域
渓間
寛厚
瓶口
拝眉
石肌
騎銃
布靴
和釜
白麻
球腫
妬心
亭亭
違勅
女尻
腰枕
索餌
若肌
所懐
核質
気附
長逝
収繭
沙参
玄竜
空拳
病患
併進
青蛇
斑文
一曹
盲児
英艦
黄肌
壮図
羅文
家扶
核外
屯集
左眉
在廷
斎服
八股
亀板
紳商
舷門
花蜂
羞悪
桟留
箱柳
蛍草
石偏
尾筒
木藍
荒漠
淫奔
杉重
卒寮
黄汁
昧爽
訓諭
藍晶
衛尉
雅叙
艦齢
喪心
蒸鍋
茎節
弔歌
爪音
禅話
属僚
核化
韻塞
寧日
腐儒
離艦
賞玩
泥絵
矯激
隠顕
菌界
父猫
台襟
反哺
懸造
脇机
赤蛇
沈吟
原索
閥族
拝呈
門袖
水霜
薫習
泥層
廃市
人爵
冥官
紅唇
臆断
柵外
熊延
涼性
分蜜
漆液
開披
生繭
縦渦
貼絵
抱懐
桟俵
銃傷
塁状
寄鍋
飢寒
乾繭
筒鳥
羅紋
大尻
主索
法尻
外扉
虎耳
疎漏
喉首
謹書
膝骨
詩箋
恭謙
停頓
斬死
股立
青沙
前籠
斉次
漠漠
繊弱
爪床
遍計
宜秋
師伯
艶容
桜漬
海蛍
皮溝
両虎
臆見
韓伝
茎立
膝射
柳芽
頬筋
黒泥
悼辞
仙髄
喝道
盲判
在伯
法幣
愁嘆
聖仙
竜灯
内槽
大妖
枝梗
禅房
学僕
洪恩
糸尻
胸臆
早霜
煩多
犬臭
闇中
襟髪
前裾
藍地
雪靴
充員
献言
徹宵
勅裁
幽愁
毀傷
毒刃
幹縄
廃石
熊棚
花唇
愁然
銭亀
近麻
嵐気
炉釜
謹白
擬製
蔑如
際涯
訟廷
愛蜜
正診
謹厚
北寮
肢端
造顕
前爪
駒組
擬革
艦外
襟芯
勃勃
貞婦
乱刃
朴直
刃渡
手懸
菌食
谷懐
銃丸
水溝
爪形
拙悪
放吟
亀毛
小筒
木塀
天汁
増菌
単枠
立琴
脇殿
呪詞
仮睡
絹傘
丸芯
瓦桟
黒縄
棟門
素懐
寛典
磨臼
畝織
艦側
仙客
敬謙
満遍
懸詞
丸枠
柵列
知韓
両股
平刃
浜梨
宿怨
奨金
対診
帥宮
蜂球
傑士
購求
名渓
石崖
叙上
斉軍
拙筆
闇値
遣韓
襟度
遡航
条斑
愁色
柵封
壮語
決潰
伏鉢
泥靴
名吟
凸起
芯先
切韻
煮鍋
薬粧
蜂毒
襟先
駄物
准母
拙戦
右裾
女芯
邸外
恭倹
出瓶
色斑
和臭
湯桁
柵工
紙肌
梅瓶
浅鍋
今暁
蛍狩
寛厳
冥海
菌状
勘忍
偽電
甘汁
同韻
板扉
柿子
泥化
食籠
宅診
鉱泥
堆石
枝縄
瓶類
積弊
頑冥
古靴
別懇
多祥
朗吟
喉音
寸隙
赤核
漆紙
荷縄
還送
斑雪
浄業
神鈴
喪葬
神蛇
襟口
洪大
薬棚
害菌
堆雪
韻鏡
懸子
鉄拐
小括
幕尻
冥護
偏導
渓床
嘲罵
彰徳
遮風
宰判
溝板
旧怨
衣偏
松杉
大虹
眉上
奔出
雪盲
京奈
東寮
艶気
賜暇
小顎
共栓
田荘
蛍籠
下蓋
虫媒
山崖
韻尾
麻幹
姫蛍
蜜語
下履
半舷
壮者
爪母
渋扇
朱儒
両江
鉢型
弊履
朝涼
裾物
凸坊
賃餅
脳溝
弊政
投餌
竜盤
爪印
禅法
淫逸
訃音
邪仙
菊鉢
猫頭
木銃
鍵層
片偏
惰気
袖手
味盲
水煎
猿滑
窯炉
仏刹
淫雨
文藻
襲爵
遡源
邸地
旗亭
和紡