風呂
挨拶
焼酎
旦那
必須
椅子
完璧
稽古
日頃
一旦
拉致
親戚
隙間
破綻
年頃
妖怪
腫瘍
曖昧
所詮
今頃
嫉妬
洞窟
頂戴
妖精
玩具
三昧
憂鬱
弥生
日韓
爽快
貼付
僧侶
呪文
暗闇
藤本
尻尾
挫折
手頃
覚醒
斬新
腎臓
月頃
山麓
真摯
汎用
毀損
勾配
見頃
葛藤
牛丼
初詣
股間
近頃
冥福
進捗
刹那
元旦
韓流
拳銃
旺盛
堆肥
閉塞
語彙
変貌
賭博
危惧
堆積
要塞
翻弄
蜂蜜
脊髄
罵倒
傲慢
失踪
隠蔽
振袖
勃起
梗塞
唾液
瑠璃
乞食
勃発
痕跡
緻密
親睦
半袖
湧水
脇役
鍛冶
長袖
滑稽
明瞭
亀裂
宛名
氾濫
参詣
沙汰
眉毛
美貌
訃報
麺類
鍵盤
狙撃
払拭
臆病
煎餅
潰瘍
萎縮
全貌
裾野
眉間
冷麺
両脇
整頓
痩身
采配
煎茶
麻呂
製麺
土鍋
軽蔑
塩尻
薬膳
比喩
風貌
虹色
宛先
錦糸
恣意
灯籠
脊椎
雑巾
巾着
残骸
捻挫
死骸
中韓
貪欲
呪縛
乳腺
喝采
嘲笑
断崖
嗅覚
中頃
呪術
素麺
戦慄
急須
天丼
哺乳
二股
鉄拳
象牙
枕元
捻出
餌食
斑点
産駒
筋腫
塩釜
鬱病
妖艶
脱臼
怨念
咽頭
巣窟
罵声
腰椎
湧出
沙羅
怨霊
捕捉
釜飯
昼頃
賄賂
頭巾
浮腫
留袖
韓日
妖魔
拳法
石臼
蜂起
容貌
造詣
袖口
俳諧
精緻
脊柱
頓挫
遡上
藍染
遜色
謙遜
尻目
白虎
僅差
羞恥
上顎
副腎
一蹴
私怨
脇腹
豚丼
下顎
冥界
川尻
溺愛
旅籠
伴侶
凄惨
勾玉
蔑視
目尻
小唄
自嘲
真鶴
頭蓋
涙腺
闇夜
喉頭
叱責
頃合
遮蔽
羨望
凄腕
給餌
付箋
亀甲
詮索
藍色
肥沃
食玩
骸骨
古刹
臼歯
侮蔑
養蜂
鬱憤
爪先
夕闇
間隙
脇道
藤波
米韓
睦月
遡行
配膳
勾留
便箋
太股
聖痕
畏怖
鍋物
塞栓
畏敬
枕木
瓦版
名刹
島唄
桜餅
形骸
不遜
瞳孔
咽喉
憧憬
僅少
串焼
柿渋
楷書
長唄
膝元
喉元
韓米
瞳子
溺死
鏡餅
歳頃
黒蜜
闇雲
膝痛
辛辣
身頃
無闇
口蓋
斬首
冥利
腎炎
手拭
籠城
乾麺
冥土
小袖
内股
遡及
砂嵐
愚弄
石窟
左舷
語呂
亡骸
猛虎
藤棚
右舷
合鍵
関脇
玉串
鍵穴
天蓋
斬撃
錦絵
夢枕
瓦解
夏頃
山裾
苛烈
戴冠
城塞
汗腺
愛玩
布巾
妖術
秋頃
双璧
苛酷
傷痕
勃興
蜜蜂
蹴球
羅刹
印籠
葛根
牙城
血痕
膝下
闇金
大股
禁錮
空隙
陰鬱
後釜
広汎
訪韓
帳尻
和睦
火鍋
鬼瓦
鉄鍋
大鍋
竹串
四股
冥府
血腫
膝枕
枕詞
蔑称
丼物
腎症
小籠
月餅
鶴亀
肉腫
生麺
黄巾
京畿
南麓
先頃
眉根
両膝
黄斑
尻餅
食餌
遺骸
母斑
悪辣
蜜月
歯牙
虹彩
股下
虎口
誰彼
肩肘
湯煎
頓着
妻籠
桁数
沙漠
挫傷
固唾
右膝
冥王
闇市
春頃
崖下
嵐電
餅米
渋柿
打鍵
斑紋
小鍋
顎骨
沙弥
末頃
膝上
左膝
臆面
妖獣
白眉
勾当
紅斑
水腫
妖気
白斑
冶金
鶴丸
餅屋
宵闇
鬱屈
文旦
怨恨
餌場
小脇
胸腺
脇差
妖刀
袖丈
爪痕
橋桁
肝腎
岩窟
腺腫
凄絶
要諦
拳士
石釜
弥次
大膳
美尻
片膝
芯材
鍋屋
折鶴
箸袋
茶巾
海亀
糖蜜
諦観
茶臼
隠喩
股引
胸椎
麺棒
歌枕
梗概
紫斑
采女
茶釜
道脇
草餅
大嵐
草枕
赤瓦
藤色
足蹴
裏蓋
沙門
賭場
火蓋
鉄柵
頓服
捻転
眉唾
辣腕
青嵐
諦念
毒牙
暗喩
北麓
桃尻
闇鍋
左脇
弾痕
股上
色艶
脇侍
生唾
呪符
椎骨
斬殺
鳥籠
右脇
白鶴
相貌
藤花
清拭
征韓
目蓋
外戚
薄闇
鬱積
松鶴
鍋底
肘掛
尻穴
腕枕
釜玉
尻馬
採餌
拳骨
井桁
肝斑
錦秋
弥助
菜箸
餌木
食膳
舷側
亀石
上蓋
端唄
妖力
右肘
虹橋
西麓
領袖
貼紙
韓人
姻戚
牛鍋
花芯
淫魔
半巾
手駒
脇芽
脇見
裏拳
三韓
火箸
縁戚
脇目
股旅
手鍋
椎体
呪力
恋唄
膝丈
在韓
東麓
性腺
呂律
湧泉
両袖
駐韓
初釜
自爪
呉須
拳闘
黒鍵
脇毛
尻軽
傲岸
芯線
呪法
深爪
唾棄
闇色
夕鶴
慄然
喉仏
親韓
葛餅
甘柿
凄味
意拳
詮議
風采
割箸
淫売
若駒
毀誉
魔窟
竜虎
膝裏
虎子
丸餅
値頃
椎間
虎穴
鬱血
湯釜
膝頭
貪食
顎下
参籠
韓中
焼餅
冥想
爪甲
一頃
夜闇
持駒
左肘
籠手
腎虚
藤娘
腫大
哺育
催淫
地唄
空芯
冥途
冥加
堆砂
瓦屋
両肘
面妖
病斑
花籠
蓋付
釜屋
顔貌
舟唄
葛粉
真葛
氷枕
陶冶
理窟
巧緻
妖女
懸崖
未曽
内釜
芯地
葛湯
蒸籠
巾木
解呪
左袖
外貌
春駒
芽腫
爪跡
鎖鎌
水枕
小股
淫獣
鶏鍋
鎌首
蓋物
鬱金
誰何
焦眉
矢尻
一鶴
温麺
餌代
黒斑
柿色
桁行
眉目
晴嵐
推戴
吸蜜
怨敵
毛艶
右拳
羨道
摂餌
虎目
虎竹
北枕
餌台
片袖
片眉
餌料
籠絡
俺俺
中芯
外柵
虎猫
喉笛
桁橋
田鶴
豆餅
補腎
木柵
干柿
半妖
力餅
唄声
脇下
湯麺
虫籠
妖異
艶姿
畏友
艶笑
竹籠
平麺
黒虎
眉尻
尻毛
愚昧
諧調
喉輪
唄者
腎気
藤浪
鍋蓋
袖山
伎楽
駒鳥
採蜜
対韓
妖星
虎児
脊索
艶女
邪淫
虎舞
箸箱
常闇
手枕
物凄
艶歌
辣油
両舷
湖尻
青藍
黒柿
肘鉄
尻肉
鼻唄
嘲弄
鬱鬱
水蜜
葛籠
本葛
藍藻
丸瓦
腎性
帯枕
含羞
主桁
筒袖
口脇
鬱気
虎斑
肝煎
潰滅
内蓋
雨乞
喉奥
頓死
名宛
摘芯
本膳
平鍋
妖婦
堆朱
幻妖
内膳
有蓋
淫欲
花蜜
膝蓋
紅虎
椎弓
崖地
沈鬱
淫夢
右袖
羽釜
無蓋
斑状
熟柿
睦言
闇黒
抑鬱
臼蓋
餅粉
帯芯
餌箱
脇汗
黒駒
脂腺
箸先
歳旦
傲然
散瞳
柳眉
大虎
騎虎
淫裂
関釜
腫物
広蓋
柿酢
金串
枕頭
大顎
錦木
石亀
平瓦
幽冥
籠中
黄鶴
鍋肌
艶感
虎柄
悪罵
手巾
中蓋
鍋焼
藤末
奉戴
肘木
韓屋
潰走
瓦窯
暗鬱
城柵
勾欄
呪物
籠目
呪言
熊蜂
蹴込
韓式
沃野
鶴翼
電鍵
痘痕
竹箸
牧柵
串刺
袋麺
白駒
白鍵
葛布
神呪
艶髪
拳大
袖壁
鍋釜
謎爆
錦旗
替芯
爪牙
面貌
柿畑
水腎
籠山
銭亀
左拳
魚籠
箱桁
大駒
脇息
麺線
甘藍
淫婦
枕辺
鳥鍋
酔虎
段葛
接舷
薬籠
河尻
頓狂
直喩
野鶴
両拳
気鬱
生爪
銅鍋
俗諦
鉄芯
艶麗
猿股
賭事
瞭然
戴帽
衣桁
画餅
行乞
酒膳
大巾
藍玉
芯棒
湧昇
酔醒
鶴首
瀬尻
妖姫
虎将
玩味
親亀
亀鑑
雨嵐
平釜
控股
丼飯
麺用
神籠
伎芸
稽留
犬鍋
枕経
春嵐
急崖
長拳
串柿
艶本
沙魚
腎経
餅子
呪具
渡韓
鉄釜
脊損
子亀
溺水
祝膳
取鍋
若虎
褐斑
頓知
地蜂
気腫
挫滅
脇士
横串
立膝
妖花
臆測
藍本
毒餌
花嵐
毀棄
駒止
白餅
貼箱
顎先
餅花
真芯
斬罪
暁闇
誰人
箱膳
煎豆
韓紙
斑岩
枕許
角餅
眉頭
汎化
唐臼
栃餅
虎尾
臼砲
呂色
墨痕
土釜
田亀
袖付
冬籠
崖道
圧痕
斑猫
真諦
淫液
別鍋
仙窟
虎視
老麺
妖物
盆唄
湧網
広巾
斑晶
裾部
鍵束
拳固
股座
勾引
籠球
虎毛
領巾
葉痕
拉北
黒瞳
蜜豆
駒札
手隙
柵内
愁眉
磨崖
死斑
香煎
板蓋
駒草
舷窓
塗籠
換喩
眉墨
藍花
孔隙
誰某
刺股
串物
肘痛
尾籠
鉄蓋
泥亀
壁芯
膳部
花梗
駒音
面罵
叱正
片肘
出藍
栓塞
円蓋
苛政
深鍋
清爽
麺食
軸芯
一斑
妖美
怨憎
白蜜
牛膝
淫楽
玩弄
山藍
遠戚
夜嵐
弥縫
艶然
猫鍋
献腎
艶色
鼻咽
袖垣
夜鍋
用箋
本藍
太眉
陰膳
惑溺
右股
艶肌
桁下
把捉
爽風
艶美
水妖
闇路
枕上
爪紅
摩崖
口淫
片舷
煎剤
腎精
内鍵
合駒
膝行
蜂矢
汎発
月旦
枕絵
軒瓦
宛然
切餅
詮方
誰誰
曽孫
桜鍋
岡藤
蛇籠
痛罵
放恣
条痕
脇指
青柿
嗅球
熊鍋
闇屋
頃日
那辺
沃素
錦上
唇顎
冥合
蜂群
肉鍋
宛字
爽秋
蜜腺
錦鶏
沙石
仙椎
縮瞳
釜場
毒腺
芯糸
鬱滞
釜師
雲錦
暇乞
袖下
肌艶
裾幅
呪禁
藤紫
水虎
好餌
袖珍
淫虐
畏縮
字彙
題箋
爽涼
納采
正藍
外股
山塞
煎薬
巣籠
細緻
苛性
外蓋
頓悟
尻側
駒得
拳拳
地爪
錦帯
舌咽
角袖
木枕
虎皮
紅巾
刀痕
虎魚
溝蓋
臭腺
初嵐
人斬
二藍
赤眉
闇神
凄艶
手籠
腺管
大籠
禅刹
餌皿
喉声
卵丼
頓馬
沃化
巨刹
謎謎
十刹
水餅
美眉
陸亀
肝腫
袖裏
崖側
丼鉢
円頓
灯芯
呪的
黄沙
横桁
彙報
錦松
闇討
匂袋
裾口
妖婆
左腎
汁麺
崖面
艶書
青酎
淫汁
蹴爪
恒沙
袖幅
裾濃
山籠
和諧
鬱結
柳麺
鬱勃
汎論
高枕
底蓋
蓋裏
叱声
汎愛
眼尻
異貌
挫創
手鎌
蓋石
秘鍵
妖光
満韓
金駒
袖部
怨嫉
紅鶴
蓋然
黒闇
淫水
袖章
脇線
全顎
床脇
圧潰
祝箸
雄蜂
艶聞
内鍋
股布
蜜糖
闇汁
闇米
呪師
眉宇
濃艶
荒淫
腫張
煮麺
蓋世
残餌
細隙
路麺
釜敷
弥高
脇立
台尻
足枕
勃然
陰萎
引眉
虎豆
麺状
優艶
緑亀
紅餅
杉箸
玉葛
船唄
脇能
箱枕
頓首
頓用
艶消
維那
淫羊
図彙
塞外
罵言
粉餅
雲鶴
凄烈
亀虫
韓語
木蓋
餅肌
長虹
錦蛇
盲亀
物詣
心腎
金巾
薬餌
挫骨
上駒
夜爪
売淫
左裾
采地
腸腺
貼布
鉄串
弄花
脇仏
索麺
稽首
沃土
血餅
陶枕
小巾
広袖
供膳
書淫
双鶴
多淫
崖際
錦地
旅枕
貼用
揺籠
瓦当
捻子
韓神
苛苛
道諦
警醒
臼状
頭頃
無稽
主虹
蜂鳥
虫餌
妖雲
瀬脇
艶技
細眉
縄尻
蓋板
韓露
妖鳥
苦諦
蜜液
嫉視
韓紅
小膝
滅諦
拭漆
肘枕
唐錦
賭金
手拳
防塞
破毀
雪嵐
創痕
片脇
錦衣
利鎌
爪皮
爪木
瓦石
鉄爪
呪医
芋餅
空鍋
琴爪
瞳径
帆桁
擬餌
舷灯
無顎
弾芯
斬刑
照柿
党錮
菜麺
倒潰
集諦
鬱然
汎神
腺様
焼串
波枕
崩潰
冶郎
喉下
眉下
雑喉
新枕
橋脇
脇付
叱言
銃爪
岩崖
亀節
引喩
餅草
豊沃
脊中
人虎
隙見
据膳
石枕
冶工
遡求
旦夕
柳箸
右眉
万頃
寒餅
袖中
錦手
麺汁
凄技
肘下
残痕
沙金
目籠
右顎
裾丈
提喩
脱柵
籠居
淫蜜
拝眉
和釜
球腫
妬心
女尻
腰枕
索餌
沙参
小爪
空拳
斑文
左眉
八股
亀板
妖魅
舷門
花蜂
羞悪
木藍
淫奔
昧爽
苛責
藍晶
蒸鍋
弥蔵
爪音
裂隙
韻塞
賞玩
反哺
脇机
門袖
冥官
臆断
柵外
分蜜
貼絵
寄鍋
大尻
法尻
虎耳
喉首
膝骨
詩箋
停頓
斬死
妖虫
股立
青沙
淫唇
前籠
爪床
艶容
両虎
臆見
韓伝
膝射
玩物
大妖
枝梗
糸尻
胸臆
闇中
前裾
藍地
那里
毀傷
嵐気
炉釜
蔑如
愛蜜
前爪
駒組
襟芯
勃勃
爪形
亀毛
脇殿
呪詞
丸芯
瓦桟
磨臼
町尻
柵列
知韓
両股
宿怨
蜂球
石崖
闇値
遣韓
遡航
条斑
柵封
決潰
怨望
芯先
煮鍋
蜂毒
右裾
女芯
淫気
色斑
湯桁
柵工
浅鍋
冥海
脇戸
柿子
食籠
堆石
淫肉
頑冥
喉音
寸隙
斑雪
尻高
堆雪
幕尻
冥護
嘲罵
旧怨
大虹
眉上
艶気
小顎
蛍籠
下蓋
山崖
蜜語
半舷
爪母
沙上
毀釈
裾物
賃餅
窟内
投餌
爪印
淫逸
訃音
鍵層
袖手
水煎
引鶴
仏刹
淫雨
戴天
遡源