検索
購入
一緒
監督
患者
金融
充実
分析
診療
挑戦
症状
診断
実践
余裕
丁寧
無駄
合併
唯一
栽培
化粧
弊社
廃止
解析
貢献
駄目
購読
履歴
妊娠
交渉
洗濯
徹底
銘柄
矯正
把握
妄想
疾患
捜査
一括
充分
搭載
生涯
廃棄
堪能
訴訟
披露
拒否
詐欺
報酬
循環
繊維
推薦
探偵
睡眠
麻生
賠償
渋滞
融資
官僚
補償
同僚
文献
過剰
受診
推奨
相撲
免疫
診察
洗浄
倫理
懸念
撤退
頻繁
検診
表彰
迅速
融合
土壌
返還
水槽
一斉
挿入
充電
柔軟
傑作
併用
機嫌
昆虫
庶民
発症
昆布
還元
別荘
妥当
繊細
素朴
頻度
偏差
無償
媒体
逸品
撤去
抹茶
探索
麻酔
釣果
浄化
症例
細菌
忍者
艦隊
渓谷
石垣
船舶
懇談
偽装
砂漠
眺望
肯定
帰還
不倫
網羅
附属
洪水
紳士
不妊
教諭
併設
附則
愚痴
管轄
楽譜
懐石
捜索
吟醸
示唆
制覇
稼働
情緒
醸造
発祥
炎症
下痢
肖像
秩序
消耗
妊婦
欠陥
美肌
蛍光
山荘
喪失
泥棒
封筒
懇親
戦艦
漬物
本棚
干渉
模索
献金
過疎
偏見
恐竜
釣行
渓流
触媒
中核
懲役
妥協
補充
高騰
硫黄
壮大
総括
麻薬
病棟
健診
津波
奨励
愉快
懸賞
虚偽
靴下
拡充
囲碁
残酷
治癒
浴槽
償却
顕著
培養
閑静
真珠
扶養
解剖
変遷
猶予
廃車
搭乗
稼動
殺菌
過酷
包括
法廷
厄介
模擬
撤回
重症
追悼
沸騰
連覇
誘拐
普遍
内緒
奨学
嫌悪
摩擦
主宰
川柳
刃物
痴漢
懲戒
消臭
褒美
遮断
料亭
閣僚
拒絶
懸命
徹夜
献立
履修
口臭
抗菌
挑発
子猫
購買
大麻
中枢
杉山
浄水
婚姻
斎場
片隅
遍路
贈呈
叔父
頑固
余韻
缶詰
下駄
併合
研磨
清浄
窃盗
偽造
謙虚
均衡
履行
貨幣
透析
朝廷
出汁
拷問
定款
償還
果汁
粉砕
棚田
吟味
還暦
索引
捕虜
統括
傘下
仙人
亜鉛
結核
累計
発泡
偵察
和尚
適宜
核心
自粛
泡盛
今宵
呉服
撤廃
由緒
還付
桟橋
釣具
軍艦
宮廷
邸宅
金剛
献血
旋律
弊害
伯爵
系譜
撤収
褐色
租税
竜馬
壮絶
浄土
緒方
崇拝
秀逸
海藻
駆逐
派閥
競艇
盆栽
官邸
嫌気
勲章
黒猫
挿絵
艦長
寄附
抹消
献上
叔母
富裕
堀川
旋回
威嚇
真偽
麻布
特捜
鳥肌
忍耐
紙幣
酪農
爆睡
撲滅
植栽
空洞
満塁
頑丈
約款
媒介
括弧
偽善
避妊
偽物
侮辱
代償
感銘
柳川
糾弾
蛇口
廃業
癒着
音痴
硫酸
逸脱
荒廃
書斎
竜王
除菌
煩悩
男爵
入江
筒井
軟骨
硝子
寛容
哀愁
遺憾
享受
生還
長靴
清涼
漆黒
軍曹
亭主
貝塚
剰余
来賓
逸話
頒布
裕福
進呈
拙者
擬似
抹殺
漆器
青汁
素肌
黒酢
凹凸
悪臭
休診
大尉
嫌味
銃撃
犬猫
譜面
融通
年俸
堕落
累積
財閥
露呈
窮屈
有償
垣根
陥落
囚人
貝殻
廃絶
修羅
廃線
頻発
剛性
献身
汚泥
充当
三塁
廃人
下肢
尚更
塾長
水仙
熟睡
駐屯
神棚
数珠
余剰
円筒
扶助
偏向
銃弾
草履
洞察
便宜
奔走
患部
盗塁
溶融
遷移
血栓
王妃
顕彰
大蛇
謄本
歯茎
気泡
伯父
平衡
荘厳
新譜
一塁
安泰
体臭
奪還
花瓶
納涼
珠玉
閑散
直轄
偽者
友禅
盲目
覇権
充足
恐喝
総督
賜物
硫化
出塁
打診
儒教
羅列
禅師
小鉢
充満
軟弱
遷都
早慶
旋風
疎通
飢餓
銘菓
摩耗
懐中
睡魔
風鈴
中尉
疲弊
破砕
書棚
枯渇
覇者
枠内
擬人
雪渓
禅寺
艦船
青柳
重曹
窮地
初診
悠久
泥沼
弦楽
二塁
逝去
誓約
軟式
画伯
督促
竜巻
醸成
四肢
宰相
長蛇
晩酌
塾生
駄文
懇願
凸凹
産廃
蛇足
冷酷
甲羅
酢酸
困窮
批准
地殻
検疫
溶媒
問診
少尉
奔放
懐疑
疫学
水筒
疫病
肢体
麻婆
顕在
銘酒
思索
豚汁
廃校
酷使
硝酸
玉砕
召還
提督
日傘
疎開
肌着
憤慨
公爵
寛大
甚大
打撲
甲殻
崇高
元帥
詐称
診査
艦艇
懸案
蚊帳
稚拙
脱臭
弁償
勇壮
非核
家督
所轄
駄作
謹慎
護摩
郷愁
法曹
座禅
窯元
泥酔
斉唱
土塁
覇王
廃盤
偏光
伯母
酷似
怠惰
滅菌
杉原
送還
急騰
球菌
見附
愛猫
煮汁
側溝
臭気
肉汁
遮光
上棟
培地
亜種
懲罰
雑菌
宣誓
強壮
型枠
磨耗
一遍
酷評
肌色
下僕
煩雑