日本語
高校生
外国人
日曜日
市町村
土曜日
教科書
午前中
中国人
社会人
金曜日
月曜日
中古車
中国語
子会社
長時間
原子力
心理学
青少年
女子高
水曜日
火曜日
食生活
木曜日
下水道
売上高
国内外
新聞社
明後日
外国語
少人数
数時間
時間外
赤外線
通知書
会社名
外出先
分科会
中高年
地下水
考古学
新年会
新入生
社会学
大多数
明太子
高分子
顔文字
一直線
音楽家
何時間
中心地
三角形
水道水
一人前
一時金
新生活
親会社
中高生
計算書
帰国後
明細書
絵文字
新聞紙
町内会
絵日記
高学年
小売店
計画書
社会科
走行中
公文書
入門書
日本刀
図書室
天文台
数年間
大人数
人気店
小切手
数週間
会場内
新会社
南北朝
文字数
出来高
数日間
国公立
大理石
古文書
山野草
千秋楽
生理学
語学力
頭文字
大百科
風土記
通行人
小百合
原生林
工学科
地形図
思考力
秋刀魚
合気道
長方形
黄金色
日本食
十二分
国内線
引当金
今日中
言語学
絵手紙
天地人
心電図
音楽会
米国人
後見人
地下室
正方形
外野手
八百長
多年草
日本茶
見本市
今年中
小数点
古書店
手羽先
室内楽
今月中
番組内
十八番
組合長
中山間
工場長