掲示板
駐車場
幼稚園
取締役
募集中
魅力的
糖尿病
知恵袋
喫茶店
開催中
実施中
審議会
卸価格
視聴率
主催者
申請書
大企業
視聴者
可哀想
緊張感
契約書
超音波
刑務所
請求書
犠牲者
配偶者
幻想的
文房具
基礎的
唐辛子
慰安婦
十字架
繁華街
審査員
免許証
錬金術
衝撃的
債権者
契約者
閲覧者
泌尿器
掃除機
福祉士
企画展
魔術師
皮膚炎
審査会
債務者
貧乏人
中華街
寿司屋
措置法
無邪気
慰謝料
各企業
急上昇
企業名
携帯用
通信簿
超能力
滑走路
抽象的
施行日
駐輪場
喫煙者
応募者
原子炉
騎士団
抽選会
施行令
記念碑
可哀相
申請者
囲炉裏
緊急時
香辛料
炊飯器
開催日
潜在的
哲学者
陶磁器
冷凍庫
双眼鏡
不審者
口内炎
施設内
大虐殺
請求権
分譲地
争奪戦
互換性
多国籍
炎天下
宴会場
委託先
火葬場
冷暖房
家計簿
床暖房
幹細胞
大魔王
補聴器
双方向
哲学的
家族葬
換気扇
摂取量
登記簿
誘導体
戦没者
卸売業
内分泌
超高層
福祉法
抑止力
転換期
企業内
託児所
締約国
施行前
開催地
万華鏡
企画書
早乙女
排他的
企業家
休憩室
排気量
雇用者
一貫性
企業間
終止符
撮影中
加湿器
翻訳者
霊能者
受刑者
地鎮祭
既婚者
超伝導
公聴会
陶芸家
視聴覚
葬儀屋