来世
鼻歌
東横
丁重
予見
写生
中味
公有
板前
投書
受身
実母
客数
両用
細動
天命
死守
古物
東屋
全学
箱庭
着火
全車
曲面
海事
川面
木炭
反物
西遊
一礼
古酒
円柱
代数
船旅
七味
月次
矢板
短気
打数
都電
指図
開院
止血
地銀
集荷
速球
階下
夏物
組員
実車
悪玉
書写
青物
取集
村落
東進
漢語
湖水
仕手
大全
三面
正味
同局
鼻先
肉球
平定
本所
整地
遊泳
先取
内申
神風
転化
主水
人相
馬身
和楽
平板
集配
一向
始終
取次
気化
先決
出庫
貝柱
転院
両家
商家
西院
皮下
金品
悪名
絵具
終息
真正
十両
一身
四神
主神
病後
半面
速記
農学
意表
宮家
安直
湖岸
大皿
買主
和文
洋上
空路
車屋
受章
朝陽
行商
局部
重文
古屋
風神
土橋
中宮
感化
着服
鼻息
刀身
短命
空運
今号
美酒
実数
名実
一死
薬理
開門
代入
寒風
横転
祭事
終章
新駅
転記
大安
対中
重役
客人
海流
待合
白湯
園庭
深化
前庭
童顔
人柱
美品
氷山
代休
感光
内宮
実生
定石
和人
遊休
客先
表出
実子
遠投
茶畑
流路
命運
実父
湯宿
長旅
大局
悪女
水神
和式
前部
歩調
服役
黄葉
和合
汽笛
全戸
式神
横長
強運
教化
感電
放心
子羊
田植
開所
半期
倍数
横道
石化
万代
行幸
使役
長打
小箱
配電
礼文
実相
足軽
直列
童心
州立
道化
下表
発起
和気
写実
二葉
山路
歯根
話者
活路
電界
原題
次点
美声
局番
男役
暗雲
鼻毛
平時
全駅
全県
美神
遊学
東都
東岸
深雪
分館
公使
船宿
朝練
球形
自転
酒米
黄緑
医業
波止
死活
真名
国対
温和
生酒
大路
南洋
対流
南面
同館
苦行
寒中
行員
美大
地物
学界
原病
物見
工区
毛筆
石神
神業
県央
時流
主意
湖上
死球
進物
送風
地所
動線
当代
深見
急病
家相
学祭
新港
球面
緑道
短文
農相
心持
真昼
外箱
海神
外宮
夏服
中銀
音感
女湯
所業
幸先
州都
年商
深緑
役名
回向
投石
面相
福助
男物
上期
毛根
洋酒
社屋
毎号
追走
走路
始球
大波
下期
横町
千両
後列
大役
語感
流速
三等
同所
終着
助力
外湯
船着
公館
薬屋
面体
遊星
深遠
実直
予行
畑中
配車
荷役
外洋
短波
動体
面前
中州
暗転
下面
冬物
品切
酒家
二流
漢和
有期
代車
両名
下味
高調
和漢
男根
二等
頭身
羊水
具足
着想
飲物
文筆
仕度
下等
発話
死生
所感
仕切
長短
曲者
洋品
客足
白州
白波
心血
黒服
野次
坂路
病者
同区
悪友
氷柱
荷主
血族
地代
太守
万世
京福
式部
気運
麦酒
他力
木部
兄者
下向
毎秒
場代
港内
元号
寒空
王都
親等
高根
落馬
有休
番所
南岸
両校
重用
橋上
短刀
助走
助教
同級
温州
光度
内実
階数
南島
取調
両県
宿直
氷水
送出
上代
都道
直登
暗部
石柱
仕組
作詩
畑作
放談
近県
農事
男湯
名主
県土
安宿
石屋
急流
豆板
打算
他局
字面
待受
整流
当事
球速
登園
竹取
多幸
急進
勝馬
遊行
進水
列記
転回
両市
一命
半球
高波
科研
平手
終局
育休
平生
花期
水死
習合
起草
鉄路
数列
元服
箱入
全通
苦楽
上申
落日
北岸
海路
先住
校章
後宮
路頭
天真
終生
風物
大君
平目
手短
名号
主命
自問
薬店
温風
美談
文物
式内
配向
西館
礼服
安息
横着
学館
表具
実弟
対数
来島
倍音
屋形
練炭
板書
遠路
読物
真白
内皮
局内
暑気
八島
平取
人面
代走
会所
大屋
流転
教主
主計
落第
真皮
悪路
速力
実学
配点
県名
内向
万病
農大
返礼
見習
流下
発問
細君
長命
大寒
神名
早死
足指
代筆
小波
深場
登坂
神曲
出仕
着水
波風
全問
神速
洋行
名代
階調
工員
筆談
有色
当落
対物
遠洋
元湯
医事
大所
所員
肉筆
三都
部首
本院
次走
麦畑
急用
味玉
詩文
上階
帰港
金持
春期
暗算
天宮
小鼻
一事
放鳥
軽口
山号
真水
市有
外皮
外遊
長湯
時化
多感
根暗
発出
定式
羊肉
三転
主教
板長
遊山
北面
発赤
食指
一物
表中
神人
消音
畑地
開学
番屋
二転
福神
和声
左様
表決
重病
次作
市部
追手
陽明
大病
主文
公転
薬湯
時局
泳動
人死
水運
万両
門柱
国主
生起
院外
真打
来所
地鉄
対地
工面
軽石
雪面
受光
角界
漢族
秒速
客間
入局
農具
交遊
上表
風向
問合
乗物
死期
動転
階上
転進
去来
島式
神幸
度合
赤味
族長
投打
二者
表地
勝算
半平
二乗
他家
起毛
船主
進度
重石
県西
心根
国事
紙屋
馬具
有言
終止
都県
空転
明度
天主
大味
遊人
五平
全市
調定
長物
医用
和物
両耳
全山
陽線
体表
十全
級友
全頭
両人
一両
荷電
東館
南都
犬歯
神童
鉄球
服屋
客体
湯水
一意
湯屋
真赤
波間
悪心
調光
庫内
外様
配転
他意
色相
上屋
戸部
歯学
百度
竹屋
金平
落丁
全書
商大
冬服
転作
鉄火
線区
着方
馬油
強面
重工
水和
実兄
色物
落人
北洋
庭球
始点
横笛
名君
号数
全島
都区
草笛
四面
曲数
世子
県都
地階
取立
開化
美本
七島
茶事
送水
何所
数等
箱物
意中
土筆
同駅
多動
上物
暗室
血色
古流
年期
生者
荷車
都下
本局
湯口
時世
化工
血気
勝点
分流
小葉
重根
期中
実売
理路
前転
石庭
題字
県中
他院
分乗
医長
水屋
空豆
本章
式年
分院
悲運
合皮
算式
火球
大酒
配本
血肉
他市
画題
上宮
家集
同州
商館
古湯
宿代
中皮
春陽
教具
絵筆
全中
海幸
公主
農工
根魚
表門
湯温
習作
本号
高階
店屋
七重
体面
赤鼻
漢人
波高
引落
業火
遊楽
春物
本葉
神門
大意
温湯
打目
着生
横糸
緑風
鳥屋
事大
短小
表土
秋期
鉄線
集光
後代
級数
放言
丁字
漢学
返球
転調
金員
油屋
南湖
悪運
具申
血球
母様
短足
角柱
苦虫
重陽
女物
神界
軽四
重光
雨期
白酒
波音
車重
福引
西進
主上
根太
有楽
南進
面上
水都
波路
旅宿
横線
右横
自死
氷雪
木橋
感作
乗算
実妹
島人
他行
発心
医食
詩作
文意
大部
美点
小乗
様様
北進
反目
湯畑
銀歯
中医
活写
駅頭
高配
筆箱
血相
北都
戸板
曲中
速歩
乗場
五葉
鳴動
外商
家持
都銀
氷雨
男神
火柱
一所
感受
三遊
葉色
配食
落花
生葉
円板
陽動
水物
局名
作庭
身心
期近
車速
三様
横風
来県
当世
山幸
角化
筆力
主日
大都
手取
人波
新開
発根
南館
寒村
勝気
洋間
深酒
水族
後面
馬屋
品行
夏祭
予科
客用
追想
主家
寒流
手練
行路
神国
庭石
配流
集魚
秋物
三界
対角
開田
全数
悪業
早世
雪路
着岸
館主
始期
橋台
漢代
大悲
神通
童女
緑青
日神
神式
緑豆
昔日
八州
氷期
遊歩
白化
同曲
開明
病期
秒数
紙箱
緑水
鳴神
役物
筆名
気血
東駅
青緑
門院
服地
万感
日歯
食農
命式
落水
区外
定本
今次
鼻声
答練
新章
出鼻
車列
先勝
薬代
白球
開平
全高
野路
主屋
神水
和上
母港
水球
画業
実線
受電
九死
力投
鉄山
他車
軽重
外向
活着
式中
寺号
世人
豆本
音曲
道着
小羊
薬科
語族
上役
中葉
角笛
開陽
写植
葉物
住持
平場
帳面
次式
遊子
葉先
分筆
運指
雪氷
書館
起工
春宮
注水
葉緑
今様
国号
買受
子葉
勝地
板紙
終夜
表内
三味
他科
神族
表音
面長
球数
落書
神馬
石板
名乗
岩根
死地
期首
矢面
車代
夜祭
商学
外板
主筆
会式
手代
代書
気相
左横
薬箱
元帳
新葉
宿駅
両刀
上板
大商
配球
開度
州内
県会
教練
同島
語調
遠泳
助命
商取
地温
海氷
新味
和算
荷受
同宿
美名
帳場
豆油
注油
区名
茶豆
次兄
公定
面部
起電
美音
白丁
記章
乗数
湖月
具有
持主
竹皮
和語
橋立
美田
横木
寒月
両町
神酒
定宿
同部
内相
住家
平台
進取
身命
全天
発走
鉄柱
真北
風波
大暑
天球
出物
前章
有理
内発
銀糸
板目
指板
有林
福家
父君
全州
苦学
代決
全入
消長
光波
小者
打力
銀子
声調
庭番
人界
速玉
全一
用薬
和本
見世
真黒
和船
目鼻
東面
動意
世上
行旅
表町
表意
旅所
小曲
全速
帰投
流人
社福
曲想
悪童
悪漢
神州
島外
丁子
今世
流言
後身
酒母
黄味
早業
薬研
白物
急場
花豆
持家
母指
画定
商科
死線
頭重
入歯
火祭
柱頭
平出
間者
真円
神立
正調
他流
歯形
事代
正負
発会
洋学
体部
両駅
雲助
何県
万有
福茶
公事
米坂
立面
何階
葉茶
表見
鼻薬
死力
主客
社主
二味
病中
通級
馬追
中速
海員
等式
幸水
暗所
地役
正油
等速
曲水
筆算
子持
期先
事始
所期
寒地
鉄心
大運
北駅
実姉
月代
百薬
花代
終期
本箱
寒色
門主
市章
高商
対生
大業
緑園
人君
宿所
受持
三温
人対
真近
三葉
切身
西面
全局
新物
委細
外局
門流
荷室
死苦
集電
帰農
波頭
中温
暗夜
万死
荷馬
百代
葉面
和親
注進
詩学
助平
苦土
春号
波板
全球
足部
茶館
平水
水落
投身
代品
代読
所行
陽春
指笛
終売
反語
社業
声部
女役
水柱
仕分
医道
太神
日次
温玉
青味
子育
他言
園路
交感
平明
新湯
根雪
言問
名酒
消波
明主
五重
方様
銀玉
炭田
休部
中波
下葉
東路
町有
二院
長波
内転
次数
四重
短毛
医家
調色
氷点
社章
身重
他紙
飲水
工部
画商
住商
発語
工商
多島
外事
本祭
国守
学事
首級
下取
小事
全図
全音
出湯
同根
白面
対内
始原
内助
内反
福豆
分区
戸主
筆先
大箱
公取
他大
玉葉
立神
館外
年波
他馬
業物
丸薬
母神
何屋
息女
銀紙
転地
茶箱
本式
目深
形代
投宿
仕口
学究
深手
数次
体化
男坂
口福
全科
酒代
空箱
落球
牛皮
社運
食客
病身
食神
売薬
氷原
皮目
洋紙
火打
血風
安国
転学
絵皿
緑葉
半農
祭具
天運
筆写
大進
手持
京進
打感
次月
実作
水指
神意
大院
調音
顔役
真筆
同着
悪習
近習
真魚
練度
秋号
美風
部曲
指物
暗色
下屋
夜具
真神
算命
手根
相同
皮相
赤緑
根深
神気
青箱
農研
電送
全草
福耳
局数
女坂
月宮
童画
集音
真先
下血
地神
県花
有病
洋物
夜着
真竹
短詩
実大
犬死
正定
古事
次表
駅家
物上
返歌
帰命
園主
平文
雪代
天部
反古
起原
宮守
宿根
神橋
悪天
列石
黒鉄
遊里
平服
次章
文相
区部
夜曲
化生
打電
遊動
面内
転帰
弱化
千世
長持
打出
中度
古筆
電路
真南
島名
雲取
六根
波数
歯面
来遊
放生
祭文
神火
魚油
中皿
月商
転石
外題
相聞
館員
葉虫
光路
人感
集水
緑野
前板
対子
馬面
五指
白板
消雪
青豆
真向
自遊
商才
上客
両店
漢音
両分
向後
終曲
上皿
院号
急送
新式
多事
短日
女院
板場
転業
血道
宿業
悪手
帰島
小安
水様
板屋
石持
通運
回族
和様
医書
内局
光球
金歯
全人
整水
重苦
社有
海港
板戸
明君
前代
正対
他動
軽音
氷温
箱形
生研
道県
茶柱
有感
多客
入定
薬石
都鳥
黒皮
火消
毛様
親局
放線
当身
立県
絵面
弱味
知者
商都
旅物
日章
開頭
遊魚
角皿
神王
一倍
温感
葉身
遊走
真直
家運
東院
申年
悪食
一和
美文
病苦
開式
国章
板間
花祭
行宮
校医
根部
持物
秋味
湯茶
星宿
全休
鉄馬
申入
北湖
山坂
悪神
列国
音調
間柱
集住
米銀
東遊
開教
他面
美童
仕合
同相
切歯
院家
引湯
名族
祭主
毎期
開村
農高
身代
教研
万緑
空身
中有
返書
波戸
万屋
一皮
悲歌
神祭
守礼
外転
真東
神理
全紙
国安
見返
身中
受皿
柱石
山宮
竹葉
外客
三業
油物
間期
考究
中表
波線
力感
手向
酒食
板上
箱船
登高
主祭
級長
取出
苦役
等方
小委
定立
対校
口部
美林
身土
受水
同病
陽転
福北
三進
真西
持出
商高
祭場
黄化
波面
着氷
細面
実見
世事
実動
開目
住寺
和国
式目
気根
船客
行平
上死
休薬
下命
皮内
王院
神君
草葉
発意
横波
和金
神足
立礼
画期
漢名
元代
本表
紙皿
道悪
相国
金神
赤化
赤服
上意
客土
内君
遠島
花柱
祭式
悪文
全生
死着
深長
青岸
答礼
羊歯
実方
小柱
受肉
他船
肉感
美水
黒化
羊頭
本病
金波
自局
理化
美感
薬中
間葉
列柱
流会
新板
山守
寒山
実親
礼式
配光
原薬
所外
勝運
歯数
天意
運上
住地
南庭
本問
鉄部
本曲
王代
両村
天面
駅中
小寒
水仕
所化
九品
両島
水練
青面
島山
鼻面
力業
元始
組物
神女
火神
四緑
式台
死相
心意
波力
炭山
油化
男運
長着
親柱
雪平
事理
県市
三福
着荷
本港
柱間
主音
重水
海区
公助
生着
全地
本代
両部
医員
立身
返本
足温
南路
色事
調所
力動
血豆
流線
薬王
神鳥
育友
火皿
田面
紙業
横地
白炭
語意
分有
前葉
住区
手役
公路
落陽
下階
大身
送受
両線
反問
心神
代作
送配
事体
港口
表外
入着
池面
仕出
緑花
八味
月神
茶湯
登路
鼻音
全馬
感音
定温
昼酒
洋才
等温
薬方
原詩
主薬
安酒
外港
真暗
海坂
楽部
登行
全町
申命
薬園
来住
立役
社号
薬食
当流
悲話
正客
内湖
王命
葉音
星神
二進
主部
路銀
作事
両行
等号
寒暑
原板
主馬
売品
調練
火急
妹役
係船
相思
急転
港外
安立
朝湯
他日
野面
平作
茶代
神使
旅心
登院
実記
会主
苦肉
名詩
福運
洋洋
度外
中君
見神
薬酒
起始
早着
美事
重電
豆炭
人流
用度
員外
楽員
炭屋
有頭
教式
木板
首部
宿曜
一神
人世
校注
万福
真作
湯花
足代
湯女
重商
他区
人集
広葉
神化
少陽
黒味
泳力
親神
園区
路外
倍化
春寒
都人
陽月
仕向
育林
鳴物
秋波
外反
気安
船医
詩書
客死
平皿
鉄刀
船荷
夜寒
県主
受用
進発
落雪
週次
多飲
手箱
昔昔
色葉
星祭
落命
宮水
表白
丁半
分県
宿木
八苦
強皮
人品
短夜
放下
実年
赤箱
小庭
分宿
村役
配意
横横
宿六
切岸
投光
前宮
大礼
正業
中薬
次子
子実
引決
百味
農会
一指
神出
油面
外銀
後転
等化
三助
同港
向学
軽業
転動
葉水
宿帳
追風
東流
葉数
全知
箱屋
代言
指月
橋南
宿元
横面
油紙
両君
土物
銀波
花神
列福
生血
花実
農作
楽習
定日
黒炭
葉肉
小問
水主
色度
強味
着外
氷風
板木
語根
速足
全回
文箱
運筆
着駅
先負
分速
湯立
転園
作意
後事
両界
死出
転子
有毛
十薬
氷海
上薬
苦界
白服
受話
一進
新発
馬柱
油画
車館
空所
有光
本有
題意
同銀
地板
水薬
打音
酒名
開元
水波
有界
自乗
旅中
海進
神歌
真柱
青波
中面
女度
宿院
目代
後送
木柱
根方
神号
直物
十進
半開
六味
聞持
全形
面一
黒死
図化
打通
動学
両生
悪書
子局
後葉
同君
暑寒
上世
他事
住血
小筆
対語
局外
母者
客電
小童
進上
海童
画板
横死
分列
音屋
細根
部面
来局
高進
対南
小暑
定速
間氷
次次
真平
茶庭
地相
客来
年運
主柱
内庭
真青
分注
横根
反歩
山波
引鉄
有声
下役
国運
大命
夜想
全血
室礼
区区
風寒
商流
西式
所生
対手
橋北
主星
有終
鉄門
横羽
右投
銀線
和顔
分取
土神
投写
風発
局方
歌意
同委
有礼
山畑
竹笛
細流
会意
重湯
区市
原皮
鉄血
送気
守神
病葉
区点
体動
人屋
白皮
丸味
手球
点鼻
守宮
用役
植字
半神
楽想
心服
電業
石根
鉄色
刀豆
小使
全期
朝酒
茶所
有体
弟役
流感
丁場
野守
本役
女主
港運
板石
大度
病根
休所
木守
礼者
出役
主動
湯守
葉形
心柱
横板
親業
山相
上式
他聞
着発
港市
植皮
分界
宿内
落橋
死肉
深深
走向
大様
悪筆
全村
相図
豆皿
油水
子院
湯波
波打
助祭
県木
長板
緑黄
死病
地対
島歌
来談
遊水
手習
客分
全区
配所
鳥皮
定見
両船
全都
温石
苦力
水研
打刀
白緑
全犬
西陽
米代
医工
紙代
学都
真書
早発
着金
元曲
歩度
区道
四苦
味酒
転部
和館
投地
入島
氷魚
正真
薬室
上使
動植
道者
駅数
悪道
安気
客運
上宿
開先
馬丁
板面
遊船
名庭
重星
名流
古詩
宿世
神鳴
着歌
相等
受命
名局
詩心
心事
帳合
業主
丸柱
緑林
白羊
板絵
川波
小区
国神
色悪
晴着
題号
神有
目礼
勝組
庭内
草軽
横車
院本
大農
近医
寒水
外葉
列王
天柱
命数
下問
化研
研学
八起
板本
柱上
自院
童歌
漢気
空荷
神都
実音
真土
酒色
練行
球春
県長
通事
海商
船具
事事
社研
反歌
土柱
式服
北路
着着
宮人
商場
局間
面板
院主
正使
島守
両車
平曲
小農
年神
合着
山島
両頭
気息
苦竹
発駅
安手
区会
用筆
駅路
船屋
薬医
暗君
転読
表口
着雪
一病
遠流
先安
丸葉
半丁
野帳
安神
前路
負数
詩画
県農
上向
路次
都計
年央
流心
長流
階高
毛球
歌詩
工品
主調
木鼻
知命
送客
根石
正院
洋弓
面取
平温
売血
都外
整調
転科
横石
生皮
待人
鼻高
銀板
夜宮
行持
原意
鼻紙
放物
商港
頭注
分福
大州
数表
全銀
農書
船級
荷葉
取下
新局
等外
筆画
指頭
天漢
生動
感温
大発
板画
軽水
神神
持合
守役
礼楽
物書
宮女
湯場
両三
病休
洋銀
屋戸
橋名
小駅
音写
元箱
金主
短頭
由花
曲馬
魚病
正神
右打
詩形
南流
花守
油虫
正路
苦海
放校
大童
林相
多血
顔相
下放
平打
流雪
実高
火屋
内界
神言
林住
画帳
定書
両紙
深皿
同品
茶商
全階
通有
園丁
実科
湯面
追号
名筆
漢土
農楽
分秒
石湯
宮方
刀屋
両道
界線
金商
他州
転活
高鼻
品温
進角
味読
原注
船代
島酒
細筆
空発
切畑
血合
詩語
水相
表色
住心
転住
医原
合筆
庭前
魚族
着花
教院
緑玉
主業
語部
詩風
飲屋
代人
色面
福者
他犬
書屋
配石
調号
深発
内箱
室員
主点
文福
外登
王号
両区
泳者
土笛
悪感
神池
事相
有心
百様
門部
中進
追行
反橋
時運
送話
両書
一院
同役
間代
手湯
血路
期月
物相
申楽
階名
中農
福木
業病
女童
級地
十住
他書
画筆
等角
神階
洋犬
国柱
寒竹
箱男
米式
雨氷
打消
分部
風待
葉中
外表
鼻柱
神指
死顔
配船
洋人
母役
急使
文身
新期
内意
玉章
下湯
県魚
社命
目皿
悪所
多福
水取
細波
医心
化土
神助
大区
両馬
受配
昭代
球道
階乗
反回
入集
数物
平貝
公役
死中
悪風
小球
門歯
漢王
手事
宮門
虫屋
度表
湖川
内題
中深
両年
半死
国都
和学
悪相
楽所
色界
実定
分局
銀漢
手業
西流
中着
岩相
薬大
作問
死命
太物
草深
名題
丸皿
運歩
銀地
小面
死都
両所
右筆
発馬
詩曲
球友
根毛
下根
月表
新院
速算
世家
北庭
葉風
県歌
曲物
名宿
物化
横列
放光
注湯
原動
分所
石取
両局
打切
倍角
待期
当屋
全波
悪病
海相
北流
使主
宮都
商運
使番
談林
音列
列数
当区
分球
小君
帳台
湖魚
身形
深切
原級
両州
草根
短音
表高
立物
箱車
後流
大集
丁石
開大
花氷
心安
持前
気短
暗点
道都
雲集
丁銀
鼻下
金葉
死文
作表
実事
暗中
白味
花落
年級
章魚
上葉
鉄石
詩想
首題
受苦
水筆
村有
人部
客気
式日
米所
炭住
山薬
指間
夜業
小板
仕丁
両前
人定
消光
左指
細葉
運化
調息
豆科
農用
歯大
木表
調進
落度
代返
油気
身空
力持
内港
鉄筆
和事
子神
茶味
酒心
和犬
整式
両様
代代
氷野
月柱
右列
実長
本身
全船
暗合
一決
悪世
君命
暗箱
次姉
寒行
全号
売物
丸物
新球
原物
対当
曲玉
止宿
旅遊
曲直
父神
詩家
下式
平筆
両山
真金
所出
路用
薬名
作期
教相
帰館
詩話
曲家
中品
外発
円転
上根
正転
兄役
区切
両会
銀光
前向
駅馬
主面
反切
反足
白箱
目板
自流
放虫
州間
女運
表章
等時
商道
球部
有生
湖心
両朝
転社
酒道
深意
島島
主知
黒緑
橋東
列名
夏緑
上身
入級
人神
習練
放列
薬玉
神想
深味
神文
平角
深重
帰神
新豆
有部
有気
客注
重代
豆球
練物
安山
血祭
平声
暗行
足球
島台
強取
外運
真前
石笛
向首
洋白
紙葉
船路
多指
両館
板元
赤板
箱数
秋服
落後
湯玉
元受
分度
両度
万乗
月役
物持
原住
表定
工研
草屋
命終
物強
根皮
階子
橋板
有高
品書
面外
代地
切取
知県
主用
体様
急追
下物
弓部
鳥追
起筆
新詩
真字
身肉
鼻根
相合
自館
国界
打面
調速
定命
両全
陽生
今代
毛深
宿村
根強
外物
表式
落首
羊皮
色身
入神
洋皿
相客
州名
大守
童詩
先主
古期
他物
悪場
道君
切味
休筆
世知
船速
神品
手負
鉄地
山様
対自
持点
弓取
落口
酒神
病体
横組
丁数
頭屋
緑線
品部
夕波
氷頭
他門
古鉄
章名
手植
終車
宮号
医方
漢薬
上反
花葉
院宮
図様
他生
公物
柱列
東庭
中研
放歌
箱書
足速
正意
祭服
指事
外化
安着
深秋
多病
会者
右表
打水
鼻頭
新陽
入相
度度
気転
学員
転線
転医
対気
点列
対合
中次
前神
写友
対光
受口
帰服
湯道
寒心
火酒
湯音
手具
対他
局後
流送
大死
右面
雪消
曲木
病前
四温
寒夜
歩荷
手鼻
日面
自注
平元
両語
百事
他村
大筆
昔人
真風
色感
丁丁
広庭
黒血
宮室
緑遊
同章
身方
馬宿
持味
豆畑
板子
追福
内命
歯先
血刀
速写
横画
開心
中全
楽遊
地動
平平
根号
君王
集線
来者
根音
礼物
主室
平調
頭打
意力
玉代
力者
来着
予実
悪雪
次時
悲母
受台
島宮
新畑
勝星
雲路
車号
病犬
目打
会苦
和字
分期
行実
線表
遊君
出炭
安売
船守
両宮
千歯
来意
等色
茶具
小身
開市
庭土
転形
有向
温気
等電
外感
発止
悪声
同薬
古曲
流音
有時
上乗
箱宮
図根
水飲
同次
温習
朝寒
家根
自消
左表
筆字
外庭
走化
整美
農住
定言
転車
日待
本薬
礼部
花物
石皿
集注
着船
湖口
犬屋
指命
交運
山童
死物
発向
遊部
見取
発受
麦笛
両地
所引
内院
緑黒
世世
終発
他用
短長
重軽
詩才
調波
面持
食医
島主
白歯
神算
皿数
足根
市県
金鉄
赤皮
羊男
等高
回流
先君
農外
送油
弟宮
茶礼
自根
県間
等親
血書
前医
宿高
打物
真緑
上界
部立
実船
実部
他部
教部
式文
出面
下板
写場
時服
有平
直根
楽旅
横雲
次弟
村祭
食住
海客
島部
青服
洋名
真丸
詩神
外薬
板根
京童
言表
計都
皮毛
帰住
合服
神命
章題
黒箱
古注
一具
前問
港長
自県
朝命
植食
重農
両港
気柱
家君
電研
向暑
面皮
新植
取皿
七転
外院
物頭
物数
反間
土取
曲事
点者
軽風
女客
理神
本実
港都
水界
物入
鼻道
化薬
天路
来集
神語
先度
庭上
冬着
福相
急度
昔年
岩面
動感
生平
後根
月運
白豆
問注
和鉄
流注
魚味
真球
表作
長詩
物神
有配
緑光
運開
表目
宮柱
書取
魚皮
持高
洋語
受業
列番
終世
速筆
表書
金打
代取
倍倍
数取
細事
道服
童形
遊客
船板
強意
服色
次行
神書
負組
有半
写字
同流
下代
表着
主根
発来
言事
明定
台板
次図
平分
化育
真気
実意
取計
根出
下乗
落体
化体
葉部
内板
昔時
地界
服育
油代
悪血
温顔
銀白
実正
緑虫
柱式
赤球
前住
君父
他出
右葉
通研
屋体
住工
曲学
絵所
州外
定業
苦茶
実理
畑道
口取
石筆
荷口
葉竹
曲池
球音
古様
草取
進運
深心
家号
旅話
国祭
正陽
青屋
代船
人血
神行
死界
業苦
日運
回次
先登
助字
平話
同橋
年調
仕打
女面
注口
実員
船運
市都
美身
寺運
水部
死水
水油
旅上
木皮
画院
速答
右指
光柱
氷面
始新
打身
立板
運数
海波
根原
州道
上歯
真物
矢庭
時相
指毛
実語
業力
向寒
黒球
柱面
町役
生温
口遊
苦鳴
他見
荷船
数息
明部
美色
楽界
美育
表方
返電
陽数
後指
紙帳
小局
出歯
詩行
表名
同宮
終決
五根
下薬
面色
多神
花板
近業
着数
集気
引物
麦湯
主島
次客
入物
面心
短弓
部名
発頭
打高
羊雲
投力
開葉
県文
面具
生有
古血
暗線
相銀
調薬
究理
円皮
和談
予研
暗流
心所
水氷
竹筆
時様
人橋
白詩
真味
角筆
小味
音取
去月
魚板
石列
反意
家礼
局注
所所
門葉
申分
炭車
使人
集名
国持
東幸
宮主
死身
急電
番役
反実
反当
金相
火度
計表
原品
悪形
語注
流雲
投出
来由
祭酒
口鼻
重重
対屋
後祭
父宮
歯切
土練
春着
形勝
申次
研屋
木化
分島
朝庭
気重
波食
石勝
打首
品品
進相
血海
委曲
神地
後庭
面面
平泳
悪日
定者
本真
林研
有業
神薬
花平
君国
後住
開道
市屋
美玉
注音
筆答
音板
和皿
消炭
正員
送本
横様
左注
正着
文運
童部
酒手
世道
手板
黒酒
君公
庭池
内所
小流
南院
全顔
直様
絵様
赤実
病相
集古
他化
白薬
目路
両組
転転
表語
魚箱
波上
活物
先号
赤葉
表六
石面
研北
主木
直宮
立業
空屋
相公
地運
落鉄
去声
画号
頭役
長鼻
秒時
大息
皮切
歯音
米商
酒友
荷箱
緑土
相待
町医
悪男
送波
鉄木
文事
両指
月球
取石
間投
本様
国漢
下歯
小都
点取
持場
新集
橋柱
配乗
油送
相人
部練
市庭
開板
橋頭
血川
多死
葉温
軽軽
角銀
筆意
球足
路車
軽子
三寒
主都
親筆
速急
次手
山深
美肉
金湯
投合
筆太
神役
出板
投雪
新身
暗緑
星取
玉箱
動中
光感
会商
用談
天動
陽根
金研
他山
実教
宿道
同階
整正
毛流
州花
雲表
平物
宿神
氷食
陽物
全心
守刀
緑酒
実有
本事
油入
庭院
州県
緑組
両鼻
流矢
落手
短形
畑土
橋祭
物日
世路
列品
紙商
同者
書役
水宮
前局
土部
鳥笛
秋陽
手写
年歯
植福
弟神
名薬
待命
真福
祭天
和毛
日港
田主
神遊
大流
近事
市銀
王化
短柱
通箱
間着
女身
重言
放血
昼練
歌題
電発
全円
平章
横本
口軽
相分
打歩
星章
人宿
後注
田根
全食
女宮
魚商
神牛
仕服
受神
書板
肉柱
田打
表戸
乗手
真身
曲筆
終声
鉄北
落鳥
力泳
金板
追金
終筆
首根
自界
雪深
炭庫
病家
兄神
動電
有角
守国
池庭
病魚
夜深
平組
暗期
雪寒
世才
意想
神物
重金
三表
短手
水血
見開
大指
着点
本面
原調
温陽
長路
期数
鉄船
角氷
町橋
天豆
石宮
美犬
田遊
題画
青身
身柱
切所
宿運
平頭
号笛
板行
悪言
使送
色板
馬代
安名
道取
受田
消夏
調役
開物
兄事
駅広
美校
悪様
横広
先送
才筆
中業
受箱
川港
所思
氷島
悪王
長柱
立待
軽打
国表
丸筆
短章
始筆
酒波
重出
予章
薬薬
王事
一動
習学
古昔
意業
転注
打打
勝虫
次列
角皮
皿形
局紙
発番
表庭
青皮
内談
見受
色神
実悪
詩業
農神
深間
所役
千客
漢意
銀高
風笛
門神
出院
口業
天開
福分
二業
一業
投売
楽式
楽都
取用
決明
身業
陽画
足取
主持
他業
列長
死目
役高
入祭
岩流
星表
短打
有相
身世
式事
口決
筆紙
後章
集字
自業
元物
石階
明期
話速
帰院
花宿
調活
返血
想見
死所
化鳥
向岸
月央
鉄箱
級化
打豆
業前
真事
母物
重科
筆数
歌神
起行
登上
薬力
声区
両王
詩体
横流
横指
夏氷
天味
書箱
等活
助員
明所
開題
酒石
馬着
平箱
切炭
口悪
音物
配員
木具
北院
内事
持薬
題詩
和才
赤豆
取入
横合
人悪
何業
寒食
火取
平身
洋刀
内温
空相
酒肉
近着
列女
重土
配植
助炭
国使
記主
商登
寒雲
天助
空事
炭水
終板
植女
当路
語路
対明
計帳
医界
土運
男客
前受
校定
持手
草炭
想出
倍大
悲田
業風
店者
根切
全年
暗暗
同苦
登口
出様
分相
山面
地決
実根
配字
動点
寒寒
主病
真形
軽少
氷炭
落月
有実
正銀
代八
有金
船祭
七所
四表
村界
直仕
糸遊
和南
駅館
貝葉
休題
注本
庭草
君長
客語
横物
回礼
村医
町代
直路
寒苦
全箱
重味
陽火
転会
所由
取口
温血
氷板
白血
農本
使丁
油土
定線
大界
左院
美黒
面水
円球
苦苦
習気
写絵
反社
女波
打見
入客
新注
面様
神米
他感
相役
犬面
写野
内神
家神
親油
起死
係名
筆書
追考
知歯
文題
箱下
詩友
温中
反身
女短
炭取
真後
鳥打
商内
表頭
事書
相宿
回申
具注
組打
丁名
妹神
落木
明転
南様
聞役
帳入
申文
勝車
外曲
礼教
赤短
他品
真当
小皮
他年
客乗
小根
身持
開都
古意
感色
言者
国役
学調
集品
青氷
物物
死門
分荷
北守
歩速
軽品
死様
深所
長葉
神色
歯式
開立
宿王
漢才
方路
実字
春化
竹根
軽荷
左鼻
書者
道板
洋算
定係
美服
正受
練鉄
夕礼
苦木
農都
知客
有音
陽地
祭室
球心
元品
昔者
油皿
才取
緑門
合有
外区
両次
同対
平西
負名
短生
下意
前表
死場
悪子
石球
金談
金緑
自相
雨神
子福
対世
羽板
真読
助業
期央
間宿
役牛
洋本
行住
詩意
女持
板皿
悪計