傍聴
納豆
畜産
市部
買値
兼任
前作
疾病
合図
痛烈
快晴
付記
激突
命運
財政
越後
就業
大概
行頭
宮部
居候
指数
南区
増築
路上
俳句
最旬
大体
源流
甘味
線引
余程
肩身
手際
重量
便所
広域
南欧
高温
配列
長岡
伝送
全裸
防御
受託
保留
粉末
初見
本尊
符号
模型
千里
泉州
里山
資質
九死
債権
観覧
滝川
正気
新子
配付
系列
線上
待受
顧問
乗船
敵対
軌跡
卓越
迫害
経理
量産
流星
直筆
乗換
登校
新米
売店
人財
三文
火葬
陰口
鏡音
中日
段差
続編
日編
髪量
間接
優位
満了
松山
岸尾
大賞
精霊
法的
渡航
着床
同日
満腹
心血
夕飯
精製
後輩
存亡
散会
歌手
試着
和英
諮問
縦軸
落選
損金
小人
音質
競合
上流
密閉
亡国
全焼
電撃
六月
林立
黙認
三陸
後場
在職
女将
数奇
鉄板
出走
荒木
地味
築城
一階
配管
童話
目処
後手
先述
高橋
所以
風習
強風
答申
読物
画材
着服
方面
任務
外食
税率
健保
小牧
無知
発電
築造
先導
反旗
話数
建機
香料
悪寒
必読
遅刻
協同
果敢
外来
腸内
鼓動
死傷
何層
新法
浅草
現行
不良
一語
型式
料率
上着
何軒
音色
遺伝
声高
電停
荒波
幻想
二癖
遺産
日立
短冊
三輪
儀式
眼下
国籍
牧場
白紙
愛人
大方
鳥取
下線
湯水
基軸
床下
小口
一任
日別
必然
剣心
中野
不意
論理
西友
死後
求刑
舌側
束縛
銅像
一戦
式典
手芸
是認
渡辺
時給
悪気
根本
黄金
右翼
理事
特養
輪郭
単身
紋章
始動
予選
本県
松本
敗北
暗躍
胎教
紫色
次男
我関
失墜
修業
五感
吉田
先陣
行者
内外
割高
内在
協定
極論
化石
今私
空手
異国
不調
占有
荒野
一条
復縁
少量
振動
沈殿
座席
残高
一位
例示
表内
府中
酒場
処女
工法
万里
屋号
音頭
承久
適量
北西
全戸
公平
間際
屋外
一国
落語
連中
人参
異彩
旅侍
赤線
満車
赤壁
安易
牛肉
規格
三方
緑色
英日
退室
左上
放浪
登壇
冷製
祭日
年間
下宿
上越
威信
二足
断固
調製
傍点
後継
民法
発赤
目先
星様
聖地
等幅
血相
高価
輸送
本領
害虫
主軸
鮮度
気心
公約
魅惑
在勤
綿密
傾斜
加護
風上
開創
信教
出向
昼間
伏線
主文
増強
野口
克明
用命
五輪
委嘱
貴様
各駅
裏技
金運
和装
脳力
妙高
方角
関知
納車
野鳥
隔世
敷居
着陸
二倍
取敢
運賃
通算
反戦
血圧
知見
調剤
薬用
燃料
南端
何千
生憎
粘膜
解凍
押切
府令
産声
撃沈
役務
体操
花咲
埋設
室数
阪急
試作
国道
難関
尊厳
吉本
回想
重音
建替
花王
当園
薬草
型番
高卒
入園
沢城
先人
題別
反乱
東証
宗派
機構
超過
血眼
知育
着任
破格
同氏
勧請
順次
強奪
卵巣
納戸
光栄
立脚
寸断
神具
月数
軽量
西部
震度
初耳
別表
医薬
屋敷
中京
公的
造園
治安
受章
精査
内臓
余暇
起伏
熟読
生足
本数
大輪
短信
技法
嘱望
三月
川島
植木
跡地
旨味
批評
体得
期末
文明
土工
論議
熟女
山陰
球場
区画
礼節
発火
建国
屋台
先代
胃腸
巨万
氷屋
後期
桑名
実印
採掘
孤高
着想
悲劇
魂百
魔王
名手
肝臓
労力
南北
下巻
反故
弱点
偉業
方位
佐渡
補正
夜間
文責
器材
決死
魔弾
右図
同化
労務
山道
同義
接着
寺伝
手袋
降伏
司法
報知
積雪
皮脂
主観
新宮
白衣
秘宝
機運
発毛
徒党
町田
係留
本田
無論
一陣
空席
国営
大台
品番
味見
発進
貧血
丹波
均整
均等
持論
鉄腕
試練
死角
配分
孤独
変革
指先
完訳
再録
乱歩
浪費
緑茶
産出
集成
分配
主菜
特技
不詳
無礼
築地
細工
古都
倒壊
演説
足場
拡散
操業
日勤
新居
富士
入港
難民
歩道
光沢
口論
条数
接収
少子
自他
予習
民家
質素
骨盤
先物
機材
閉幕
盗難
天職
字幕
学歴
火星
満悦
宙花
主旨
国権
墜落
活魚
落雷
弾圧
返納
暴言
有様
暫定
今治
収縮
鼻水
祝辞
祖母
昔話
冊数
殿堂
着工
雑費
包含
国政
好演
広義
発熱
一晩
無用
逆説
海鮮
重用
私鉄
県下
左図
線香
陰謀
抑留
次代
明細
裏手
英文
利家
行進
撃退
五年
秀吉
発布
残留
資材
無休
波及
公然
包帯
郊外
本巻
祭神
紀行
狭間
吐露
家臣
本能
振出
出世
下関
団長
縁日
大洗
首長
里親
全容
途端
中世
木造
歩調
欠損
同局
作中
四方
庭園
独島
漁獲
預金
上告
極力
肉体
名湯
副菜
同省
書影
安穏
与党
悪運
線路
焼豚
後援
要旨
海法
河村
丹後
査読
温存
退散
上田
説教
駅駅
戸籍
下火
増減
他方
吸着
格差
起床
雨音
道標
構図
雨雲
石段
羽根
大臣
日父
二方
黒部
山海
吉野
追撃
魔笛
領収
祖父
永住
金星
政界
毛布
季語
山行
基地
重篤
昇給
中島
横田
誘致
軽快
選別
弱気
聖剣
真髄
解答
北遠
強大
快方
一興
心中
師匠
小型
果報
器具
観劇
同定
岩波
疑惑
銀河
補修
海岸
左下
品性
未見
対極
四月
万能
備品
飛躍
武力
不慮
弁明
立川
低温
発着
着信
元手
父母
一号
平等
扇子
摂食
菜月
完熟
必定
庭木
入部
産卵
衣服
熱唱
死神
大沢
東区
深層
口数
成就
数秒
特例
男達
奈落
楽得
爆破
入団
水源
県別
電流
社伝
絶叫
枚数
敗戦
物陰
品切
即位
額装
増額
定説
金員
暗号
完納
者達
能登
一滴
万障
形容
御用
右端
時差
三枚
大宮
約件
勝敗
加賀
上空
第九
物欲
最期
吉永
寒空
急変
常用
日高
出火
使役
大志
均一
家路
要職
末日
罰則
和泉
曲目
同校
旧型
親族
屋内
火気
連帯
転機
千代
熱湯
再燃
再興
東洋
首都
一室
冷房
女多
結切
院名
絵的
不眠
平凡
不評
民話
仏像
安住
簡易
口火
大家
書庫
過信
知財
点字
今観
福山
友近
出血
用件
穴場
発車
梅宮
称賛
支社
定期
死人
実習
月末
離脱
何台
複合
別条
路地
巡音
一休
降臨
果実
急登
上程
異例
白地
談話
大鹿
移封
緊迫
欠片
桜桃
時流
三男
都庁
別冊
禁断
氷風
増水
自衛
法案
元彼
期日
残虐
調教
防人
耐熱
反響
産直
人影
茶葉
判示
号泣
岐路
断腸
薬指
体裁
陳謝
全板
机上
世帯
騒音
越中
欠乏
細道
選考
送検
転写
観月
次会
花茶
急落
花粉
大木
平易
即行
子達
格言
気攻
生死
損益
具材
道楽
鉄子
野郎
秘策
出馬
軽微
滋養
減量
雑記
保元
適職
通訳
行楽
破裂
大雪
十代
脱税
翻案
右隣
生身
浸食
腹筋
公職
祖国
正座
花婿
義理
雑感
教科
価額
洋風
喫煙
燃費
新芽
歯肉
推挙
修整
年上
動詞
銀色
即答
山菜
洗面
製本
無残
未熟
森林
捕食
航行
尾道
得点
一握
新店
実寸
筆順
用具
裏腹
首席
面会
医科
日前
上図
小泉
太字
略歴
視角
一軒
惑星
花棒
神聖
奇怪
視覚
過大
超訳
事気
府警
護衛
育毛
辞表
一筋
仮名
誤爆
中小
輸血
夜桜
非業
合同
人手
欠席
食費
御宿
全幅
繁茂
遺骨
定住
佐天
学年
勘定
有害
断行
個数
天命
婚約
短編
万病
休暇
三権
新語
保身
清流
天文
井上
利口
例会
花環
西野
対岸
聴衆
初物
拝聴
擁立
名順
雑草
在日
次走
交点
文頭
特権
植林
同士
四葉
表装
結託
今来
知床
必着
益金
来校
苗木
甲府
論壇
畳数
編曲
一次
敬愛
日銀
苦虫
脱帽
紅星
金麦
複眼
激変
境地
双月
彩色
男湯
川越
笑点
別紙
脱皮
月給
密生
仕草
変哲
植毛
少林
薬店
同額
重体
口車
国連
伝来
中盤
街角
例文
後編
旧跡
情景
攻防
小首
故人
世相
下町
信奉
現物
家畜
搾取
恋心
住居
有数
権威
局面
発出
洋室
爆弾
寄席
他国
死霊
浴用
里田
実演
何冊
兵士
増長
跡形
丁度
無添
市制
早寝
借景
子分
良貨
糸目
旧法
率先
神妙
王道
採算
数順
会務
酒味
安倍
英雄
兆候
寝顔
結晶
好適
鉄鋼
味的
冬季
夏期
手引
転記
置物
事象
石橋
買上
敵視
療養
鼓舞
中庭
復習
入庫
長門
常設
共催
飲茶
晩年
姫路
長居
生体
金子
一癖
皇国
転移
共認
愛国
手狭
着地
全駅
一片
実益
河童
貯蓄
逃亡
明石
白熱
挙手
落胆
両側
同市
商店
財団
難儀
裏話
湿度
城主
同作
尾瀬
巨大
白雪
西洋
外伝
心酔
登載
放火
遊学
裏面
粗大
農村
福北
腐心
天野
階数
練馬
名勝
参道
遺書
米粉
異様
森田
手形
箱根
掲記
薬楽
観賞
王手
墓所
中段
六感
母子
採寸
外字
基因
住信
全農
黒川
沿革
税別
設営
中村
今晩
悟空
画質
塩分
片棒
中東
運気
和歌
字型
漂着
大気
整地
木製
商号
摂理
汚名
収束
目深
修繕
西岡
論点
城本
下位
脳死
全編
通説
産生
良識
遠征
告訴
打設
若気
歌劇
朝目
前節
良心
帝王
着後
新春
親密
紙版
不穏
四駆
書誌
白菜
不通
潤沢
眼前
厚意
県政
頭角
湯島
横綱
代謝
役所
急所
浴場
何件
諸税
手塩
破滅
丁重
万難
国市
長井
出鼻
頭悪
悲願
動転
陽性
第五
表中
不能
北端
同庁
堂内
右腕
在宅
少数
今季
開基
冷水
血管
平静
再選
城壁
酸化
健食
雪崩
条約
共著
眠気
元祖
誤植
車内
安政
三匹
体型
料込
政党
肥料
情勢
翌月
和訳
名告
慈愛
力強
本性
有志
京王
能開
推理
農地
創始
立木
全組
主夫
石田
隠居
民度
類語
西村
名詞
債券
煮干
出生
身元
憲昭
気功
涙出
美空
上値
食券
開封
中検
島式
発光
毒殺
無力
帝国
秒刊
体格
希求
要所
世紀
頂門
翌朝
日母
車道
越冬
株数
屈託
慣例
魔力
万葉
今風
美食
汽車
県名
理容
百人
風俗
小西
読了
義歯
私財
後姿
純粋
埋蔵
憂慮
特段
鶏肉
火傷
湯船
黄泉
背水
終売
宝物
天寿
長島
学長
文体
横顔
大化
分担
羽入
老眼
降板
劇評
拝命
井戸
北前
有明
火天
薬効
奏者
武将
酒店
木材
水橋
高町
民謡
口大
押下
温湯
正論
主義
国別
土俵
野党
膜炎
時分
駅街
力量
岡田
必携
凶華
仕入
会釈
国旗
本舗
本編
十人
門出
東端
校長
引率
天安
流水
特売
乱暴
心情
追従
乗客
湾岸
花輪
急募
事柄
賛美
水虫
各校
苦難
苦心
連泊
法要
縄文
我輩
痛切
八戸
賞与
公営
弱者
大陸
文人
硬化
骨太
本籍
登用
大空
百代
仮訳
丹精
法相
列記
後学
未練
人民
明暗
益益
汚物
一様
失意
属国
初級
遺作
功罪
人脈
敬語
操縦
局室
三牧
遊久
半日
村長
底力
養生
品名
決戦
満員
快眠
道筋
美男
孤島
食道
西端
申立
青字
別居
残金
屈服
供与
病態
車輪
前編
共産
耐震
文脈
小生
童心
因縁
文殊
官位
模範
小房
在留
鉄砲
本機
英字
神主
室長
支局
清聴
神寿
衛星
災難
忘却
浪人
親元
続投
改編
目盛
軍隊
春名
本堂
美化
大森
目上
百薬
真矢
一児
虚無
熱愛
北摂
進言
改悪
乗用
一画
公算
句碑
国益
年式
御心
企図
胸元
木霊
試乗
空路
聖域
走路
日祝
大竹
拝察
洋式
審判
関内
潮風
連合
通夜
好転
到底
躍進
天地
辛口
遊星
追走
玄米
単式
善良
美脚
真意
暖房
野生
東映
幽雅
信濃
店用
無人
誤認
二枚
来社
別添
祖先
開山
雄弁
号外
減税
季刊
返用
弁済
接種
名人
重荷
亡失
踏切
転居
図解
風魔
小田
指輪
正月
辺見
移民
三日
惨敗
冬場
前夜
潮流
厚木
玉座
誇張
夜勤
垂直
食用
水草
教壇
復権
万死
鳴門
水産
激写
比定
次元
薬品
通念
造形
放射
粗熱
葬祭
宿浜
出港
手玉
何個
歌姫
就寝
飛行
高僧
奥底
化身
驚嘆
傍観
再婚
天体
銀幕
今出
仁比
暖冬
暴挙
有吉
予見
火曜
追究
半期
積載
一役
噴火
竹内
慰霊
汽笛
初戦
施錠
肉眼
微力
裸者
出願
抜歯
両面
昼時
春分
豊水
中区
目黒
開湯
父様
衆院
死守
恋活
本等
手腕
二日
織姫
快感
古湯
帰化
神秘
賃金
床屋
日田
名産
封弓
貧困
供用
入国
板別
他聞
何実
美丘
養女
脱力
電機
湯元
悪人
音響
奮起
立夏
地蔵
聴聞
体外
始期
初午
不徳
苦楽
絞込
増刷
死闘
自滅
同誌
基数
取集
着色
退化
年内
前月
名目
谷氏
並走
安否
九段
矢切
野獣
難波
番茶
肺炎
武道
人工
殺気
聴覚
一輪
白浜
硬入
一座
券面
賛否
閉館
売春
乳液
習性
洗剤
傍受
大挙
同種
欠員
羽音
屋上
皇帝
採録
留保
黒字
乾物
邪悪
弁論
記帳
古崎
市況
実像
吉川
標記
愛子
恋話
破産
切除
入線
拝啓
下方
血中
偉人
法話
役者
正統
無形
好走
手近
色即
辞意
物産
口中
北総
大塩
過客
適性
安芸
重度
出社
何点
未遂
宅建
二物
不発
長女
来園
十字
遅漏
漁夫
竹田
市原
話的
討議
文系
南京
潔白
同県
広川
何見
粗品
構文
国害
射精
気力
青色
名山
強火
移入
七草
一首
復刻
供花
風穴
市東
別状
非情
放言
駅探
現職
互選
鈍化
実生
森崎
白人
暴風
直線
生薬
加給
出撃
熱演
往来
夏場
露天
臨時
熱烈
人知
後方
短所
礼法
衛生
英訳
六甲
快諾
奪取
十三
貧弱
炊飯
戯曲
夏子
今夏
先祖
指向
旗旗
濫用
筆談
髪切
長瀬
配車
利害
休職
相殺
雑踏
色素
給湯
野村
歌人
蔵王
自責
添削
右派
福袋
沈没
翌週
濃度
朝顔
陶器
早産
知覚
山門
悪心
開園
大羊
私権
急死
松永
破門
寒中
熊野
他意
鋳造
史実
曲線
注記
主権
寝食
横領
指南
養牛
先客
多湿
青梅
実質
横丁
原画
梨丘
三角
県立
板金
全件
内税
水色
桜台
原寸
発色
俳人
小島
知的
活況
利便
豆乳
大泣
山上
水平
姫君
頭金
旧居
関羽
孫子
広州
減数
鎮圧
一族
町制
白玉
遺構
謝礼
溶解
通帳
時評
薬害
広尾
英検
鮮魚
別所
傍線
圏点
電通
係員
二乗
清算
花畑
学園
小沢
青木
自主
門限
暖地
背任
台数
南口
諸国
病死
湯茶
気学
楽園
窒化
排斥
真理
成形
戦隊
盗用
温水
年下
短歌
遠目
裁量
可燃
難聴
浜辺
石綿
手薄
住器
越前
乱舞
郷土
人居
菓子
他愛
信任
一級
問合
夜寝
入選
原産
類推
志士
怪獣
開閉
大奥
整骨
専業
白山
三本
煮物
毎号
炭酸
海事
東横
地鶏
従属
福音
聖歌
無印
出頭
宿名
発芽
私女
共鳴
乗馬
死語
逆算
迷信
打倒
版旅
詳述
領主
福娘
裁決
勝者
無題
有機
小川
窓辺
共謀
長寿
流豚
春先
野菊
別館
名実
母語
同感
権化
自伝
神軍
体温
町史
前出
黒木
平泉
角館
幾多
語句
尾行
両氏
絶頂
単著
西院
歌碑
君達
漢検
間口
夏祭
大樹
悪華
時下
面識
罪人
材質
松戸
三色
怪人
木綿
千億
仮想
潜在
冷遇
田子
模倣
小便
思料
武装
請負
書込
荒地
大通
序盤
幹部
益若
校舎
進物
山田
和則
水牛
大船
身内
白河
諸手
出光
老兵
増田
試行
引導
十二
本章
四人
胸部
神威
学内
入念
田口
国等
有望
滞留
係属
遺品
外人
失神
回遊
塩化
単調
純度
狭義
催眠
五木
題目
定植
太郎
尺八
破局
金物
言霊
大曲
気品
恋仲
法学
怪盗
両肩
両岸
聖霊
残席
車名
大爆
扇動
戦乱
神事
船宿
備後
電器
逆走
術中
周遊
減損
五本
星人
検察
本欄
北浜
一礼
露地
付録
貸主
単価
昼飯
氷川
順当
日販
年分
建材
主筆
夕陽
抱擁
難癖
一月
改組
装花
代理
減退
浸水
完治
何名
乙一
藩国
完敗
粒子
幸先
四年
山里
木村
首領
分冊
切迫
宝箱
前来
朝夕
風説
伝票
除雪
快楽
路頭
携行
有楽
格式
伴奏
初歩
得編
時短
寸法
軍門
荒天
糖度
音的
赤銅
陸路
応答
同園
家系
曲水
有意
電脳
胸倉
道新
名品
新風
掲出
奇特
力場
不興
戯言
旅人
短命
薬味
寒気
他所
拘禁
財界
三交
眼中
善人
言説
入籍
送金
戦力
領有
成田
特製
流産
法大
英知
激似
村内
工業
村山
坊主
市町
国土
摘出
土屋
品物
静聴
一個
試飲
車体
静養
安西
支点
占用
寝耳
大橋
即死
学術
太一
敗走
大島
互角
酵母
高波
自治
汗汗
交易
税務
部室
字通
当市
気運
概況
佐川
算式
満点
秋分
名器
女湯
原町
惜敗
預託
日陰
明暦
所用
苦境
基金
遺言
改題
海難
朝礼
大金
外道
語気
同姓
千本
茶色
探訪
表決
山野
転嫁
持分
車座
餓鬼
同胞
民団
精選
無謀
砲火
荷担
鳥羽
部会
制震
高松
載置
寺門
足指
終電
失当
暗記
赤帽
風潮
史料
尾根
大軍
丸井
得日
点滴
知内
牛後
村人
広西
星界
台紙
三沢
府庁
帰着
湯気
樹林
高圧
名水
鉄則
転倒
和央
別売
一大
末期
羽化
券類
確執
悪態
店番
三宮
竹林
水深
製図
宿様
何組
被覆
内閣
女房
啓示
常滑
上巻
成年
盗作
出費
影影
馬券
無性
天瀬
満杯
公害
悪徳
芋虫
悪貨
前途
年始
車窓
一足
手首
不変
汗笑
新市
旧暦
脚色
四男
年数
出方
債務
知能
余力
部隊
戦犯
二児
小星
戦中
湯和
本町
喫水
監獄
私服
奥行
根絶
今晶
片言
黒帯
血道
腐乱
国債
一社
豪雨
確証
共済
一律
散漫
引鉄
盗聴
不断
頭脳
木目
欲求
五山
貧乏
三村
矢面
吹雪
概観
山岳
極限
濃密
独和
来季
朱点
脳的
異音
徴用
行程
青酸
旬感
暴動
千鳥
朝市
医道
夜霧
四万
木何
独身
試査
大枚
変質
指令
当行
衣類
水面
深月
守護
窒息
下降
珍味
知遇
女三
語義
大使
十九
周回
公報
自戒
少額
金商
三条
方策
負託
高菜
頭上
高熱
主将
拘留
米袋
内全
交番
毛足
一理
結実
敬服
湾曲
露骨
軍服
最前
冬来
補導
同列
弾丸
赤福
内職
光彩
模試
強度
襲名
紀州
次表
特有
信義
一曲
異物
回顧
網走
安価
三木
日興
原状
近県
会費
利権
付議
公訴
愚考
笑笑
本報
日神
不平
導線
水性
要項
国友
接点
立案
大業
金型
実状
北方
縦横
緯度
宮島
田辺
旧宅
草花
消却
白水
為人
有報
自転
犠打
万軍
種芋
百円
幅高
返上
掛軸
安打
術前
完走
大王
遠視
居酒
熟語
天栄
旗印
当会
強打
夏草
機転
海路
日没
川合
習熟
鮮烈
表題
墓場
京橋
寸暇
柔道
外注
入隊
二回
手動
平屋
孔明
内観
一株
園庭
田町
格付
諸橋
永山
三点
調定
狭小
幹線
酸素
元妻
晩夏
歩合
抑止
著効
必殺
煮魚
瀬尾
供物
休息
活性
皇女
相田
余騎
過多
大戦
手柄
紫根
相鉄
穂高
特訓
検品
別府
新曲
橋本
鋼鉄
膨張
伝記
浸入
八代
赤玉
白書
立秋
文永
日系
栄誉
地質
勝率
憶測
自虐
一命
激得
京焼
個体
時私
口福
動的
学認
同展
議場
婦人
社屋
流域
難所
万感
連綿
命日
中経
自腹
布陣
産休
首筋
千株
見栄
法宴
器官
新人
苗場
音泉
成否
七尾
病後
裏見
含浸
必勝
会得
星砂
水上
神楽
当代
従軍
深化
護憲
代替
屈辱
共助
助力
大仏
大坂
違憲
大好
狂言
版権
武蔵
応分
何着
貿易
足下
法文
青葉
夕空
我妻
山林
関白
中途
気概
即納
有泉
金魚
木気
大吉
高慢
干支
荷台
全仏
洗車
軍勢
今時
味岡
固形
一一
外傷
寄託
建武
読解
掌理
座標
迎合
魔性
愛好
良薬
一文
座右
無念
国力
破竹
根城
株屋
聖戦
前菜
全社
一秒
上気
激爆
第六
網戸
明光
王家
勝沼
北風
美麗
私腹
直立
陳述
通達
園児
本院
知立
収受
区政
背徳
林業
新薬
昔日
用達
姫星
風雨
旧所
半券
激戦
容姿
機序
奏功
保安
体気
船上
論争
裏職
目録
縮図
箱舟
接道
千早
一浪
室温
登美
恐慌
邪推
小道
軽老
目下
宿海
勘所
短報
小雪
新色
帰依
近況
青地
町村
五人
省庁
緑字
秘伝
枝豆
日和
推認
快速
外箱
米村
機内
西暦
見所
難度
円貨
新生
箱代
小野
総菜
寝坊
毛虫
盛会
電王
喜八
物価
錯誤
流木
字屋
薬院
多色
禁忌
寝床
海麗
灰皿
定規
投棄
一寸
論語
鳥獣
真岡
数的
飛鳥
新広
各巻
硬貨
出金
書物
三進
両輪
製菓
参上
景品
倉敷
警官
術攻
強運
福神
二郎
山間
人見
内野
送致
岡崎
気弱
伝家
手指
美名
白目
強引
闘志
雑学
春日
鼻歌
漢詩
性病
反則
感電
家内
西宮
君死
関学
分乗
嘆息
駅長
蔵太
校歌
祝電
治験
所長
券付
長押
当期
房総
華道
美界
追想
芝桜
乱視
服従
原審
小浜
盗人
道徳
獄門
前職
店様
即座
本園
山札
入本
軽装
素性
漁港
標題
盤面
入館
演目
極度
恋路
局様
立春
教則
遊人
菊芋
各章
行中
良書
書目
老仁
大工
各年
星影
寿永
減価
切実
今秋
島田
若手
精米
下側
次善
茶目
居室
何代
紋所
正誤
公判
階位
怪物
描画
強盗
伏見
組曲
究明
論説
多年
策略
人流
秘薬
着付
島原
気圧
創通
守備
盗賊
信玄
卑下
万人
人的
限局
台座
秘蔵
大泉
撃滅
安眠
薬師
同大
飛散
曲尺
合議
人命
積和
一二
大敗
海南
発作
縦走
海老
首位
学芸
暇人
訳者
純情
人員
態勢
半田
徳市
湯治
舞子
山響
防長
球体
雪風
文節
黒島
住職
場名
広範
追伸
特恵
失格
文面
百済
自害
接遇
数百
岩出
体勢
変容
臨席
死力
冷却
数打
合戦
十一
中水
同月
自国
直登
男声
出雲
峰倉
羽前
活写
変装
官軍
福博
下地
祭典
分子
清純
水菜
敵失
全額
反落
特則
小腸
求婚
木山
流浪
仕度
中井
重心
丹念
根暗
黒革
厳然
石口
固有
換装
旬鮮
朝倉
総出
白翼
則武
正木
王朝
墓碑
腕前
河口
軸装
巨樹
千種
超克
人情
随想
小僧
各期
中興
反動
長音
幾度
仮装
漁師
税制
看病
特出
都立
一食
毒素
高山
部局
小字
和佐
誤送
数件
松林
火花
主語
左様
反抗
百億
駅舎
横手
開削
士気
祝儀
刷新
一分
鶏口
学参
天魔
吹聴
乗合
長泉
漁船
見出
配架
進度
湯楽
片山
志願
教皇
各人
友好
別格
本宮
木更
速達
殺意
大沼
安保
静観
鉄人
孝子
平治
質感
三田
裸足
外付
強硬
造語
日子
茶器
空調
因果
暴漢
桜色
旧知
固着
浅瀬
池上
真我
六十
書中
新郎
水場
騎手
略図
黒服
臨終
両国
市営
何社
宿滝
置場
改葬
松田
治子
一帯
湖畔
益子
表象
駅力
本講
領地
外資
旧名
席次
断滅
落着
荒川
作戦
木場
口頭
唱歌
古語
二輪
吹田
二所
浪花
王座
四輪
民意
付設
路駐
次週
平安
源湯
学級
請願
独走
和服
京進
大山
任売
捨札
同賞
滝野
望郷
自論
井土
末筆
猛攻
声劇
特急
反例
自壊
洋館
道内
美楽
夫妻
短文
受容
被弾
産交
朝鮮
寄港
弁護
産品
再編
三元
金品
製剤
金太
運休
栄華
花材
監事
初出
号令
切腹
開学
削気
板谷
公団
仏国
失脚
地雷
愚直
水路
装束
値札
漁村
茶道
横道
協業
服務
動議
顔見
古川
山下
即売
川湯
娘黄
宿一
弁識
話声
失笑
道外
道民
新令
名字
除斥
二点
通底
来歴
道央
八月
鳴子
再送
馬車
劣頭
市立
車高
師走
早耳
中西
陰湿
樹木
土門
町家
矢場
多聞
岩交
車中
増備
雪国
鎖国
剣道
即決
直尺
騎士
動機
派兵
平定
獲物
高原
踏込
人夢
真綿
引力
出陣
乱発
同館
好機
愚者
帯付
増毛
東山
七年
去勢
村上
辞職
風船
絶命
移譲
越谷
縁側
卓球
成恵
登園
始祖
異質
魚影
肉屋
磁場
水戸
若鶏
枝番
各県
疑義
雑多
不滅
銀縁
理恵
団地
半畳
人里
二本
石炭
女児
項羽
半月
祖師
礼儀
原油
御館
功労
夜市
代品
洋子
裏表
番外
実技
遺物
年端
栄町
産後
解読
壁面
強豪
借用
港南
大作
一撃
風格
小枝
土肥
立法
円墳
久遠
高倉
円安
不全
色調
金銭
幻桜
道端
県勢
頭目
央己
威勢
天望
無音
配流
加瀬
厳修
遠足
難病
週次
精算
何味
親本
下北
霊視
破大
適確
町会
数台
甘露
一着
傾注
銀翼
禁帯
助手
奴出
連名
抗争
花音
農協
米穀
旗手
地盤
盛栄
持病
港等
季題
信書
捨象
出航
曇天
路面
貸地
養老
転化
旅本
節度
殺傷
大群
実作
線画
御子
赤身
低空
葉山
竹炭
南仏
目指
北住
魚雷
仮眠
場況
裏街
備蓄
詩歌
西和
特老
犬山
老健
健太
白金
知多
液体
片町
権能
坂間
八雲
高架
幻影
無傷
巨富
査証
大原
更生
信毎
月次
無痛
現出
単騎
横山
余罪
迷走
相沢
四谷
整列
人様
重版
食物
防具
無心
丸山
一関
体系
薄紅
疲労
一顧
部長
花林
宮古
同量
古城
追憶
酸塩
惨状
満身
故事
吸魔
害獣
風雲
民放
満期
民芸
聴講
連打
遺族
中少
式神
由衣
公署
宴宴
保坂
奴多
転封
仕組
晩飯
球根
援軍
遺棄
政宗
湯古
席種
光輪
兼続
孫六
老化
大福
雄羊
統制
討伐
英気
画家
底値
分読
米紙
自棄
電動
亡霊
納税
合点
励行
洋梨
甘夏
織物
旧字
群落
一宮
半島
夏空
竹宮
北口
波止
野合
犬太
夜長
大辞
使者
焼鳥
水引
中居
本節
吉村
年賀
過熱
小袋
全館
遺徳
隷従
返付
有松
聖者
朝陽
成犬
苗類
目途
市電
高砂
夏編
紅音
城内
西成
超強
作法
当号
照笑
先発
卸値
北極
無能
黒潮
羽毛
奇遇
花肉
帆布
校訓
激闘
入稿
大口
減刑
見仏
流離
免震
帰結
佐武
政争
名刀
地中
古牧
維新
古風
注釈
正対
平戸
詩集
馬子
梅園
磁力
狭量
積算
機軸
圧着
堤防
再刊
卓上
車間
自室
飲用
直島
広電
経発
六法
九尾
怪異
東方
版非
生月
中和
居所
池坊
勝山
双肩
月夜
字点
祖院
忠光
論戦
歯間
激震
名月
道太
賢察
素手
宇土
日塩
布告
宣以
自演
概説
造立
不仲
激熱
子規
日英
三枝
魔皇
鈍感
夏川
基材
幻視
加水
全道
簡素
五位
塩原
史代
地場
学是
東武
漂泊
元号
独日
満福
敗訴
数社
両耳
宮川
百戦
白星
比準
大海
脚立
雑魚
舟盛
化剤
謝辞
曲美
秀太
一橋
山鳥
自機
鎮火
欲情
略号
衝立
糖類
湖浜
崩御
風夏
美徳
軍手
小鼻
個口
受粉
鹿島
数式
六霊
幅跳
手練
宮交
平野
楽習
米側
予知
楽観
居宅
特上
合通
軽費
食神
円色
創都
激務
同前
町字
御霊
大池
重美
別件
長者
金玉
雑言
転身
城北
背油
草木
周期
青果
大京
現値
素子
住建
残債
大漁
実戦
三顧
東原
繰越
今一
西内
重文
七誌
真田
赤味
今展
羊毛
海男
瞬撮
二項
買主
当所
同欄
商法
冷光
重臣
手手
他科
豊橋
祭都
七田
編案
幻惑
前線
弓道
岐南
年頭
登頂
騒動
訓示
加点
虚像
暗雲
和文
季粋
式中
前田
遠州
本種
執念
専制
未納
野人
四郎
赤羽
酒舗
岸壁
四十
親方
城南
脈絡
過密
鎮守
外数
坂路
名声
皮革
朝勉
流儀
貴男
恒久
書架
硬派
肉労
士業
船賃
系統
紙技
滝涙
利息
大盛
社割
期中
母数
快走
永宗
衆目
減資
容態
当校
暴落
増資
各欄
宿湯
倒幕
湯音
適温
主徴
公転
田園
送出
両眼
別掲
感慨
球界
中退
大筋
土器
土等
片雲
本流
凶神
受諾
丸岡
射程
目目
安城
訂誤
香調
序章
男度
分掌
如月
三国
帯上
日給
宮司
真正
旧新
古版
内気
産婦
客先
帳簿
方剤
長編
減封
国技
明大
補欠
岸部
芳麗
葉桜
架設
狂乱
読谷
一団
魅呼
公売
美里
執務
入城
村田
誠治
俳誌
酒造
西肥
作風
清遊
肉等
里堂
総説
一幕
夢私
永田
黒子
夏幻
服役
残室
大暑
品格
辛抱
作画
確知
敵陣
雨情
国中
急行
所収
稚魚
雑民
覚書
朗報
聖母
任免
余波
国府
再掲
夏来
烈火
能楽
中絶
門戸
空母
神攻
砂防
着装
副題
鋼板
芸北
波長
十六
渡島
隣村
各馬
並下
初着
側近
千歳
大石
血統
立山
寄金
延泊
油絵
真歌
役人
超得
月島
伏在
割当
探知
幾筋
賢帝
噴水
同送
何番
真紅
出窓
任用
秒速
夏山
一作
巡行
遺贈
序幕
愛聴
激汗
奏光
助役
日焼
熊日
魔炎
風森
死滅
脱走
刑法
盗撮
王将
坂出
消防
子号
小窓
巨費
末女
金言
駆動
直球
実録
中坊
宮前
他校
公債
山代
白状
装道
岡三
異色
先駆
猛爆
加温
学遊
幕府
空似
背面
氷空
食間
職名
梅皿
石井
党派
私書
刑場
町紙
密約
日向
歯学
北九
大勝
尿路
並上
吉原
駅弁
小町
和田
既報
歌謡
物攻
種田
寝室
野原
魔神
大卒
英詩
腐敗
宮迫
朝晩
色的
調停
北鉄
支流
愛敬
予熱
裏張
黒地
開眼
厚情
西口
活路
小紋
夜愛
本望
無類
急減
開院
前岳
本論
要点
成語
証左
山路
畜生
薬学
前頭
空論
刻限
月下
諸王
来夏
太守
史官
慣行
肉質
名盤
北天
認容
真砂
市税
東宝
数個
片道
宮原
銀二
内数
最下
経審
口笛
素行
冷蔵
常例
和名
酒精
主席
黄砂
宿木
土方
武内
四角
魚肉
旨辛
宣戦
観衆
花種
最凶
御手
美声
火暴
箱館
条項
車上
気迫
肉塊
了見
得度
骨子
森川
復職
氷雪
大火
山中
昔心
首記
激情
生誕
反吐
京終
六価
結露
色紙
石野
身銭
帯電
物置
木工
厚手
犠飛
雪辱
交信
糸口
前店
老子
春死
和寒
夕刻
桜井
教習
星弓
書画
二宮
経度
都城
朝一
浅野
七七
一計
同書
番付
通年
七氏
高遠
東口
回付
原宿
種島
花波
早割
点間
測量
議席
船便
乱丁
敵意
板的
麗前
必修
浪速
花園
豪族
人後
研削
鉱業
判事
畳屋
嬢花
催事
局長
東月
読破
何百
国生
大書
態様
編組
寒川
如幻
長物
最聖
新解
戦列
松岡
改宗
相生
本号
通風
奥義
所期
対向
目星
土星
社交
骨頂
渡米
表右
強弁
軸支
歩行
山師
馬場
天罰
迫真
宿通
修飾
大証
整数
輪島
森永
時季
言渡
森人
日天
王城
代決
器用
湿地
花主
神父
視認
宮殿
拠出
西湖
千人
降園
当番
講要
窓際
関税
黒衣
殺助
野暮
導出
相反
人問
断絶
耳目
等幕
岐部
林試
年一
障子
人等
活憲
塔頭
道東
内心
長介
回帰
地検
所論
部内
奉安
仕上
日毎
肥田
終期
回春
隆起
今道
取手
一辺
日淡
湖面
百万
作出
長栄
天板
遠鉄
区名
幼稚
中指
編物
新党
両腕
崎谷
編者
激売
即効
井手
端株
開口
便可
板長
気球
御中
諸相
一丁
独女
降格
追贈
余興
楽書
便名
酒気
三空
水城
劇作
特大
茶匠
積読
際気
奉公
公用
四魂
校則
駐輪
気味
幸村
岩場
木質
売伝
人魚
牛角
念仏
客席
単話
雅楽
奥州
正覚
高考
青鬼
金髪
早雲
証取
岩田
焼物
今野
類例
施本
高給
恋空
痛打
大矢
地層
退避
相対
根元
競輪
余熱
三線
当寺
開議
神曲
母方
博徒
信託
内規
自首
当省
脂質
東欧
母友
果肉
青竹
物音
美品
台東
進士
参集
設問
路傍
茶香
市名
謝恩
別記
対日
月賦
近似
霊験
御名
木曜
御身
味出
長屋
度胸
喜寿
三時
度数
底部
鎖場
百五
松井
黒崎
類型
首輪
福利
西欧
我家
受益
弓張
日通
水位
画題
静内
独白
南方
丘駅
堅固
性態
能書
御時
音源
華彩
異端
宮本
前見
深部
時君
銀様
騎乗
背丈
遠因
昼前
雅子
海音
深謝
話芸
勝算
心外
車板
糖質
葉柄
遠隔
店屋
標柱
損得
発効
素質
小径
比丘
白米
山手
丸赤
別子
内角
久美
房州
春風
館長
援用
調味
列伝
者久
外聞
竹中
美川
製錬
神等
遠出
新版
町内
名様
過労
町道
愚息
方途
桜君
旅券
直営
弱虫
由紀
立設
官渡
掲揚
御旗
性欲
歌星
小話
宿人
減算
岩沼
石焼
素養
画廊
枯死
八八
図画
百名
染髪
曲面
会期
宿金
至宝
差違
筋道
所領
縦断
黄門
遊佐
内助
月浜
真悟
心持
飯田
桃屋
術後
戦記
毛糸
同筋
状元
間柄
鹿行
福交
恩義
溶接
丸裸
敗軍
目白
宇治
等長
七匹
何匹
静的
割譲
見地
月宮
廉価
邪笑
一事
文教
関医
尊顔
室根
肝高
油性
郵政
道警
保谷
郵趣
電卓
神宮
大物
天平
親愛
宿曜
掘削
果無
就農
速記
岡内
直交
業等
天主
男鹿
虚弱
天女
快気
稚内
通所
小中
松島
日森
甘木
数本
前略
助勤
後門
桜庭
単体
先取
降雪
戦意
森氏
田代
在中
自供
直子
存否
波動
家宝
一利
夜行
翌休
娘婿
実効
摘示
岩崎
当町
母屋
上階
常況
光等
横板
麗剣
市京
大特
加茂
武骨
本心
往年
秘所
顔旬
終局
旅春
別欄
塗仏
野辺
戦評
肥満
宿関
天恵
長町
永利
優子
小玉
急伸
接写
者等
名等
稲沢
朝寝
社殿
春節
基幹
三春
他局
反魔
親日
終日
京方
名札
卑近
王者
無地
尿管
後宮
高等
純正
胃袋
譲与
雪塩
水滴
峰本
飯能
特産
大損
風雪
魚種
完品
聴力
最愛
早世
勝毎
胃部
分霊
総意
文言
式辞
陶酔
悪酔
徳永
東書
小学
御湯
桜子
銀賞
辞世
一組
憎悪
接戦
糸田
団結
公道
分際
原口
泉区
捕鯨
白井
近視
座間
安室
舞姫
生鮮
節水
重賞
比良
全馬
多勢
宿松
治承
雑煮
転院
退却
七鉄
親技
興亡
郷田
高永
散骨
常態
夢色
月見
書道
略儀
素案
愛西
受検
拝観
霧状
高田
何曲
各区
国歌
健人
地頭
拘置
語法
有能
結審
高月
公記
巻号
七月
陽炎
野仏
服地
妙音
氷解
善処
新地
野外
気位
紙器
捕縛
着弾
身上
上段
鉛色
元凶
埋立
役名
全日
墓穴
抜型
識見
香住
図星
道草
劇画
半数
時血
外敵
即興
安寿
農政
心強
御校
事理
新上
余命
大河
取水
予兆
幽霊
参観
樹高
当接
心霊
御堂
名調
人多
出町
悲恋
盛付
切替
号室
方円
稲葉
雑味
特船
作庭
細目
白石
地山
熊取
火宅
青銅
学名
奪回
船長
大田
陽日
男装
結界
赤本
専決
七色
早鐘
脈略
天音
減弱
使徒
御祝
愚言
沿岸
一話
灰色
幸楽
両足
湯村
二条
姿月
真上
空海
出石
取説
超遅
清泉
袋田
吸入
新訳
王女
発付
住設
浜坂
勝数
大名
塊魂
浮揚
西隣
太刀
就労
指紋
魔界
体中
茂庭
都電
終幕
山岡
後年
遠望
直腸
宿奥
真赤
論調
武沢
血族
鑑別
架装
悪玉
常勝
夜光
協和
国是
内村
旧令
団子
大罪
新座
休刊
何方
吹割
東名
一巡
小豆
乱射
仁科
元若
利休
気道
今着
小諸
古賀
赤子
原初
豚足
春原
春秋
学外
字音
脱退
退団
花柄
真打
歌曲
翻唱
直販
経本
羽織
農林
秋空
補任
河合
皇居
同州
咲夜
気比
義経
夜店
日用
情動
瀬波
爆春
雪道
看過
印加
海自
来所
恵沢
狂気
皆川
東進
路程
片足
連係
天重
専売
強気
消印
諸氏
白扇
相模
若草
木像
往時
話帳
屋形
赤裸
十八
唐土
武田
図式
謀殺
決裂
日夜
無煙
中延
高専
極東
木星
池田
金庫
親権
対照
何語
調合
与信
小羊
白木
五歳
喜多
付勢
登板
会友
蔵人
極楽
小峰
慢心
真説
当主
快朝
米沢
交戦
論評
順守
枯葉
残数
御所
初等
宿新
手入
音量
気勢
川田
愛佳
水田
海側
朝感
天城
平取
書写
県北
含意
甘党
総評
水星
出所
心胆
今旬
女帝
読本
卵子
内湯
死海
常山
保釈
具現
上毛
佐久
皇統
別注
病没
空転
長又
画楽
香西
雅道
木戸
急襲
女史
特日
誤射
手相
竹布
大帝
重鎮
直列
形質
証人
破却
北谷
万物
寒風
温室
発砲
倍数
密輸
青山
湖東
暖気
洗顔
原始
既定
潮騒
頭重
真顔
特記
里芋
修練
水揚
群像
前傾
同曲
提灯
乗務
農産
会則
根性
生首
竹材
決起
納骨
舞闘
校門
郵貯
固体
侵襲
年輩
引換
浸潤
並存
勇姿
金崎
深紅
十割
手錠
崩落
海域
文法
砂浜
風雅
権原
刑期
東隣
肥大
梅和
羽生
東奥
戸田
健指
修学
天子
好奇
恩師
五右
福証
花弁
国字
白光
残余
豊田
対訳
他券
敵兵
相馬
皇位
絵柄
早計
前泊
豊作
損壊
日米
暗門
皆氏
礼央
花子
保温
八瀬
大儀
樹脂
造作
調律
里子
守口
紀子
無敵
片天
重野
秋味
主管
徳利
裏山
一審
宇部
零戦
延伸
表出
造船
怪談
外福
緑風
民国
芸名
孤宿
組込
真昼
九月
回送
風人
権益
裸族
分量
立言
重陽
生粋
京風
自費
転戦
美髪
賢島
国保
端部
公印
酒泉
名文
巨匠
総数
黒板
鳥見
七志
岩瀬
旅作
湯峡
肥育
布石
希少
右脳
林家
秘法
教圏
尾白
南派
山寺
浜崎
湯湯
行情
無塩
金封
命式
三十
橋場
素体
上原
胃酸
快獣
勉学
円盤
光速
超人
水月
小石
詠唱
陶芸
三脚
日獲
足立
療法
加除
東商
成虫
敬称
歌川
町屋
福田
貴船
山霊
再販
宿姫
山名
嘱託
古事
兄様
力作
仏和
教本
粉状
実名
本旨
頭狂
土湯
飯山
上尾
弁天
隠岐
軍備
京大
右足
朝霧
月様
天山
止揚
軍人
利水
高雄
月光
本例
追録
戒壇
生長
正品
北見
販路
向日
興南
雌雄
異装
財物
濃霧
共益
校庭
帰港
加久
居館
通読
千舟
三次
二部
乱文
減速
古馬
王権
手記
五回
拓海
樹液
日工
童謡
貨物
架橋
始値
政局
五十
冬至
代休
東軍
警句
塩崎
御前
優占
代官
当否
金印
岸家
神去
黒山
欠号
破目
水庭
悪果
聖職
馬尺
演場
並木
諸元
入封
霊感
札証
結語
両日
実食
野性
春高
信者
名著
馬力
岡本
犬種
山久
順応
選人
理音
原田
管内
厚着
解同
十日
法被
所望
本命
秀丸
六年
辛子
和犬
魔物
横幅
虚構
古希
金城
豊科
隊列
焼却
内宮
極粋
血脈
野心
外車
北野
宮口
転出
手打
対価
京滋
次月
密会
波導
業火
忌避
株券
遠投
監護
今昔
料別
聖堂
打率
陰険
鳴潮
実体
対語
食害
超爆
康博
連句
毛利
諸島
名鉄
新手
由布
超級
森見
分化
六景
公社
松野
哀歓
三代
大貫
守谷
合羽
色彩
服着
令嬢
玉置
夕景
大衆
夏得
完勝
恵方
美通
父子
竹八
小声
行幸
回目
幻香
単一
名将
花巻
今読
逃避
有限
受命
感傷
積層
新鋭
減収
丸東
名乗
下請
着順
暗黒
副詞
端正
去就
張子
生花
日照
駐機
傍題
刈谷
出玉
宿山
節句
星里
先着
可変
造本
判型
草案
親玉
高峰
実妹
虚勢
新旧
赤松
点画
平板
木六
研心
常口
草刈
完遂
世耕
草書
西武
炭鉱
連語
略語
勉三
難解
頭語
転帰
医業
簡便
増補
広東
気付
帳票
協調
大敵
電球
多志
三島
秋月
足首
霧降
脱落
貴女
魂胆
流罪
瀬音
更正
東川
印欄
総量
天孝
餓死
超超
抑揚
日医
経絡
頭付
生写
和牛
湯一
赤面
新窓
小平
参宮
鳴海
独標
境港
詰問
酒蔵
善悪
潮時
梅屋
左胸
益城
県土
腐食
弾力
試弾
群青
三名
特攻
相関
最古
中級
創元
一代
幼虫
潮彩
自著
政経
若狭
胸中
増刊
付訓
私男
絹谷
比類
悪戯
連鎖
制汗
直下
休館
高野
兼用
浅間
他市
伏字
理学
休会
供託
内服
霧島
静音
松葉
封殺
暴君
同国
名代
月姫
赤穂
後段
激辛
同業
徳重
万座
西条
水痘
各板
土砂
牧神
神酒
貴石
買替
長尺
神代
西軍
都営
真冬
所産
変態
祖谷
催促
外周
鼻血
伝言
文京
海運
港湾
盆休
絵伝
隆盛
退所
五足
倉田
啓太
座面
長浜
竹取
戒告
極寒
茶山
桜肉
船内
徴兵
乳首
文月
遭難
軍命
実刑
自走
滅却
角質
胃液
貴殿
干満
度量
歓心
絶世
老体
角田
鋼材
焼成
両党
甘言
前納
織田
後生
労作
接合
陰性
脳炎
天明
巨額
地魚
形的
久本
図副
道南
意気
鼻息
区長
留去
丘陵
向島
根室
川口
修景
断裂
羽島
種袋
清里
立件
局前
数枚
終点
聖魔
投降
節操
竹芝
中原
易経
最多
秘話
牧草
五万
夏季
電設
歳費
真裏
下京
地底
追補
週報
黄河
寸分
陽未
大高
優待
含蓄
国税
鉄分
与野
父方
草型
三面
久賀
電飾
来庁
品目
練体
静鉄
痛車
風刺
林床
炎翼
入道
一巻
前示
花実
密度
山地
生家
肩口
万引
知力
名門
生態
甘受
工学
豊島
南極
精油
者様
氷上
知花
減益
丸秘
声楽
香風
競泳
私学
高覧
海洋
見込
我社
打線
花壇
適否
骨格
手染
門前
競演
原書
春香
飼主
華厳
爆撃
転覆
極言
分速
定数
障壁
前給
尾上
芸大
城下
寝袋
天上
狂卓
舞踊
仲裁
豊中
連理
店先
旅路
卒園
足尾
小神
旬彩
秋葉
本筋
夫板
代入
金満
中里
寸胴
志賀
本賞
合歓
水運
中型
石黒
図略
当誌
電人
朱月
二役
保湿
天保
死因
親父
護神
各道
日帝
深川
講読
古着
玉子
大層
戦勝
愛花
札所
極真
空襲
銀冠
示談
真逆
旧道
古参
両性
下野
隣地
色味
桑田
貸付
多重
太臓
有野
山旅
魔宮
矢板
公家
室料
魚一
相川
肉厚
慈悲
中田
遊離
名画
夢想
遠野
前例
失禁
奮発
二択
朝露
不潔
仏事
役場
秘境
名宿
超旬
本問
本図
留言
粘度
落合
門野
読人
法定
約定
寸評
与力
物品
大成
無精
蔵元
祝典
人選
赤心
密命
捕球
北限
同隊
震災
通期
毒気
波頭
援護
通商
小沼
弟分
軸馬
激甘
等価
星尾
河内
三宅
住友
右奥
書生
清村
外信
極選
事何
解毒
春菜
生島
白湯
今池
安土
家出
指宿
薄目
時効
毛毛
陽毛
虚言
原形
正室
中海
一歳
忠経
水出
葉酸
光久
町民
七里
家老
優劣
参陣
八男
不吉
令達
欠失
符合
厳格
処木
寝覚
犬用
逆流
旧作
舞曲
歯痛
野並
急病
装丁
演習
発狂
押絵
鉄線
合金
行基
館山
用土
稲荷
着生
沿道
陸稲
劇薬
不信
肩幅
百度
井出
日進
鬼平
水銀
美湯
宮井
広重
寺田
調布
分納
天照
放心
不朽
減便
失効
消毒
化物
座談
電送
点火
牧師
孤児
建具
福生
皆勤
魔剣
重刷
希釈
順延
実母
真否
話出
週日
南米
由縁
歯周
鉄粉
成都
米寿
心旅
海女
退居
百舌
動漫
宿季
宿坊
継投
論陣
七味
三回
千堂
対馬
議院
車線
額等
十七
古来
依代
天宿
隔週
座金