不動産
不思議
関係者
具体的
管理者
管理人
利用者
手数料
参加者
初心者
積極的
取引法
労働者
協議会
飛行機
社会的
商店街
自治体
自動的
時間帯
最終的
交差点
説明会
英会話
観光客
定期的
世界的
全体的
最大級
不具合
記念日
体験談
一時的
不安定
卒業生
代表的
最終日
小児科
観光地
科学的
受付中
結果的
満足度
単行本
会議室
副作用
目的地
公民館
客観的
調味料
原材料
海水浴
受験生
生産者
一方的
卒業後
全国的
参院選
市議会
百貨店
希望者
会議所
連合会
特産品
料理店
周波数
説明書
根本的
世界観
英数字
今週末
合理的
記念館
大自然
共和国
不自由
大浴場
不自然
植民地
農産物
選挙区
不十分
卒業式
決定的
科学省
法改正
未成年
一昨年
物理的
画期的
機関車
使用料
理想的
不気味
最前線
全面的
時間的
意図的
最高級
助成金
共同体
放課後
無農薬
長期的
歯周病
主観的
消化器
副会長
文化的
加害者
給付金
食料品
完成度
自治会
昨年度
小説家
自主的
記念品
不定期
県議会
共通点
体験者
参考書
不景気
競争力
健康的
競馬場
主治医
不良品
不登校
工芸品
協力者
本会議
相対的
飛行場
計画的
決勝戦
年度末
登録者
生徒会
加工品
対照的
生産量
必然的
当選者
参考人
部分的
最上階
司令官
産業省
人間的
最新作
交付金
初対面
心理的
料理人
望遠鏡
初登場
不都合
勉強法
定例会
医学的
相続人
機械的
成人式
料金表
試写会
不器用
最下位
大成功
初体験
不完全
料理屋
感動的
住民票
先週末
配信中
印刷用
低学年
昨年末
利用料
改正前
法学部
仲間達
交通量
入場料
借入金
散歩道
古民家
近代的
愛好家
加入者
試合後
助手席
無料化
労働力
天然石
不用品
仲間内
祝祭日
自然界
計算機
肉体的
司会者
新感覚
会社法
実用的
説明文
新生児
使用量
達成感
集大成
印刷物
熱帯魚
主体的
自発的
不細工
議事録
満足感
作成者
予算案
先住民
差別化
国民的
料理長
議定書
大好物
出席者
実験的
司令部
英語力
指定席
日本的
運転席
児童館
消極的
不必要
主成分
先着順
朝食付
未入力
海産物
身体的
最終戦
軽量化
同好会
対照表
戦時中
愛国心
無関心
最大手
一戸建
最重要
民主化
開放的
副社長
不特定
化学的
地理的
試験場
中国産
人工的
安定的
軍事力
公式戦
英単語
電話機
悪天候
試合前
受給者
不信感
失業者
希望日
不公平
発電機
好感度
連合軍
海兵隊
自治法
生理的
送受信
試合中
産業界
要望書
立体的
持続的
加速度
各方面
多目的
受験者
無差別
軍事的
市長選
古典的
雪景色
重点的
力不足
運動量
無人島
副大臣
法人化
信号機
近未来
先入観
具体例
初年度
数種類
未登録
今月末
集中的
土産物
初勝利
実体験
高周波
静電気
人民元
大辞典
小松菜
変化球
好意的
原産地
残業代
最年少
季節感
外交官
直感的
有機物
交流戦
表面的
心不全
受信料
便利屋
自然体
民主的
先進的
飲料水
別世界
不参加
自由席
短期的
未完成
最上級
学芸員
実験室
管理局
給湯器
流星群
人類学
積立金
初期化
送別会
水産業
副都心
地元民
打楽器
有料化
水産物
案内人
新記録
小料理
静止画
音楽的
祝賀会
功労者
形式的
森林浴
成功者
国内産
受信機
石材店
文例集
決議案
受話器
料金所
平和的
地下街
中心街
通話料
体力的
衣料品
家庭的
業種別
副議長
歌合戦
茶飯事
例外的
投票所
送付先
差別的
見積書
反省会
旅客機
消火器
機関紙
着色料
合法的
試作品
通信社
最終章
町議会
薬事法
天然水
人道的
競走馬
道徳的
歌唱力
手料理
選挙戦
道案内
二輪車
不本意
未発表
多角的
不平等
愛好者
試運転
人気順
給料日
出産後
固定化
機械化
大道芸
機動隊
真空管
多面的
日本兵
管理下
選挙法
病害虫
地元産
月例会
民芸品
無気力
陸上部
不人気
連続的
人生観
寒冷地
成果物
後始末
連合国
消化管
別料金
時間差
見聞録
児童書
利用客
定量的
機動力
楽観的
原風景
記録的
伝言板
原住民
原始的
会議場
有機的
赤信号
会議録