大丈夫
一般的
高齢者
結婚式
比較的
被害者
投稿者
圧倒的
違和感
薬剤師
朝鮮人
販売店
連絡先
首都圏
和菓子
紫外線
精一杯
医療費
皮膚科
一般人
敷地内
漫画家
信頼性
高齢化
最先端
無添加
格闘技
耐久性
継続的
好奇心
微生物
長距離
活躍中
戦闘機
攻撃力
影響力
吹奏楽
腕時計
特徴的
香具師
大震災
申込書
後継者
魚介類
途上国
応援団
最高峰
最優秀
悪影響
販売中
添加物
必需品
自販機
広範囲
接着剤
乾燥機
遠距離
量販店
被告人
洋菓子
透明感
河川敷
致命的
交響曲
不透明
後援会
記入欄
避難所
岩盤浴
販売機
寝不足
更年期
住環境
要介護
扇風機
吸血鬼
本拠地
療法士
義援金
離乳食
年齢層
紹介状
体脂肪
証拠金
老朽化
治療薬
透明度
被災者
冒険者
脂肪酸
飛躍的
被写体
紙芝居
販売元
執行部
監査役
二十歳
浮世絵
連載中
爆発的
抜本的
舞台裏
攻撃的
状況下
実店舗
添乗員
驚異的
備考欄
刺激的
記憶力
脚本家
晩御飯
防波堤
歳時記
含有量
抗酸化
御用達
被災地
入浴剤
奇跡的
連絡会
治療費
支援者
大冒険
歌謡曲
優秀賞
被爆者
占星術
変更点
振興会
微粒子
執筆者
床面積
婚約者
全般的
殺虫剤
破壊力
象徴的
介護者
医療用
透明性
信頼度
与野党
支援法
更新日
近距離
環状線
普段着
距離感
幾何学
皮膚病
維持費
小惑星
販売者
活性剤
和太鼓
派遣先
急斜面
大御所
取扱店
玄関先
一般道
普通科
慢性的
握手会
熱狂的
水溶液
人為的
攻略本
乾電池
抵抗力
水溶性
育毛剤
報道陣
被疑者
最南端
短距離
申込者
抵当権
信頼感
到着日
不起訴
普通車
応援歌
戦闘中
格闘家
即戦力
歓迎会
年齢的
先駆者
販売業
贈答用
販売所
最後尾
贈答品
大先輩
宿泊先
依存性
脱衣所
恐怖心
抵抗性
彼岸花
半透明
優越感
黙示録
目撃者
狂犬病
除草剤
警戒心
水彩画
特攻隊
被験者
更衣室
介護職
都市圏
販売員
劣等感
即売会
爆撃機
鑑定士
戦闘力
結婚後
宿泊客
民俗学
更新料
療養費
大富豪
疲労感
高脂血
違法性
耐震性
縁起物
女性陣
装飾品
傾斜地
関西圏
宿泊日
御存知
目一杯
巨人戦
最北端