雰囲気
化粧品
廃棄物
選択肢
韓国人
診療所
徹底的
症候群
歌舞伎
感染症
偏差値
花粉症
洗濯機
学習塾
履歴書
認知症
披露宴
購入者
懇親会
懇談会
核兵器
韓国語
大相撲
実践的
洗濯物
奨学金
不祥事
不愉快
妊娠中
顕微鏡
化粧水
潜水艦
前立腺
循環器
熱中症
自閉症
依存症
垣間見
後遺症
本塁打
柔軟性
名探偵
免疫力
蛍光灯
風呂敷
甲状腺
風呂場
大吟醸
股関節
普遍的
駄菓子
脳梗塞
不妊症
合併症
乳酸菌
詐欺師
処方箋
恐怖症
消耗品
准教授
哺乳類
診療科
関節症
核実験
浄化槽
管弦楽
循環型
包括的
大雑把
多汗症
診断書
顎関節
悪循環
剰余金
修羅場
妥当性
挑戦者
野良猫
神経症
不謹慎
爽快感
盲導犬
椎間板
充実感
治癒力
診断士
子守唄
太極拳
稽古場
肖像権
肖像画
死刑囚
浄水器
捜査官
肯定的
擬人化
吟醸酒
不眠症
充電器
賠償金
鍋料理
駆逐艦
加齢臭
睡眠薬
核燃料
機関銃
大腸菌
恣意的
駐屯地
沖縄戦
清浄機
診察室
訴訟法
倫理的
発泡酒
弦楽器
亜熱帯
麻酔科
探偵団
統廃合
無償化
羞恥心
若旦那
頭蓋骨
狭心症
不明瞭
覚醒剤
二塁打
腎不全
核融合
患者数
核武装
硬化症
表彰台
親子丼
呉服店
浄水場